#
# There is insufficient memory for the Java Runtime Environment to continue.
# Native memory allocation (malloc) failed to allocate 433936 bytes for Chunk::new
# Possible reasons:
#   The system is out of physical RAM or swap space
#   In 32 bit mode, the process size limit was hit
# Possible solutions:
#   Reduce memory load on the system
#   Increase physical memory or swap space
#   Check if swap backing store is full
#   Use 64 bit Java on a 64 bit OS
#   Decrease Java heap size (-Xmx/-Xms)
#   Decrease number of Java threads
#   Decrease Java thread stack sizes (-Xss)
#   Set larger code cache with -XX:ReservedCodeCacheSize=
# This output file may be truncated or incomplete.
#
#  Out of Memory Error (allocation.cpp:390), pid=6632, tid=6064
#
# JRE version: Java(TM) SE Runtime Environment (8.0_31-b13) (build 1.8.0_31-b13)
# Java VM: Java HotSpot(TM) 64-Bit Server VM (25.31-b07 mixed mode windows-amd64 compressed oops)
# Failed to write core dump. Minidumps are not enabled by default on client versions of Windows
#

---------------  T H R E A D  ---------------

Current thread (0x00000000551c7000):  JavaThread "C2 CompilerThread0" daemon [_thread_in_native, id=6064, stack(0x0000000056a10000,0x0000000056b10000)]

Stack: [0x0000000056a10000,0x0000000056b10000]
Native frames: (J=compiled Java code, j=interpreted, Vv=VM code, C=native code)
V  [jvm.dll+0x3169ba]


Current CompileTask:
C2:   6320 1481       4       com.android.dx.ssa.LiteralOpUpgrader::tryReplacingWithConstant (161 bytes)


---------------  P R O C E S S  ---------------

Java Threads: ( => current thread )
  0x0000000056ed9800 JavaThread "pool-2-thread-4" [_thread_blocked, id=6292, stack(0x0000000058060000,0x0000000058160000)]
  0x0000000056fb1800 JavaThread "pool-2-thread-3" [_thread_blocked, id=3628, stack(0x0000000057e40000,0x0000000057f40000)]
  0x0000000057001800 JavaThread "pool-2-thread-2" [_thread_blocked, id=1104, stack(0x0000000057d20000,0x0000000057e20000)]
  0x0000000057004800 JavaThread "pool-3-thread-1" [_thread_blocked, id=6256, stack(0x0000000057b80000,0x0000000057c80000)]
  0x0000000056f11800 JavaThread "pool-2-thread-1" [_thread_blocked, id=6424, stack(0x00000000579f0000,0x0000000057af0000)]
  0x0000000056cbd000 JavaThread "Service Thread" daemon [_thread_blocked, id=5400, stack(0x0000000011f10000,0x0000000012010000)]
  0x00000000551cd000 JavaThread "C1 CompilerThread2" daemon [_thread_blocked, id=1092, stack(0x0000000056b50000,0x0000000056c50000)]
  0x00000000551cb000 JavaThread "C2 CompilerThread1" daemon [_thread_in_native, id=2220, stack(0x00000000566c0000,0x00000000567c0000)]
=>0x00000000551c7000 JavaThread "C2 CompilerThread0" daemon [_thread_in_native, id=6064, stack(0x0000000056a10000,0x0000000056b10000)]
  0x00000000551c3800 JavaThread "Attach Listener" daemon [_thread_blocked, id=940, stack(0x0000000056820000,0x0000000056920000)]
  0x00000000551c2000 JavaThread "Signal Dispatcher" daemon [_thread_blocked, id=6316, stack(0x00000000565a0000,0x00000000566a0000)]
  0x0000000055166800 JavaThread "Finalizer" daemon [_thread_blocked, id=3684, stack(0x0000000056120000,0x0000000056220000)]
  0x000000005515b800 JavaThread "Reference Handler" daemon [_thread_blocked, id=6072, stack(0x00000000563b0000,0x00000000564b0000)]
  0x00000000020ee000 JavaThread "main" [_thread_in_native, id=5684, stack(0x0000000002410000,0x0000000002510000)]

Other Threads:
  0x0000000055158000 VMThread [stack: 0x0000000056220000,0x0000000056320000] [id=5960]
  0x0000000056cbe800 WatcherThread [stack: 0x0000000057090000,0x0000000057190000] [id=2108]

VM state:not at safepoint (normal execution)

VM Mutex/Monitor currently owned by a thread: None

Heap:
 PSYoungGen      total 18944K, used 5336K [0x00000000eab00000, 0x00000000ed000000, 0x0000000100000000)
  eden space 16384K, 17% used [0x00000000eab00000,0x00000000eadb9518,0x00000000ebb00000)
  from space 2560K, 99% used [0x00000000ebb00000,0x00000000ebd7cd10,0x00000000ebd80000)
  to   space 2560K, 0% used [0x00000000ecd80000,0x00000000ecd80000,0x00000000ed000000)
 ParOldGen       total 44032K, used 5897K [0x00000000c0000000, 0x00000000c2b00000, 0x00000000eab00000)
  object space 44032K, 13% used [0x00000000c0000000,0x00000000c05c2498,0x00000000c2b00000)
 Metaspace       used 6053K, capacity 7024K, committed 7296K, reserved 1056768K
  class space    used 588K, capacity 616K, committed 640K, reserved 1048576K

Card table byte_map: [0x0000000011ba0000,0x0000000011db0000] byte_map_base: 0x00000000115a0000

Marking Bits: (ParMarkBitMap*) 0x000000006c5cd4f0
 Begin Bits: [0x00000000125d0000, 0x00000000135d0000)
 End Bits:   [0x00000000135d0000, 0x00000000145d0000)

Polling page: 0x0000000000230000

CodeCache: size=245760Kb used=6218Kb max_used=6218Kb free=239541Kb
 bounds [0x00000000027e0000, 0x0000000002e00000, 0x00000000117e0000]
 total_blobs=1733 nmethods=1470 adapters=178
 compilation: enabled

Compilation events (10 events):
Event: 6.281 Thread 0x00000000551cd000 1491       3       com.android.dx.ssa.back.SsaToRop$PhiVisitor::visitPhiInsn (67 bytes)
Event: 6.282 Thread 0x00000000551cd000 nmethod 1491 0x0000000002def690 code [0x0000000002def8e0, 0x0000000002df0868]
Event: 6.283 Thread 0x00000000551cd000 1492       3       com.android.dx.rop.code.InsnList::contentEquals (54 bytes)
Event: 6.284 Thread 0x00000000551cd000 nmethod 1492 0x0000000002dee710 code [0x0000000002dee8e0, 0x0000000002def348]
Event: 6.286 Thread 0x00000000551cd000 1493       3       com.android.dx.rop.code.BasicBlockList$RegCountVisitor::visitThrowingInsn (6 bytes)
Event: 6.287 Thread 0x00000000551cd000 nmethod 1493 0x0000000002ddba10 code [0x0000000002ddbb80, 0x0000000002ddbd08]
Event: 6.300 Thread 0x00000000551cd000 1496  s    3       com.android.dx.dex.file.FieldIdsSection::intern (55 bytes)
Event: 6.301 Thread 0x00000000551cd000 nmethod 1496 0x0000000002df7d50 code [0x0000000002df7f60, 0x0000000002df8c08]
Event: 6.310 Thread 0x00000000551cd000 1497       3       com.android.dx.rop.code.ThrowingInsn::accept (8 bytes)
Event: 6.310 Thread 0x00000000551cd000 nmethod 1497 0x0000000002ddb590 code [0x0000000002ddb700, 0x0000000002ddb928]

GC Heap History (6 events):
Event: 2.910 GC heap before
{Heap before GC invocations=1 (full 0):
 PSYoungGen      total 18944K, used 16384K [0x00000000eab00000, 0x00000000ec000000, 0x0000000100000000)
  eden space 16384K, 100% used [0x00000000eab00000,0x00000000ebb00000,0x00000000ebb00000)
  from space 2560K, 0% used [0x00000000ebd80000,0x00000000ebd80000,0x00000000ec000000)
  to   space 2560K, 0% used [0x00000000ebb00000,0x00000000ebb00000,0x00000000ebd80000)
 ParOldGen       total 44032K, used 0K [0x00000000c0000000, 0x00000000c2b00000, 0x00000000eab00000)
  object space 44032K, 0% used [0x00000000c0000000,0x00000000c0000000,0x00000000c2b00000)
 Metaspace       used 5679K, capacity 6704K, committed 6784K, reserved 1056768K
  class space    used 587K, capacity 616K, committed 640K, reserved 1048576K
Event: 2.922 GC heap after
Heap after GC invocations=1 (full 0):
 PSYoungGen      total 18944K, used 2551K [0x00000000eab00000, 0x00000000ec000000, 0x0000000100000000)
  eden space 16384K, 0% used [0x00000000eab00000,0x00000000eab00000,0x00000000ebb00000)
  from space 2560K, 99% used [0x00000000ebb00000,0x00000000ebd7dc98,0x00000000ebd80000)
  to   space 2560K, 0% used [0x00000000ebd80000,0x00000000ebd80000,0x00000000ec000000)
 ParOldGen       total 44032K, used 1325K [0x00000000c0000000, 0x00000000c2b00000, 0x00000000eab00000)
  object space 44032K, 3% used [0x00000000c0000000,0x00000000c014b4a8,0x00000000c2b00000)
 Metaspace       used 5679K, capacity 6704K, committed 6784K, reserved 1056768K
  class space    used 587K, capacity 616K, committed 640K, reserved 1048576K
}
Event: 3.828 GC heap before
{Heap before GC invocations=2 (full 0):
 PSYoungGen      total 18944K, used 18935K [0x00000000eab00000, 0x00000000ec000000, 0x0000000100000000)
  eden space 16384K, 100% used [0x00000000eab00000,0x00000000ebb00000,0x00000000ebb00000)
  from space 2560K, 99% used [0x00000000ebb00000,0x00000000ebd7dc98,0x00000000ebd80000)
  to   space 2560K, 0% used [0x00000000ebd80000,0x00000000ebd80000,0x00000000ec000000)
 ParOldGen       total 44032K, used 1325K [0x00000000c0000000, 0x00000000c2b00000, 0x00000000eab00000)
  object space 44032K, 3% used [0x00000000c0000000,0x00000000c014b4a8,0x00000000c2b00000)
 Metaspace       used 5945K, capacity 6960K, committed 7040K, reserved 1056768K
  class space    used 588K, capacity 616K, committed 640K, reserved 1048576K
Event: 3.884 GC heap after
Heap after GC invocations=2 (full 0):
 PSYoungGen      total 18944K, used 2538K [0x00000000eab00000, 0x00000000ed000000, 0x0000000100000000)
  eden space 16384K, 0% used [0x00000000eab00000,0x00000000eab00000,0x00000000ebb00000)
  from space 2560K, 99% used [0x00000000ebd80000,0x00000000ebffaab8,0x00000000ec000000)
  to   space 2560K, 0% used [0x00000000ebb00000,0x00000000ebb00000,0x00000000ebd80000)
 ParOldGen       total 44032K, used 3338K [0x00000000c0000000, 0x00000000c2b00000, 0x00000000eab00000)
  object space 44032K, 7% used [0x00000000c0000000,0x00000000c0342988,0x00000000c2b00000)
 Metaspace       used 5945K, capacity 6960K, committed 7040K, reserved 1056768K
  class space    used 588K, capacity 616K, committed 640K, reserved 1048576K
}
Event: 5.624 GC heap before
{Heap before GC invocations=3 (full 0):
 PSYoungGen      total 18944K, used 18922K [0x00000000eab00000, 0x00000000ed000000, 0x0000000100000000)
  eden space 16384K, 100% used [0x00000000eab00000,0x00000000ebb00000,0x00000000ebb00000)
  from space 2560K, 99% used [0x00000000ebd80000,0x00000000ebffaab8,0x00000000ec000000)
  to   space 2560K, 0% used [0x00000000ebb00000,0x00000000ebb00000,0x00000000ebd80000)
 ParOldGen       total 44032K, used 3338K [0x00000000c0000000, 0x00000000c2b00000, 0x00000000eab00000)
  object space 44032K, 7% used [0x00000000c0000000,0x00000000c0342988,0x00000000c2b00000)
 Metaspace       used 6043K, capacity 7024K, committed 7296K, reserved 1056768K
  class space    used 588K, capacity 616K, committed 640K, reserved 1048576K
Event: 5.994 GC heap after
Heap after GC invocations=3 (full 0):
 PSYoungGen      total 18944K, used 2547K [0x00000000eab00000, 0x00000000ed000000, 0x0000000100000000)
  eden space 16384K, 0% used [0x00000000eab00000,0x00000000eab00000,0x00000000ebb00000)
  from space 2560K, 99% used [0x00000000ebb00000,0x00000000ebd7cd10,0x00000000ebd80000)
  to   space 2560K, 0% used [0x00000000ecd80000,0x00000000ecd80000,0x00000000ed000000)
 ParOldGen       total 44032K, used 5897K [0x00000000c0000000, 0x00000000c2b00000, 0x00000000eab00000)
  object space 44032K, 13% used [0x00000000c0000000,0x00000000c05c2498,0x00000000c2b00000)
 Metaspace       used 6043K, capacity 7024K, committed 7296K, reserved 1056768K
  class space    used 588K, capacity 616K, committed 640K, reserved 1048576K
}

Deoptimization events (10 events):
Event: 3.925 Thread 0x0000000056fb1800 Uncommon trap: reason=uninitialized action=reinterpret pc=0x0000000002c85f48 method=com.android.dx.cf.code.BytecodeArray.parseInstruction(ILcom/android/dx/cf/code/BytecodeArray$Visitor;)I @ 999
Event: 3.932 Thread 0x0000000056fb1800 Uncommon trap: reason=bimorphic action=maybe_recompile pc=0x00000000029e9d7c method=java.util.HashMap.getNode(ILjava/lang/Object;)Ljava/util/HashMap$Node; @ 126
Event: 3.932 Thread 0x0000000056fb1800 Uncommon trap: reason=class_check action=maybe_recompile pc=0x0000000002c4ce9c method=java.util.HashMap.putVal(ILjava/lang/Object;Ljava/lang/Object;ZZ)Ljava/lang/Object; @ 203
Event: 3.936 Thread 0x0000000056fb1800 Uncommon trap: reason=bimorphic action=maybe_recompile pc=0x00000000029e9d7c method=java.util.HashMap.getNode(ILjava/lang/Object;)Ljava/util/HashMap$Node; @ 126
Event: 3.936 Thread 0x0000000056fb1800 Uncommon trap: reason=class_check action=maybe_recompile pc=0x0000000002c4ce9c method=java.util.HashMap.putVal(ILjava/lang/Object;Ljava/lang/Object;ZZ)Ljava/lang/Object; @ 203
Event: 3.937 Thread 0x0000000056fb1800 Uncommon trap: reason=bimorphic action=maybe_recompile pc=0x00000000029e9d7c method=java.util.HashMap.getNode(ILjava/lang/Object;)Ljava/util/HashMap$Node; @ 126
Event: 3.937 Thread 0x0000000056fb1800 Uncommon trap: reason=class_check action=maybe_recompile pc=0x0000000002c4ce9c method=java.util.HashMap.putVal(ILjava/lang/Object;Ljava/lang/Object;ZZ)Ljava/lang/Object; @ 203
Event: 3.937 Thread 0x0000000056fb1800 Uncommon trap: reason=bimorphic action=maybe_recompile pc=0x00000000029e9d7c method=java.util.HashMap.getNode(ILjava/lang/Object;)Ljava/util/HashMap$Node; @ 126
Event: 3.937 Thread 0x0000000056fb1800 Uncommon trap: reason=class_check action=maybe_recompile pc=0x0000000002c4ce9c method=java.util.HashMap.putVal(ILjava/lang/Object;Ljava/lang/Object;ZZ)Ljava/lang/Object; @ 203
Event: 3.937 Thread 0x0000000056fb1800 Uncommon trap: reason=bimorphic action=maybe_recompile pc=0x00000000029e8f00 method=java.util.HashMap.getNode(ILjava/lang/Object;)Ljava/util/HashMap$Node; @ 126

Internal exceptions (10 events):
Event: 2.721 Thread 0x0000000056fb1800 Exception <a 'java/security/PrivilegedActionException'> (0x00000000eb533c50) thrown at [C:\workspace\8-2-build-windows-amd64-cygwin\jdk8u31\2394\hotspot\src\share\vm\prims\jvm.cpp, line 1312]
Event: 2.721 Thread 0x0000000056fb1800 Exception <a 'java/security/PrivilegedActionException'> (0x00000000eb536c38) thrown at [C:\workspace\8-2-build-windows-amd64-cygwin\jdk8u31\2394\hotspot\src\share\vm\prims\jvm.cpp, line 1312]
Event: 2.727 Thread 0x0000000056fb1800 Exception <a 'java/security/PrivilegedActionException'> (0x00000000eb5495d0) thrown at [C:\workspace\8-2-build-windows-amd64-cygwin\jdk8u31\2394\hotspot\src\share\vm\prims\jvm.cpp, line 1312]
Event: 2.729 Thread 0x0000000056f11800 Exception <a 'java/security/PrivilegedActionException'> (0x00000000eb5af540) thrown at [C:\workspace\8-2-build-windows-amd64-cygwin\jdk8u31\2394\hotspot\src\share\vm\prims\jvm.cpp, line 1312]
Event: 2.743 Thread 0x0000000057001800 Exception <a 'java/security/PrivilegedActionException'> (0x00000000eb481098) thrown at [C:\workspace\8-2-build-windows-amd64-cygwin\jdk8u31\2394\hotspot\src\share\vm\prims\jvm.cpp, line 1312]
Event: 2.759 Thread 0x0000000056f11800 Exception <a 'java/security/PrivilegedActionException'> (0x00000000eb5dfb70) thrown at [C:\workspace\8-2-build-windows-amd64-cygwin\jdk8u31\2394\hotspot\src\share\vm\prims\jvm.cpp, line 1312]
Event: 2.811 Thread 0x00000000020ee000 Exception <a 'java/security/PrivilegedActionException'> (0x00000000eb346258) thrown at [C:\workspace\8-2-build-windows-amd64-cygwin\jdk8u31\2394\hotspot\src\share\vm\prims\jvm.cpp, line 1312]
Event: 2.872 Thread 0x0000000056fb1800 Exception <a 'java/security/PrivilegedActionException'> (0x00000000eb9d4550) thrown at [C:\workspace\8-2-build-windows-amd64-cygwin\jdk8u31\2394\hotspot\src\share\vm\prims\jvm.cpp, line 1312]
Event: 2.952 Thread 0x00000000020ee000 Implicit null exception at 0x0000000002a8e493 to 0x0000000002a90539
Event: 3.107 Thread 0x00000000020ee000 Exception <a 'java/security/PrivilegedActionException'> (0x00000000ead38cc8) thrown at [C:\workspace\8-2-build-windows-amd64-cygwin\jdk8u31\2394\hotspot\src\share\vm\prims\jvm.cpp, line 1312]

Events (10 events):
Event: 4.134 Thread 0x0000000056fb1800 DEOPT PACKING pc=0x0000000002aac94d sp=0x0000000057f3ea70
Event: 4.134 Thread 0x0000000056fb1800 DEOPT UNPACKING pc=0x00000000028271bf sp=0x0000000057f3e850 mode 0
Event: 4.184 Thread 0x0000000056fb1800 DEOPT PACKING pc=0x0000000002aac94d sp=0x0000000057f3eb00
Event: 4.185 Thread 0x0000000056fb1800 DEOPT UNPACKING pc=0x00000000028271bf sp=0x0000000057f3e8e0 mode 0
Event: 4.207 Thread 0x0000000056fb1800 DEOPT PACKING pc=0x0000000002aac94d sp=0x0000000057f3e9e0
Event: 4.207 Thread 0x0000000056fb1800 DEOPT UNPACKING pc=0x00000000028271bf sp=0x0000000057f3e7c0 mode 0
Event: 4.459 Executing VM operation: EnableBiasedLocking
Event: 4.459 Executing VM operation: EnableBiasedLocking done
Event: 5.624 Executing VM operation: ParallelGCFailedAllocation
Event: 5.994 Executing VM operation: ParallelGCFailedAllocation done


Dynamic libraries:
0x000000013f8a0000 - 0x000000013f8d4000 	C:\Program Files\Java\jdk1.8.0_31\bin\java.exe
0x0000000077040000 - 0x00000000771eb000 	C:\Windows\SYSTEM32\ntdll.dll
0x0000000076e20000 - 0x0000000076f3f000 	C:\Windows\system32\kernel32.dll
0x000007fefd300000 - 0x000007fefd36b000 	C:\Windows\system32\KERNELBASE.dll
0x000007fefed30000 - 0x000007fefee0b000 	C:\Windows\system32\ADVAPI32.dll
0x000007feff070000 - 0x000007feff10f000 	C:\Windows\system32\msvcrt.dll
0x000007fefea90000 - 0x000007fefeaaf000 	C:\Windows\SYSTEM32\sechost.dll
0x000007fefe4c0000 - 0x000007fefe5ee000 	C:\Windows\system32\RPCRT4.dll
0x0000000076f40000 - 0x000000007703a000 	C:\Windows\system32\USER32.dll
0x000007feff110000 - 0x000007feff177000 	C:\Windows\system32\GDI32.dll
0x000007fefec30000 - 0x000007fefec3e000 	C:\Windows\system32\LPK.dll
0x000007fefe8e0000 - 0x000007fefe9aa000 	C:\Windows\system32\USP10.dll
0x000007fefbc20000 - 0x000007fefbe14000 	C:\Windows\WinSxS\amd64_microsoft.windows.common-controls_6595b64144ccf1df_6.0.7600.16385_none_fa645303170382f6\COMCTL32.dll
0x000007feff1a0000 - 0x000007feff211000 	C:\Windows\system32\SHLWAPI.dll
0x000007fefe640000 - 0x000007fefe66e000 	C:\Windows\system32\IMM32.DLL
0x000007fefe1a0000 - 0x000007fefe2a9000 	C:\Windows\system32\MSCTF.dll
0x000000006c690000 - 0x000000006c762000 	C:\Program Files\Java\jdk1.8.0_31\jre\bin\msvcr100.dll
0x000000006bdf0000 - 0x000000006c64a000 	C:\Program Files\Java\jdk1.8.0_31\jre\bin\server\jvm.dll
0x000007fef91e0000 - 0x000007fef91e9000 	C:\Windows\system32\WSOCK32.dll
0x000007fefe5f0000 - 0x000007fefe63d000 	C:\Windows\system32\WS2_32.dll
0x000007fefe670000 - 0x000007fefe678000 	C:\Windows\system32\NSI.dll
0x000007fefae00000 - 0x000007fefae3b000 	C:\Windows\system32\WINMM.dll
0x0000000077210000 - 0x0000000077217000 	C:\Windows\system32\PSAPI.DLL
0x0000000074210000 - 0x000000007421f000 	C:\Program Files\Java\jdk1.8.0_31\jre\bin\verify.dll
0x00000000741e0000 - 0x0000000074208000 	C:\Program Files\Java\jdk1.8.0_31\jre\bin\java.dll
0x00000000741c0000 - 0x00000000741d6000 	C:\Program Files\Java\jdk1.8.0_31\jre\bin\zip.dll
0x000007fefd370000 - 0x000007fefe0f6000 	C:\Windows\system32\SHELL32.dll
0x000007fefe2b0000 - 0x000007fefe4b1000 	C:\Windows\system32\ole32.dll
0x000007fefcfa0000 - 0x000007fefcfaf000 	C:\Windows\system32\profapi.dll

VM Arguments:
jvm_args: -Djava.awt.headless=true -Xmx1024M -Dfile.encoding=windows-1252 -Duser.country=US -Duser.language=en -Duser.variant 
java_command: com.android.dx.command.Main --dex --force-jumbo --num-threads=4 --multi-dex --output C:\Users\Eagle\AndroidStudioProjects\ArPoint\app\build\intermediates\transforms\dex\debug\folders\1000\10\com.android.support-recyclerview-v7-23.1.1_3f798f55a0c744bd687413372c18833c913651d9 C:\Users\Eagle\AndroidStudioProjects\ArPoint\app\build\intermediates\exploded-aar\com.android.support\recyclerview-v7\23.1.1\jars\classes.jar
java_class_path (initial): C:\Users\Eagle\AppData\Local\Android\sdk\build-tools\23.0.2\lib\dx.jar
Launcher Type: SUN_STANDARD

Environment Variables:
PATH=C:\ProgramData\Oracle\Java\javapath;C:\Program Files\Java\jdk1.8.0_31\bin\java.exe;C:\Program Files (x86)\Skype\Phone\
USERNAME=Eagle
OS=Windows_NT
PROCESSOR_IDENTIFIER=Intel64 Family 6 Model 42 Stepping 7, GenuineIntel



---------------  S Y S T E M  ---------------

OS: Windows 7 , 64 bit Build 7600 

CPU:total 4 (2 cores per cpu, 2 threads per core) family 6 model 42 stepping 7, cmov, cx8, fxsr, mmx, sse, sse2, sse3, ssse3, sse4.1, sse4.2, popcnt, clmul, ht, tsc, tscinvbit

Memory: 4k page, physical 4088768k(346896k free), swap 5984040k(5048k free)

vm_info: Java HotSpot(TM) 64-Bit Server VM (25.31-b07) for windows-amd64 JRE (1.8.0_31-b13), built on Dec 17 2014 21:00:28 by "java_re" with MS VC++ 10.0 (VS2010)

time: Tue Jul 26 00:17:44 2016
elapsed time: 6 seconds (0d 0h 0m 6s)

