#
# There is insufficient memory for the Java Runtime Environment to continue.
# Native memory allocation (malloc) failed to allocate 65552 bytes for Chunk::new
# Possible reasons:
#   The system is out of physical RAM or swap space
#   In 32 bit mode, the process size limit was hit
# Possible solutions:
#   Reduce memory load on the system
#   Increase physical memory or swap space
#   Check if swap backing store is full
#   Use 64 bit Java on a 64 bit OS
#   Decrease Java heap size (-Xmx/-Xms)
#   Decrease number of Java threads
#   Decrease Java thread stack sizes (-Xss)
#   Set larger code cache with -XX:ReservedCodeCacheSize=
# This output file may be truncated or incomplete.
#
#  Out of Memory Error (allocation.cpp:390), pid=6132, tid=6212
#
# JRE version: Java(TM) SE Runtime Environment (8.0_31-b13) (build 1.8.0_31-b13)
# Java VM: Java HotSpot(TM) 64-Bit Server VM (25.31-b07 mixed mode windows-amd64 compressed oops)
# Failed to write core dump. Minidumps are not enabled by default on client versions of Windows
#

---------------  T H R E A D  ---------------

Current thread (0x0000000054ed9000):  JavaThread "C2 CompilerThread1" daemon [_thread_in_native, id=6212, stack(0x0000000055ef0000,0x0000000055ff0000)]

Stack: [0x0000000055ef0000,0x0000000055ff0000]
Native frames: (J=compiled Java code, j=interpreted, Vv=VM code, C=native code)
V  [jvm.dll+0x3169ba]


Current CompileTask:
C2:   9413 1464 %     4       com.android.dx.ssa.SsaMethod::forEachBlockDepthFirst @ 129 (194 bytes)


---------------  P R O C E S S  ---------------

Java Threads: ( => current thread )
  0x0000000056bc3800 JavaThread "ë¡È‘À€À€À€À€À€À€(å‘ŽÀ€À€à¼¨á‘ŽÀ€À€àµˆá‘ŽÀ€À€À€À€À€À€À€À€À€À€À€À€À€À€À€À€À€À€À€À€À€À€À€À€À€À€ç‡¸ì€¬À€À€" [_thread_blocked, id=2180, stack(0x0000000057fc0000,0x00000000580c0000)]
  0x0000000056bc4800 JavaThread "pool-2-thread-3" [_thread_blocked, id=6308, stack(0x0000000057dc0000,0x0000000057ec0000)]
  0x0000000056c4a800 JavaThread "pool-2-thread-2" [_thread_blocked, id=6220, stack(0x0000000057c60000,0x0000000057d60000)]
  0x0000000056d1d000 JavaThread "pool-3-thread-1" [_thread_blocked, id=5940, stack(0x00000000579a0000,0x0000000057aa0000)]
  0x0000000056beb800 JavaThread "pool-2-thread-1" [_thread_blocked, id=5460, stack(0x0000000057ab0000,0x0000000057bb0000)]
  0x00000000569d5000 JavaThread "Service Thread" daemon [_thread_blocked, id=6696, stack(0x0000000056e60000,0x0000000056f60000)]
  0x0000000054edb000 JavaThread "C1 CompilerThread2" daemon [_thread_blocked, id=4320, stack(0x0000000056860000,0x0000000056960000)]
=>0x0000000054ed9000 JavaThread "C2 CompilerThread1" daemon [_thread_in_native, id=6212, stack(0x0000000055ef0000,0x0000000055ff0000)]
  0x0000000054ed5000 JavaThread "C2 CompilerThread0" daemon [_thread_in_native, id=6640, stack(0x0000000056740000,0x0000000056840000)]
  0x0000000054ed1800 JavaThread "Attach Listener" daemon [_thread_blocked, id=6636, stack(0x0000000056150000,0x0000000056250000)]
  0x0000000054ed0000 JavaThread "Signal Dispatcher" daemon [_thread_blocked, id=3996, stack(0x0000000056630000,0x0000000056730000)]
  0x0000000054e6e800 JavaThread "Finalizer" daemon [_thread_blocked, id=7160, stack(0x0000000056440000,0x0000000056540000)]
  0x0000000054e6b800 JavaThread "Reference Handler" daemon [_thread_blocked, id=3200, stack(0x0000000056250000,0x0000000056350000)]
  0x000000000225e000 JavaThread "main" [_thread_blocked, id=2400, stack(0x0000000002410000,0x0000000002510000)]

Other Threads:
  0x0000000054e68000 VMThread [stack: 0x0000000056050000,0x0000000056150000] [id=7052]
  0x00000000569da000 WatcherThread [stack: 0x0000000057010000,0x0000000057110000] [id=5236]

VM state:at safepoint (normal execution)

VM Mutex/Monitor currently owned by a thread:  ([mutex/lock_event])
[0x000000000225c110] Threads_lock - owner thread: 0x0000000054e68000
[0x000000000225c610] Heap_lock - owner thread: 0x0000000056bc3800

Heap:
 PSYoungGen      total 35328K, used 2545K [0x00000000eab00000, 0x00000000efe80000, 0x0000000100000000)
  eden space 32768K, 0% used [0x00000000eab00000,0x00000000eab00000,0x00000000ecb00000)
  from space 2560K, 99% used [0x00000000ecb00000,0x00000000ecd7c610,0x00000000ecd80000)
  to   space 16384K, 0% used [0x00000000eee80000,0x00000000eee80000,0x00000000efe80000)
 ParOldGen       total 44032K, used 41081K [0x00000000c0000000, 0x00000000c2b00000, 0x00000000eab00000)
  object space 44032K, 93% used [0x00000000c0000000,0x00000000c281e7c0,0x00000000c2b00000)
 Metaspace       used 5880K, capacity 6864K, committed 7040K, reserved 1056768K
  class space    used 568K, capacity 584K, committed 640K, reserved 1048576K

Card table byte_map: [0x0000000011ba0000,0x0000000011db0000] byte_map_base: 0x00000000115a0000

Marking Bits: (ParMarkBitMap*) 0x000000006c5cd4f0
 Begin Bits: [0x00000000122e0000, 0x00000000132e0000)
 End Bits:   [0x00000000132e0000, 0x00000000142e0000)

Polling page: 0x0000000000230000

CodeCache: size=245760Kb used=6166Kb max_used=6166Kb free=239593Kb
 bounds [0x00000000027e0000, 0x0000000002df0000, 0x00000000117e0000]
 total_blobs=1708 nmethods=1445 adapters=176
 compilation: enabled

Compilation events (10 events):
Event: 8.419 Thread 0x0000000054edb000 1484       2       java.util.concurrent.ThreadPoolExecutor::workerCountOf (5 bytes)
Event: 8.419 Thread 0x0000000054edb000 nmethod 1484 0x0000000002da0650 code [0x0000000002da07a0, 0x0000000002da08d0]
Event: 8.421 Thread 0x0000000054edb000 1485       2       com.android.dx.util.Hex::u2 (44 bytes)
Event: 8.422 Thread 0x0000000054edb000 nmethod 1485 0x0000000002db7950 code [0x0000000002db7ae0, 0x0000000002db7f38]
Event: 8.422 Thread 0x0000000054edb000 1486       2       com.android.dx.cf.code.OneLocalsArray::makeInitialized (55 bytes)
Event: 8.423 Thread 0x0000000054edb000 nmethod 1486 0x0000000002d9c310 code [0x0000000002d9c4a0, 0x0000000002d9c818]
Event: 8.426 Thread 0x0000000054ed5000 nmethod 1463 0x0000000002d9a2d0 code [0x0000000002d9a440, 0x0000000002d9a948]
Event: 8.426 Thread 0x0000000054ed5000 1472       4       com.android.dx.ssa.back.IdenticalBlockCombiner::combineBlocks (102 bytes)
Event: 8.437 Thread 0x0000000054edb000 1487       2       java.util.HashMap$HashIterator::<init> (79 bytes)
Event: 8.438 Thread 0x0000000054edb000 nmethod 1487 0x0000000002d99dd0 code [0x0000000002d99f40, 0x0000000002d9a1b0]

GC Heap History (10 events):
Event: 2.850 GC heap before
{Heap before GC invocations=2 (full 0):
 PSYoungGen      total 18944K, used 18919K [0x00000000eab00000, 0x00000000ec000000, 0x0000000100000000)
  eden space 16384K, 100% used [0x00000000eab00000,0x00000000ebb00000,0x00000000ebb00000)
  from space 2560K, 99% used [0x00000000ebb00000,0x00000000ebd79c88,0x00000000ebd80000)
  to   space 2560K, 0% used [0x00000000ebd80000,0x00000000ebd80000,0x00000000ec000000)
 ParOldGen       total 44032K, used 1254K [0x00000000c0000000, 0x00000000c2b00000, 0x00000000eab00000)
  object space 44032K, 2% used [0x00000000c0000000,0x00000000c0139aa8,0x00000000c2b00000)
 Metaspace       used 5760K, capacity 6736K, committed 7040K, reserved 1056768K
  class space    used 567K, capacity 584K, committed 640K, reserved 1048576K
Event: 2.863 GC heap after
Heap after GC invocations=2 (full 0):
 PSYoungGen      total 18944K, used 2535K [0x00000000eab00000, 0x00000000ec000000, 0x0000000100000000)
  eden space 16384K, 0% used [0x00000000eab00000,0x00000000eab00000,0x00000000ebb00000)
  from space 2560K, 99% used [0x00000000ebd80000,0x00000000ebff9c98,0x00000000ec000000)
  to   space 2560K, 0% used [0x00000000ebb00000,0x00000000ebb00000,0x00000000ebd80000)
 ParOldGen       total 44032K, used 2887K [0x00000000c0000000, 0x00000000c2b00000, 0x00000000eab00000)
  object space 44032K, 6% used [0x00000000c0000000,0x00000000c02d1cf8,0x00000000c2b00000)
 Metaspace       used 5760K, capacity 6736K, committed 7040K, reserved 1056768K
  class space    used 567K, capacity 584K, committed 640K, reserved 1048576K
}
Event: 3.633 GC heap before
{Heap before GC invocations=3 (full 0):
 PSYoungGen      total 18944K, used 18919K [0x00000000eab00000, 0x00000000ec000000, 0x0000000100000000)
  eden space 16384K, 100% used [0x00000000eab00000,0x00000000ebb00000,0x00000000ebb00000)
  from space 2560K, 99% used [0x00000000ebd80000,0x00000000ebff9c98,0x00000000ec000000)
  to   space 2560K, 0% used [0x00000000ebb00000,0x00000000ebb00000,0x00000000ebd80000)
 ParOldGen       total 44032K, used 2887K [0x00000000c0000000, 0x00000000c2b00000, 0x00000000eab00000)
  object space 44032K, 6% used [0x00000000c0000000,0x00000000c02d1cf8,0x00000000c2b00000)
 Metaspace       used 5823K, capacity 6800K, committed 7040K, reserved 1056768K
  class space    used 568K, capacity 584K, committed 640K, reserved 1048576K
Event: 3.789 GC heap after
Heap after GC invocations=3 (full 0):
 PSYoungGen      total 18944K, used 2545K [0x00000000eab00000, 0x00000000ed000000, 0x0000000100000000)
  eden space 16384K, 0% used [0x00000000eab00000,0x00000000eab00000,0x00000000ebb00000)
  from space 2560K, 99% used [0x00000000ebb00000,0x00000000ebd7c518,0x00000000ebd80000)
  to   space 2560K, 0% used [0x00000000ecd80000,0x00000000ecd80000,0x00000000ed000000)
 ParOldGen       total 44032K, used 6540K [0x00000000c0000000, 0x00000000c2b00000, 0x00000000eab00000)
  object space 44032K, 14% used [0x00000000c0000000,0x00000000c06630d8,0x00000000c2b00000)
 Metaspace       used 5823K, capacity 6800K, committed 7040K, reserved 1056768K
  class space    used 568K, capacity 584K, committed 640K, reserved 1048576K
}
Event: 4.440 GC heap before
{Heap before GC invocations=4 (full 0):
 PSYoungGen      total 18944K, used 18929K [0x00000000eab00000, 0x00000000ed000000, 0x0000000100000000)
  eden space 16384K, 100% used [0x00000000eab00000,0x00000000ebb00000,0x00000000ebb00000)
  from space 2560K, 99% used [0x00000000ebb00000,0x00000000ebd7c518,0x00000000ebd80000)
  to   space 2560K, 0% used [0x00000000ecd80000,0x00000000ecd80000,0x00000000ed000000)
 ParOldGen       total 44032K, used 6540K [0x00000000c0000000, 0x00000000c2b00000, 0x00000000eab00000)
  object space 44032K, 14% used [0x00000000c0000000,0x00000000c06630d8,0x00000000c2b00000)
 Metaspace       used 5827K, capacity 6800K, committed 7040K, reserved 1056768K
  class space    used 568K, capacity 584K, committed 640K, reserved 1048576K
Event: 4.610 GC heap after
Heap after GC invocations=4 (full 0):
 PSYoungGen      total 35328K, used 2538K [0x00000000eab00000, 0x00000000ed000000, 0x0000000100000000)
  eden space 32768K, 0% used [0x00000000eab00000,0x00000000eab00000,0x00000000ecb00000)
  from space 2560K, 99% used [0x00000000ecd80000,0x00000000ecffaa18,0x00000000ed000000)
  to   space 2560K, 0% used [0x00000000ecb00000,0x00000000ecb00000,0x00000000ecd80000)
 ParOldGen       total 44032K, used 12972K [0x00000000c0000000, 0x00000000c2b00000, 0x00000000eab00000)
  object space 44032K, 29% used [0x00000000c0000000,0x00000000c0cab170,0x00000000c2b00000)
 Metaspace       used 5827K, capacity 6800K, committed 7040K, reserved 1056768K
  class space    used 568K, capacity 584K, committed 640K, reserved 1048576K
}
Event: 5.680 GC heap before
{Heap before GC invocations=5 (full 0):
 PSYoungGen      total 35328K, used 35306K [0x00000000eab00000, 0x00000000ed000000, 0x0000000100000000)
  eden space 32768K, 100% used [0x00000000eab00000,0x00000000ecb00000,0x00000000ecb00000)
  from space 2560K, 99% used [0x00000000ecd80000,0x00000000ecffaa18,0x00000000ed000000)
  to   space 2560K, 0% used [0x00000000ecb00000,0x00000000ecb00000,0x00000000ecd80000)
 ParOldGen       total 44032K, used 12972K [0x00000000c0000000, 0x00000000c2b00000, 0x00000000eab00000)
  object space 44032K, 29% used [0x00000000c0000000,0x00000000c0cab170,0x00000000c2b00000)
 Metaspace       used 5833K, capacity 6800K, committed 7040K, reserved 1056768K
  class space    used 568K, capacity 584K, committed 640K, reserved 1048576K
Event: 6.278 GC heap after
Heap after GC invocations=5 (full 0):
 PSYoungGen      total 35328K, used 2556K [0x00000000eab00000, 0x00000000f0000000, 0x0000000100000000)
  eden space 32768K, 0% used [0x00000000eab00000,0x00000000eab00000,0x00000000ecb00000)
  from space 2560K, 99% used [0x00000000ecb00000,0x00000000ecd7f2e0,0x00000000ecd80000)
  to   space 10752K, 0% used [0x00000000ef580000,0x00000000ef580000,0x00000000f0000000)
 ParOldGen       total 44032K, used 19120K [0x00000000c0000000, 0x00000000c2b00000, 0x00000000eab00000)
  object space 44032K, 43% used [0x00000000c0000000,0x00000000c12ac108,0x00000000c2b00000)
 Metaspace       used 5833K, capacity 6800K, committed 7040K, reserved 1056768K
  class space    used 568K, capacity 584K, committed 640K, reserved 1048576K
}
Event: 7.938 GC heap before
{Heap before GC invocations=6 (full 0):
 PSYoungGen      total 35328K, used 35324K [0x00000000eab00000, 0x00000000f0000000, 0x0000000100000000)
  eden space 32768K, 100% used [0x00000000eab00000,0x00000000ecb00000,0x00000000ecb00000)
  from space 2560K, 99% used [0x00000000ecb00000,0x00000000ecd7f2e0,0x00000000ecd80000)
  to   space 10752K, 0% used [0x00000000ef580000,0x00000000ef580000,0x00000000f0000000)
 ParOldGen       total 44032K, used 19120K [0x00000000c0000000, 0x00000000c2b00000, 0x00000000eab00000)
  object space 44032K, 43% used [0x00000000c0000000,0x00000000c12ac108,0x00000000c2b00000)
 Metaspace       used 5853K, capacity 6800K, committed 7040K, reserved 1056768K
  class space    used 568K, capacity 584K, committed 640K, reserved 1048576K
Event: 8.332 GC heap after
Heap after GC invocations=6 (full 0):
 PSYoungGen      total 43520K, used 9457K [0x00000000eab00000, 0x00000000f0000000, 0x0000000100000000)
  eden space 32768K, 0% used [0x00000000eab00000,0x00000000eab00000,0x00000000ecb00000)
  from space 10752K, 87% used [0x00000000ef580000,0x00000000efebc5c8,0x00000000f0000000)
  to   space 2560K, 0% used [0x00000000ecb00000,0x00000000ecb00000,0x00000000ecd80000)
 ParOldGen       total 44032K, used 19120K [0x00000000c0000000, 0x00000000c2b00000, 0x00000000eab00000)
  object space 44032K, 43% used [0x00000000c0000000,0x00000000c12ac108,0x00000000c2b00000)
 Metaspace       used 5853K, capacity 6800K, committed 7040K, reserved 1056768K
  class space    used 568K, capacity 584K, committed 640K, reserved 1048576K
}

Deoptimization events (8 events):
Event: 2.117 Thread 0x000000000225e000 Uncommon trap: reason=class_check action=maybe_recompile pc=0x0000000002a63b0c method=com.android.dx.ssa.NormalSsaInsn.accept(Lcom/android/dx/ssa/SsaInsn$Visitor;)V @ 9
Event: 2.118 Thread 0x000000000225e000 Uncommon trap: reason=class_check action=maybe_recompile pc=0x0000000002a3ae60 method=com.android.dx.ssa.NormalSsaInsn.accept(Lcom/android/dx/ssa/SsaInsn$Visitor;)V @ 9
Event: 2.302 Thread 0x0000000056beb800 Uncommon trap: reason=class_check action=maybe_recompile pc=0x0000000002a63b0c method=com.android.dx.ssa.NormalSsaInsn.accept(Lcom/android/dx/ssa/SsaInsn$Visitor;)V @ 9
Event: 2.302 Thread 0x0000000056beb800 Uncommon trap: reason=class_check action=maybe_recompile pc=0x0000000002a63b0c method=com.android.dx.ssa.NormalSsaInsn.accept(Lcom/android/dx/ssa/SsaInsn$Visitor;)V @ 9
Event: 2.302 Thread 0x0000000056beb800 Uncommon trap: reason=class_check action=maybe_recompile pc=0x0000000002a3ae60 method=com.android.dx.ssa.NormalSsaInsn.accept(Lcom/android/dx/ssa/SsaInsn$Visitor;)V @ 9
Event: 2.419 Thread 0x000000000225e000 Uncommon trap: reason=null_check action=make_not_entrant pc=0x0000000002a6cb10 method=com.android.dx.rop.type.Type.equals(Ljava/lang/Object;)Z @ 8
Event: 3.258 Thread 0x0000000056bc4800 Uncommon trap: reason=unloaded action=reinterpret pc=0x0000000002c79424 method=com.android.dx.ssa.LiteralOpUpgrader$1.visitNonMoveInsn(Lcom/android/dx/ssa/NormalSsaInsn;)V @ 72
Event: 3.261 Thread 0x0000000056bc4800 Uncommon trap: reason=unreached action=reinterpret pc=0x0000000002ae7d0c method=com.android.dx.ssa.SsaMethod.updateOneDefinition(Lcom/android/dx/ssa/SsaInsn;Lcom/android/dx/rop/code/RegisterSpec;)V @ 4

Internal exceptions (10 events):
Event: 1.957 Thread 0x0000000056bc3800 Exception <a 'java/security/PrivilegedActionException'> (0x00000000eb6768a8) thrown at [C:\workspace\8-2-build-windows-amd64-cygwin\jdk8u31\2394\hotspot\src\share\vm\prims\jvm.cpp, line 1312]
Event: 1.959 Thread 0x0000000056c4a800 Exception <a 'java/security/PrivilegedActionException'> (0x00000000eb830d28) thrown at [C:\workspace\8-2-build-windows-amd64-cygwin\jdk8u31\2394\hotspot\src\share\vm\prims\jvm.cpp, line 1312]
Event: 1.969 Thread 0x000000000225e000 Exception <a 'java/security/PrivilegedActionException'> (0x00000000eb7f40a0) thrown at [C:\workspace\8-2-build-windows-amd64-cygwin\jdk8u31\2394\hotspot\src\share\vm\prims\jvm.cpp, line 1312]
Event: 1.976 Thread 0x000000000225e000 Exception <a 'java/security/PrivilegedActionException'> (0x00000000eb80d758) thrown at [C:\workspace\8-2-build-windows-amd64-cygwin\jdk8u31\2394\hotspot\src\share\vm\prims\jvm.cpp, line 1312]
Event: 1.984 Thread 0x0000000056beb800 Exception <a 'java/security/PrivilegedActionException'> (0x00000000eb7907f8) thrown at [C:\workspace\8-2-build-windows-amd64-cygwin\jdk8u31\2394\hotspot\src\share\vm\prims\jvm.cpp, line 1312]
Event: 2.078 Thread 0x0000000056bc3800 Exception <a 'java/security/PrivilegedActionException'> (0x00000000eaba4f48) thrown at [C:\workspace\8-2-build-windows-amd64-cygwin\jdk8u31\2394\hotspot\src\share\vm\prims\jvm.cpp, line 1312]
Event: 2.419 Thread 0x000000000225e000 Implicit null exception at 0x0000000002a6ca12 to 0x0000000002a6cb02
Event: 2.429 Thread 0x0000000056c4a800 Exception <a 'java/security/PrivilegedActionException'> (0x00000000eaea3d20) thrown at [C:\workspace\8-2-build-windows-amd64-cygwin\jdk8u31\2394\hotspot\src\share\vm\prims\jvm.cpp, line 1312]
Event: 3.258 Thread 0x0000000056bc4800 Exception <a 'java/security/PrivilegedActionException'> (0x00000000eae609a0) thrown at [C:\workspace\8-2-build-windows-amd64-cygwin\jdk8u31\2394\hotspot\src\share\vm\prims\jvm.cpp, line 1312]
Event: 3.608 Thread 0x0000000056bc4800 Exception <a 'java/security/PrivilegedActionException'> (0x00000000eb919538) thrown at [C:\workspace\8-2-build-windows-amd64-cygwin\jdk8u31\2394\hotspot\src\share\vm\prims\jvm.cpp, line 1312]

Events (10 events):
Event: 7.027 Thread 0x0000000056c4a800 DEOPT PACKING pc=0x0000000002c1317d sp=0x0000000057d5eee0
Event: 7.027 Thread 0x0000000056c4a800 DEOPT UNPACKING pc=0x00000000028271bf sp=0x0000000057d5ebd0 mode 0
Event: 7.245 Thread 0x0000000056bc3800 DEOPT PACKING pc=0x0000000002bb3d43 sp=0x00000000580be850
Event: 7.245 Thread 0x0000000056bc3800 DEOPT UNPACKING pc=0x00000000028271bf sp=0x00000000580be678 mode 0
Event: 7.935 Executing VM operation: ParallelGCFailedAllocation
Event: 8.332 Executing VM operation: ParallelGCFailedAllocation done
Event: 8.337 Thread 0x0000000056bc4800 DEOPT PACKING pc=0x0000000002b36f6d sp=0x0000000057ebebe0
Event: 8.337 Thread 0x0000000056bc4800 DEOPT UNPACKING pc=0x00000000028271bf sp=0x0000000057ebe980 mode 0
Event: 8.385 Thread 0x0000000056beb800 DEOPT PACKING pc=0x0000000002bb3d43 sp=0x0000000057bae5e0
Event: 8.385 Thread 0x0000000056beb800 DEOPT UNPACKING pc=0x00000000028271bf sp=0x0000000057bae3f0 mode 0


Dynamic libraries:
0x000000013f8a0000 - 0x000000013f8d4000 	C:\Program Files\Java\jdk1.8.0_31\bin\java.exe
0x0000000077040000 - 0x00000000771eb000 	C:\Windows\SYSTEM32\ntdll.dll
0x0000000076e20000 - 0x0000000076f3f000 	C:\Windows\system32\kernel32.dll
0x000007fefd300000 - 0x000007fefd36b000 	C:\Windows\system32\KERNELBASE.dll
0x000007fefed30000 - 0x000007fefee0b000 	C:\Windows\system32\ADVAPI32.dll
0x000007feff070000 - 0x000007feff10f000 	C:\Windows\system32\msvcrt.dll
0x000007fefea90000 - 0x000007fefeaaf000 	C:\Windows\SYSTEM32\sechost.dll
0x000007fefe4c0000 - 0x000007fefe5ee000 	C:\Windows\system32\RPCRT4.dll
0x0000000076f40000 - 0x000000007703a000 	C:\Windows\system32\USER32.dll
0x000007feff110000 - 0x000007feff177000 	C:\Windows\system32\GDI32.dll
0x000007fefec30000 - 0x000007fefec3e000 	C:\Windows\system32\LPK.dll
0x000007fefe8e0000 - 0x000007fefe9aa000 	C:\Windows\system32\USP10.dll
0x000007fefbc20000 - 0x000007fefbe14000 	C:\Windows\WinSxS\amd64_microsoft.windows.common-controls_6595b64144ccf1df_6.0.7600.16385_none_fa645303170382f6\COMCTL32.dll
0x000007feff1a0000 - 0x000007feff211000 	C:\Windows\system32\SHLWAPI.dll
0x000007fefe640000 - 0x000007fefe66e000 	C:\Windows\system32\IMM32.DLL
0x000007fefe1a0000 - 0x000007fefe2a9000 	C:\Windows\system32\MSCTF.dll
0x000000006c690000 - 0x000000006c762000 	C:\Program Files\Java\jdk1.8.0_31\jre\bin\msvcr100.dll
0x000000006bdf0000 - 0x000000006c64a000 	C:\Program Files\Java\jdk1.8.0_31\jre\bin\server\jvm.dll
0x000007fef91e0000 - 0x000007fef91e9000 	C:\Windows\system32\WSOCK32.dll
0x000007fefe5f0000 - 0x000007fefe63d000 	C:\Windows\system32\WS2_32.dll
0x000007fefe670000 - 0x000007fefe678000 	C:\Windows\system32\NSI.dll
0x000007fefae00000 - 0x000007fefae3b000 	C:\Windows\system32\WINMM.dll
0x0000000077210000 - 0x0000000077217000 	C:\Windows\system32\PSAPI.DLL
0x0000000074210000 - 0x000000007421f000 	C:\Program Files\Java\jdk1.8.0_31\jre\bin\verify.dll
0x00000000741e0000 - 0x0000000074208000 	C:\Program Files\Java\jdk1.8.0_31\jre\bin\java.dll
0x00000000741c0000 - 0x00000000741d6000 	C:\Program Files\Java\jdk1.8.0_31\jre\bin\zip.dll
0x000007fefd370000 - 0x000007fefe0f6000 	C:\Windows\system32\SHELL32.dll
0x000007fefe2b0000 - 0x000007fefe4b1000 	C:\Windows\system32\ole32.dll
0x000007fefcfa0000 - 0x000007fefcfaf000 	C:\Windows\system32\profapi.dll

VM Arguments:
jvm_args: -Djava.awt.headless=true -Xmx1024M -Dfile.encoding=windows-1252 -Duser.country=US -Duser.language=en -Duser.variant 
java_command: com.android.dx.command.Main --dex --force-jumbo --num-threads=4 --multi-dex --output C:\Users\Eagle\AndroidStudioProjects\ArPoint\app\build\intermediates\transforms\dex\debug\folders\1000\2\PayPalAndroidSDK-2.8.5_6d35e8a511fb238a9094cf465972c203d67475ee C:\Users\Eagle\AndroidStudioProjects\ArPoint\app\libs\PayPalAndroidSDK-2.8.5.jar
java_class_path (initial): C:\Users\Eagle\AppData\Local\Android\sdk\build-tools\23.0.2\lib\dx.jar
Launcher Type: SUN_STANDARD

Environment Variables:
PATH=C:\ProgramData\Oracle\Java\javapath;C:\Program Files\Java\jdk1.8.0_31\bin\java.exe;C:\Program Files (x86)\Skype\Phone\
USERNAME=Eagle
OS=Windows_NT
PROCESSOR_IDENTIFIER=Intel64 Family 6 Model 42 Stepping 7, GenuineIntel



---------------  S Y S T E M  ---------------

OS: Windows 7 , 64 bit Build 7600 

CPU:total 4 (2 cores per cpu, 2 threads per core) family 6 model 42 stepping 7, cmov, cx8, fxsr, mmx, sse, sse2, sse3, ssse3, sse4.1, sse4.2, popcnt, clmul, ht, tsc, tscinvbit

Memory: 4k page, physical 4088768k(199420k free), swap 5984040k(2716k free)

vm_info: Java HotSpot(TM) 64-Bit Server VM (25.31-b07) for windows-amd64 JRE (1.8.0_31-b13), built on Dec 17 2014 21:00:28 by "java_re" with MS VC++ 10.0 (VS2010)

time: Tue Jul 26 00:16:52 2016
elapsed time: 9 seconds (0d 0h 0m 9s)

