#
# There is insufficient memory for the Java Runtime Environment to continue.
# Native memory allocation (malloc) failed to allocate 65552 bytes for Chunk::new
# Possible reasons:
#   The system is out of physical RAM or swap space
#   In 32 bit mode, the process size limit was hit
# Possible solutions:
#   Reduce memory load on the system
#   Increase physical memory or swap space
#   Check if swap backing store is full
#   Use 64 bit Java on a 64 bit OS
#   Decrease Java heap size (-Xmx/-Xms)
#   Decrease number of Java threads
#   Decrease Java thread stack sizes (-Xss)
#   Set larger code cache with -XX:ReservedCodeCacheSize=
# This output file may be truncated or incomplete.
#
#  Out of Memory Error (allocation.cpp:390), pid=5196, tid=6632
#
# JRE version: Java(TM) SE Runtime Environment (8.0_31-b13) (build 1.8.0_31-b13)
# Java VM: Java HotSpot(TM) 64-Bit Server VM (25.31-b07 mixed mode windows-amd64 compressed oops)
# Failed to write core dump. Minidumps are not enabled by default on client versions of Windows
#

---------------  T H R E A D  ---------------

Current thread (0x0000000055109800):  JavaThread "C2 CompilerThread1" daemon [_thread_in_native, id=6632, stack(0x0000000056f60000,0x0000000057060000)]

Stack: [0x0000000056f60000,0x0000000057060000]
Native frames: (J=compiled Java code, j=interpreted, Vv=VM code, C=native code)
V  [jvm.dll+0x3169ba]


Current CompileTask:
C2:   7787 1553       4       com.android.dx.dex.code.RopTranslator::outputBlock (202 bytes)


---------------  P R O C E S S  ---------------

Java Threads: ( => current thread )
  0x0000000056c09800 JavaThread "pool-2-thread-4" [_thread_blocked, id=5424, stack(0x0000000057e30000,0x0000000057f30000)]
  0x0000000056c07000 JavaThread "pool-2-thread-3" [_thread_in_Java, id=3724, stack(0x0000000058190000,0x0000000058290000)]
  0x0000000056c06000 JavaThread "pool-2-thread-2" [_thread_blocked, id=3676, stack(0x0000000057fd0000,0x00000000580d0000)]
  0x0000000056c05800 JavaThread "pool-3-thread-1" [_thread_blocked, id=1808, stack(0x0000000057cf0000,0x0000000057df0000)]
  0x0000000056c78800 JavaThread "pool-2-thread-1" [_thread_blocked, id=6692, stack(0x0000000057b70000,0x0000000057c70000)]
  0x0000000056a34800 JavaThread "Service Thread" daemon [_thread_blocked, id=6268, stack(0x0000000056e60000,0x0000000056f60000)]
  0x000000005510b800 JavaThread "C1 CompilerThread2" daemon [_thread_blocked, id=4524, stack(0x0000000057060000,0x0000000057160000)]
=>0x0000000055109800 JavaThread "C2 CompilerThread1" daemon [_thread_in_native, id=6632, stack(0x0000000056f60000,0x0000000057060000)]
  0x0000000055105000 JavaThread "C2 CompilerThread0" daemon [_thread_blocked, id=3596, stack(0x0000000056530000,0x0000000056630000)]
  0x0000000055101800 JavaThread "Attach Listener" daemon [_thread_blocked, id=5532, stack(0x00000000568a0000,0x00000000569a0000)]
  0x0000000055100000 JavaThread "Signal Dispatcher" daemon [_thread_blocked, id=6288, stack(0x00000000566e0000,0x00000000567e0000)]
  0x000000005509e800 JavaThread "Finalizer" daemon [_thread_blocked, id=5612, stack(0x0000000056430000,0x0000000056530000)]
  0x000000005509b800 JavaThread "Reference Handler" daemon [_thread_blocked, id=5660, stack(0x0000000056320000,0x0000000056420000)]
  0x000000000223e000 JavaThread "main" [_thread_blocked, id=5296, stack(0x0000000002520000,0x0000000002620000)]

Other Threads:
  0x0000000055098000 VMThread [stack: 0x0000000056150000,0x0000000056250000] [id=3848]
  0x0000000056a36000 WatcherThread [stack: 0x00000000571c0000,0x00000000572c0000] [id=2828]

VM state:synchronizing (normal execution)

VM Mutex/Monitor currently owned by a thread:  ([mutex/lock_event])
[0x000000000223c130] Safepoint_lock - owner thread: 0x0000000055098000
[0x000000000223c1b0] Threads_lock - owner thread: 0x0000000055098000
[0x000000000223c6b0] Heap_lock - owner thread: 0x0000000056c78800

Heap:
 PSYoungGen      total 35328K, used 35320K [0x00000000eab00000, 0x00000000ed000000, 0x0000000100000000)
  eden space 32768K, 100% used [0x00000000eab00000,0x00000000ecb00000,0x00000000ecb00000)
  from space 2560K, 99% used [0x00000000ecb00000,0x00000000ecd7e050,0x00000000ecd80000)
  to   space 2560K, 0% used [0x00000000ecd80000,0x00000000ecd80000,0x00000000ed000000)
 ParOldGen       total 44032K, used 7719K [0x00000000c0000000, 0x00000000c2b00000, 0x00000000eab00000)
  object space 44032K, 17% used [0x00000000c0000000,0x00000000c0789f00,0x00000000c2b00000)
 Metaspace       used 6149K, capacity 7088K, committed 7296K, reserved 1056768K
  class space    used 592K, capacity 616K, committed 640K, reserved 1048576K

Card table byte_map: [0x0000000011cb0000,0x0000000011ec0000] byte_map_base: 0x00000000116b0000

Marking Bits: (ParMarkBitMap*) 0x000000006c5cd4f0
 Begin Bits: [0x0000000012510000, 0x0000000013510000)
 End Bits:   [0x0000000013510000, 0x0000000014510000)

Polling page: 0x0000000000140000

CodeCache: size=245760Kb used=6273Kb max_used=6301Kb free=239486Kb
 bounds [0x00000000028f0000, 0x0000000002f20000, 0x00000000118f0000]
 total_blobs=1807 nmethods=1543 adapters=178
 compilation: disabled (not enough contiguous free space left)

Compilation events (10 events):
Event: 6.378 Thread 0x0000000055109800 nmethod 1549 0x0000000002f15190 code [0x0000000002f15300, 0x0000000002f15828]
Event: 6.378 Thread 0x0000000055109800 1550       4       com.android.dx.ssa.back.FirstFitLocalCombiningAllocator::getParameterIndexForReg (55 bytes)
Event: 6.385 Thread 0x0000000055109800 nmethod 1550 0x0000000002f15bd0 code [0x0000000002f15d40, 0x0000000002f16028]
Event: 6.653 Thread 0x000000005510b800 1552       3       com.android.dx.cf.direct.DirectClassFile::getThisClass (9 bytes)
Event: 6.654 Thread 0x000000005510b800 nmethod 1552 0x0000000002f0e890 code [0x0000000002f0ea00, 0x0000000002f0ec48]
Event: 6.656 Thread 0x0000000055109800 1553       4       com.android.dx.dex.code.RopTranslator::outputBlock (202 bytes)
Event: 6.694 Thread 0x000000005510b800 1558       3       java.util.concurrent.locks.ReentrantLock$FairSync::tryAcquire (74 bytes)
Event: 6.695 Thread 0x000000005510b800 nmethod 1558 0x0000000002f0dd50 code [0x0000000002f0df00, 0x0000000002f0e718]
Event: 6.709 Thread 0x000000005510b800 1559       3       java.util.concurrent.ThreadPoolExecutor::isRunning (10 bytes)
Event: 6.710 Thread 0x000000005510b800 nmethod 1559 0x0000000002f0da10 code [0x0000000002f0db60, 0x0000000002f0dcf0]

GC Heap History (4 events):
Event: 1.214 GC heap before
{Heap before GC invocations=1 (full 0):
 PSYoungGen      total 18944K, used 16384K [0x00000000eab00000, 0x00000000ec000000, 0x0000000100000000)
  eden space 16384K, 100% used [0x00000000eab00000,0x00000000ebb00000,0x00000000ebb00000)
  from space 2560K, 0% used [0x00000000ebd80000,0x00000000ebd80000,0x00000000ec000000)
  to   space 2560K, 0% used [0x00000000ebb00000,0x00000000ebb00000,0x00000000ebd80000)
 ParOldGen       total 44032K, used 0K [0x00000000c0000000, 0x00000000c2b00000, 0x00000000eab00000)
  object space 44032K, 0% used [0x00000000c0000000,0x00000000c0000000,0x00000000c2b00000)
 Metaspace       used 5426K, capacity 6448K, committed 6528K, reserved 1056768K
  class space    used 586K, capacity 616K, committed 640K, reserved 1048576K
Event: 1.228 GC heap after
Heap after GC invocations=1 (full 0):
 PSYoungGen      total 18944K, used 2536K [0x00000000eab00000, 0x00000000ed000000, 0x0000000100000000)
  eden space 16384K, 0% used [0x00000000eab00000,0x00000000eab00000,0x00000000ebb00000)
  from space 2560K, 99% used [0x00000000ebb00000,0x00000000ebd7a130,0x00000000ebd80000)
  to   space 2560K, 0% used [0x00000000ecd80000,0x00000000ecd80000,0x00000000ed000000)
 ParOldGen       total 44032K, used 827K [0x00000000c0000000, 0x00000000c2b00000, 0x00000000eab00000)
  object space 44032K, 1% used [0x00000000c0000000,0x00000000c00cee28,0x00000000c2b00000)
 Metaspace       used 5426K, capacity 6448K, committed 6528K, reserved 1056768K
  class space    used 586K, capacity 616K, committed 640K, reserved 1048576K
}
Event: 2.735 GC heap before
{Heap before GC invocations=2 (full 0):
 PSYoungGen      total 18944K, used 18920K [0x00000000eab00000, 0x00000000ed000000, 0x0000000100000000)
  eden space 16384K, 100% used [0x00000000eab00000,0x00000000ebb00000,0x00000000ebb00000)
  from space 2560K, 99% used [0x00000000ebb00000,0x00000000ebd7a130,0x00000000ebd80000)
  to   space 2560K, 0% used [0x00000000ecd80000,0x00000000ecd80000,0x00000000ed000000)
 ParOldGen       total 44032K, used 827K [0x00000000c0000000, 0x00000000c2b00000, 0x00000000eab00000)
  object space 44032K, 1% used [0x00000000c0000000,0x00000000c00cee28,0x00000000c2b00000)
 Metaspace       used 5997K, capacity 6960K, committed 7040K, reserved 1056768K
  class space    used 591K, capacity 616K, committed 640K, reserved 1048576K
Event: 2.966 GC heap after
Heap after GC invocations=2 (full 0):
 PSYoungGen      total 35328K, used 2529K [0x00000000eab00000, 0x00000000ed000000, 0x0000000100000000)
  eden space 32768K, 0% used [0x00000000eab00000,0x00000000eab00000,0x00000000ecb00000)
  from space 2560K, 98% used [0x00000000ecd80000,0x00000000ecff8680,0x00000000ed000000)
  to   space 2560K, 0% used [0x00000000ecb00000,0x00000000ecb00000,0x00000000ecd80000)
 ParOldGen       total 44032K, used 2431K [0x00000000c0000000, 0x00000000c2b00000, 0x00000000eab00000)
  object space 44032K, 5% used [0x00000000c0000000,0x00000000c025ffa0,0x00000000c2b00000)
 Metaspace       used 5997K, capacity 6960K, committed 7040K, reserved 1056768K
  class space    used 591K, capacity 616K, committed 640K, reserved 1048576K
}

Deoptimization events (6 events):
Event: 1.292 Thread 0x0000000056c78800 Uncommon trap: reason=bimorphic action=maybe_recompile pc=0x0000000002b296d4 method=java.util.HashMap.getNode(ILjava/lang/Object;)Ljava/util/HashMap$Node; @ 126
Event: 2.084 Thread 0x0000000056c06000 Uncommon trap: reason=bimorphic action=maybe_recompile pc=0x0000000002b296d4 method=java.util.HashMap.getNode(ILjava/lang/Object;)Ljava/util/HashMap$Node; @ 126
Event: 3.751 Thread 0x0000000056c78800 Uncommon trap: reason=bimorphic action=maybe_recompile pc=0x0000000002df7da0 method=com.android.dx.cf.code.BytecodeArray.parseInstruction(ILcom/android/dx/cf/code/BytecodeArray$Visitor;)I @ 2484
Event: 3.751 Thread 0x0000000056c78800 Uncommon trap: reason=bimorphic action=maybe_recompile pc=0x0000000002df7da0 method=com.android.dx.cf.code.BytecodeArray.parseInstruction(ILcom/android/dx/cf/code/BytecodeArray$Visitor;)I @ 2484
Event: 5.171 Thread 0x0000000056c07000 Uncommon trap: reason=unreached action=reinterpret pc=0x0000000002c1dac4 method=com.android.dx.rop.cst.Constant.compareTo(Lcom/android/dx/rop/cst/Constant;)I @ 12
Event: 6.815 Thread 0x0000000056c09800 Uncommon trap: reason=unreached action=reinterpret pc=0x0000000002e2f008 method=com.android.dx.ssa.SCCP.simulateBranch(Lcom/android/dx/ssa/SsaInsn;)V @ 132

Internal exceptions (10 events):
Event: 1.160 Thread 0x0000000056c06000 Exception <a 'java/security/PrivilegedActionException'> (0x00000000eba4dd28) thrown at [C:\workspace\8-2-build-windows-amd64-cygwin\jdk8u31\2394\hotspot\src\share\vm\prims\jvm.cpp, line 1312]
Event: 1.161 Thread 0x0000000056c06000 Exception <a 'java/security/PrivilegedActionException'> (0x00000000eba53778) thrown at [C:\workspace\8-2-build-windows-amd64-cygwin\jdk8u31\2394\hotspot\src\share\vm\prims\jvm.cpp, line 1312]
Event: 1.162 Thread 0x0000000056c06000 Exception <a 'java/security/PrivilegedActionException'> (0x00000000eba58f70) thrown at [C:\workspace\8-2-build-windows-amd64-cygwin\jdk8u31\2394\hotspot\src\share\vm\prims\jvm.cpp, line 1312]
Event: 1.186 Thread 0x0000000056c06000 Exception <a 'java/security/PrivilegedActionException'> (0x00000000ebaa26a0) thrown at [C:\workspace\8-2-build-windows-amd64-cygwin\jdk8u31\2394\hotspot\src\share\vm\prims\jvm.cpp, line 1312]
Event: 1.314 Thread 0x0000000056c78800 Exception <a 'java/security/PrivilegedActionException'> (0x00000000eac08698) thrown at [C:\workspace\8-2-build-windows-amd64-cygwin\jdk8u31\2394\hotspot\src\share\vm\prims\jvm.cpp, line 1312]
Event: 1.370 Thread 0x0000000056c78800 Exception <a 'java/security/PrivilegedActionException'> (0x00000000eac56b30) thrown at [C:\workspace\8-2-build-windows-amd64-cygwin\jdk8u31\2394\hotspot\src\share\vm\prims\jvm.cpp, line 1312]
Event: 1.435 Thread 0x0000000056c09800 Exception <a 'java/security/PrivilegedActionException'> (0x00000000ead5d9b8) thrown at [C:\workspace\8-2-build-windows-amd64-cygwin\jdk8u31\2394\hotspot\src\share\vm\prims\jvm.cpp, line 1312]
Event: 1.526 Thread 0x0000000056c06000 Exception <a 'java/security/PrivilegedActionException'> (0x00000000eb0a4080) thrown at [C:\workspace\8-2-build-windows-amd64-cygwin\jdk8u31\2394\hotspot\src\share\vm\prims\jvm.cpp, line 1312]
Event: 2.230 Thread 0x0000000056c09800 Exception <a 'java/security/PrivilegedActionException'> (0x00000000eb64d748) thrown at [C:\workspace\8-2-build-windows-amd64-cygwin\jdk8u31\2394\hotspot\src\share\vm\prims\jvm.cpp, line 1312]
Event: 6.711 Thread 0x000000000223e000 Exception <a 'java/security/PrivilegedActionException'> (0x00000000ec3d2e00) thrown at [C:\workspace\8-2-build-windows-amd64-cygwin\jdk8u31\2394\hotspot\src\share\vm\prims\jvm.cpp, line 1312]

Events (10 events):
Event: 4.314 Executing VM operation: EnableBiasedLocking
Event: 4.314 Executing VM operation: EnableBiasedLocking done
Event: 5.171 Thread 0x0000000056c07000 Uncommon trap: trap_request=0xffffffad fr.pc=0x0000000002c1dac4
Event: 5.171 Thread 0x0000000056c07000 DEOPT PACKING pc=0x0000000002c1dac4 sp=0x000000005828e620
Event: 5.171 Thread 0x0000000056c07000 DEOPT UNPACKING pc=0x000000000293556a sp=0x000000005828e5c0 mode 2
Event: 6.711 loading class com/android/dx/cf/attrib/AttExceptions
Event: 6.711 loading class com/android/dx/cf/attrib/AttExceptions done
Event: 6.815 Thread 0x0000000056c09800 Uncommon trap: trap_request=0xffffffad fr.pc=0x0000000002e2f008
Event: 6.815 Thread 0x0000000056c09800 DEOPT PACKING pc=0x0000000002e2f008 sp=0x0000000057f2e7f0
Event: 6.815 Thread 0x0000000056c09800 DEOPT UNPACKING pc=0x000000000293556a sp=0x0000000057f2e788 mode 2


Dynamic libraries:
0x000000013f8a0000 - 0x000000013f8d4000 	C:\Program Files\Java\jdk1.8.0_31\bin\java.exe
0x0000000077040000 - 0x00000000771eb000 	C:\Windows\SYSTEM32\ntdll.dll
0x0000000076e20000 - 0x0000000076f3f000 	C:\Windows\system32\kernel32.dll
0x000007fefd300000 - 0x000007fefd36b000 	C:\Windows\system32\KERNELBASE.dll
0x000007fefed30000 - 0x000007fefee0b000 	C:\Windows\system32\ADVAPI32.dll
0x000007feff070000 - 0x000007feff10f000 	C:\Windows\system32\msvcrt.dll
0x000007fefea90000 - 0x000007fefeaaf000 	C:\Windows\SYSTEM32\sechost.dll
0x000007fefe4c0000 - 0x000007fefe5ee000 	C:\Windows\system32\RPCRT4.dll
0x0000000076f40000 - 0x000000007703a000 	C:\Windows\system32\USER32.dll
0x000007feff110000 - 0x000007feff177000 	C:\Windows\system32\GDI32.dll
0x000007fefec30000 - 0x000007fefec3e000 	C:\Windows\system32\LPK.dll
0x000007fefe8e0000 - 0x000007fefe9aa000 	C:\Windows\system32\USP10.dll
0x000007fefbc20000 - 0x000007fefbe14000 	C:\Windows\WinSxS\amd64_microsoft.windows.common-controls_6595b64144ccf1df_6.0.7600.16385_none_fa645303170382f6\COMCTL32.dll
0x000007feff1a0000 - 0x000007feff211000 	C:\Windows\system32\SHLWAPI.dll
0x000007fefe640000 - 0x000007fefe66e000 	C:\Windows\system32\IMM32.DLL
0x000007fefe1a0000 - 0x000007fefe2a9000 	C:\Windows\system32\MSCTF.dll
0x000000006c690000 - 0x000000006c762000 	C:\Program Files\Java\jdk1.8.0_31\jre\bin\msvcr100.dll
0x000000006bdf0000 - 0x000000006c64a000 	C:\Program Files\Java\jdk1.8.0_31\jre\bin\server\jvm.dll
0x000007fef91e0000 - 0x000007fef91e9000 	C:\Windows\system32\WSOCK32.dll
0x000007fefe5f0000 - 0x000007fefe63d000 	C:\Windows\system32\WS2_32.dll
0x000007fefe670000 - 0x000007fefe678000 	C:\Windows\system32\NSI.dll
0x000007fefae00000 - 0x000007fefae3b000 	C:\Windows\system32\WINMM.dll
0x0000000077210000 - 0x0000000077217000 	C:\Windows\system32\PSAPI.DLL
0x0000000074210000 - 0x000000007421f000 	C:\Program Files\Java\jdk1.8.0_31\jre\bin\verify.dll
0x00000000741e0000 - 0x0000000074208000 	C:\Program Files\Java\jdk1.8.0_31\jre\bin\java.dll
0x00000000741c0000 - 0x00000000741d6000 	C:\Program Files\Java\jdk1.8.0_31\jre\bin\zip.dll
0x000007fefd370000 - 0x000007fefe0f6000 	C:\Windows\system32\SHELL32.dll
0x000007fefe2b0000 - 0x000007fefe4b1000 	C:\Windows\system32\ole32.dll
0x000007fefcfa0000 - 0x000007fefcfaf000 	C:\Windows\system32\profapi.dll

VM Arguments:
jvm_args: -Djava.awt.headless=true -Xmx1024M -Dfile.encoding=windows-1252 -Duser.country=US -Duser.language=en -Duser.variant 
java_command: com.android.dx.command.Main --dex --force-jumbo --num-threads=4 --multi-dex --output C:\Users\Eagle\AndroidStudioProjects\ArPoint\app\build\intermediates\transforms\dex\debug\folders\1000\10\com.android.support-appcompat-v7-23.1.1_dd03924a40ef5cf45329f0774f5142e8608c7e2c C:\Users\Eagle\AndroidStudioProjects\ArPoint\app\build\intermediates\exploded-aar\com.android.support\appcompat-v7\23.1.1\jars\classes.jar
java_class_path (initial): C:\Users\Eagle\AppData\Local\Android\sdk\build-tools\23.0.2\lib\dx.jar
Launcher Type: SUN_STANDARD

Environment Variables:
PATH=C:\ProgramData\Oracle\Java\javapath;C:\Program Files\Java\jdk1.8.0_31\bin\java.exe;C:\Program Files (x86)\Skype\Phone\
USERNAME=Eagle
OS=Windows_NT
PROCESSOR_IDENTIFIER=Intel64 Family 6 Model 42 Stepping 7, GenuineIntel



---------------  S Y S T E M  ---------------

OS: Windows 7 , 64 bit Build 7600 

CPU:total 4 (2 cores per cpu, 2 threads per core) family 6 model 42 stepping 7, cmov, cx8, fxsr, mmx, sse, sse2, sse3, ssse3, sse4.1, sse4.2, popcnt, clmul, ht, tsc, tscinvbit

Memory: 4k page, physical 4088768k(199404k free), swap 5984040k(4748k free)

vm_info: Java HotSpot(TM) 64-Bit Server VM (25.31-b07) for windows-amd64 JRE (1.8.0_31-b13), built on Dec 17 2014 21:00:28 by "java_re" with MS VC++ 10.0 (VS2010)

time: Tue Jul 26 00:16:52 2016
elapsed time: 8 seconds (0d 0h 0m 8s)

