#
# There is insufficient memory for the Java Runtime Environment to continue.
# Native memory allocation (malloc) failed to allocate 1219296 bytes for Chunk::new
# Possible reasons:
#   The system is out of physical RAM or swap space
#   In 32 bit mode, the process size limit was hit
# Possible solutions:
#   Reduce memory load on the system
#   Increase physical memory or swap space
#   Check if swap backing store is full
#   Use 64 bit Java on a 64 bit OS
#   Decrease Java heap size (-Xmx/-Xms)
#   Decrease number of Java threads
#   Decrease Java thread stack sizes (-Xss)
#   Set larger code cache with -XX:ReservedCodeCacheSize=
# This output file may be truncated or incomplete.
#
#  Out of Memory Error (allocation.cpp:390), pid=1068, tid=6320
#
# JRE version: Java(TM) SE Runtime Environment (8.0_31-b13) (build 1.8.0_31-b13)
# Java VM: Java HotSpot(TM) 64-Bit Server VM (25.31-b07 mixed mode windows-amd64 compressed oops)
# Failed to write core dump. Minidumps are not enabled by default on client versions of Windows
#

---------------  T H R E A D  ---------------

Current thread (0x0000000056602800):  JavaThread "C2 CompilerThread0" daemon [_thread_in_native, id=6320, stack(0x0000000056000000,0x0000000056100000)]

Stack: [0x0000000056000000,0x0000000056100000]
Native frames: (J=compiled Java code, j=interpreted, Vv=VM code, C=native code)
V  [jvm.dll+0x3169ba]


Current CompileTask:
C2:   6826 1324       4       com.android.dx.ssa.SCCP::simulateBranch (666 bytes)


---------------  P R O C E S S  ---------------

Java Threads: ( => current thread )
  0x000000005678c800 JavaThread "pool-1-thread-1" [_thread_in_native, id=3276, stack(0x00000000571f0000,0x00000000572f0000)]
  0x0000000056656000 JavaThread "Service Thread" daemon [_thread_blocked, id=3628, stack(0x0000000056eb0000,0x0000000056fb0000)]
  0x0000000056652000 JavaThread "C1 CompilerThread2" daemon [_thread_blocked, id=1104, stack(0x0000000056d80000,0x0000000056e80000)]
  0x000000005664f800 JavaThread "C2 CompilerThread1" daemon [_thread_in_native, id=6256, stack(0x00000000563b0000,0x00000000564b0000)]
=>0x0000000056602800 JavaThread "C2 CompilerThread0" daemon [_thread_in_native, id=6320, stack(0x0000000056000000,0x0000000056100000)]
  0x0000000054ff4800 JavaThread "Attach Listener" daemon [_thread_blocked, id=6424, stack(0x0000000056b40000,0x0000000056c40000)]
  0x0000000054ff3800 JavaThread "Signal Dispatcher" daemon [_thread_blocked, id=3000, stack(0x0000000056a20000,0x0000000056b20000)]
  0x0000000054f98000 JavaThread "Finalizer" daemon [_thread_blocked, id=6444, stack(0x0000000056500000,0x0000000056600000)]
  0x0000000054f8f000 JavaThread "Reference Handler" daemon [_thread_blocked, id=5840, stack(0x00000000562b0000,0x00000000563b0000)]
  0x000000000229e000 JavaThread "main" [_thread_blocked, id=3912, stack(0x00000000025d0000,0x00000000026d0000)]

Other Threads:
  0x0000000054f88000 VMThread [stack: 0x0000000056130000,0x0000000056230000] [id=780]
  0x0000000056657000 WatcherThread [stack: 0x00000000570a0000,0x00000000571a0000] [id=6292]

VM state:not at safepoint (normal execution)

VM Mutex/Monitor currently owned by a thread: None

Heap:
 PSYoungGen      total 35328K, used 16838K [0x00000000eab00000, 0x00000000ed000000, 0x0000000100000000)
  eden space 32768K, 43% used [0x00000000eab00000,0x00000000eb8f8c28,0x00000000ecb00000)
  from space 2560K, 98% used [0x00000000ecd80000,0x00000000ecff8f20,0x00000000ed000000)
  to   space 2560K, 0% used [0x00000000ecb00000,0x00000000ecb00000,0x00000000ecd80000)
 ParOldGen       total 44032K, used 3743K [0x00000000c0000000, 0x00000000c2b00000, 0x00000000eab00000)
  object space 44032K, 8% used [0x00000000c0000000,0x00000000c03a7e78,0x00000000c2b00000)
 Metaspace       used 6457K, capacity 7344K, committed 7552K, reserved 1056768K
  class space    used 611K, capacity 616K, committed 640K, reserved 1048576K

Card table byte_map: [0x0000000011d60000,0x0000000011f70000] byte_map_base: 0x0000000011760000

Marking Bits: (ParMarkBitMap*) 0x000000006c5cd4f0
 Begin Bits: [0x0000000012400000, 0x0000000013400000)
 End Bits:   [0x0000000013400000, 0x0000000014400000)

Polling page: 0x0000000000230000

CodeCache: size=245760Kb used=6586Kb max_used=6586Kb free=239173Kb
 bounds [0x00000000029a0000, 0x0000000003020000, 0x00000000119a0000]
 total_blobs=2063 nmethods=1799 adapters=179
 compilation: enabled

Compilation events (10 events):
Event: 5.752 Thread 0x0000000056652000 1507       3       java.util.concurrent.locks.AbstractOwnableSynchronizer::setExclusiveOwnerThread (6 bytes)
Event: 5.752 Thread 0x0000000056652000 nmethod 1507 0x0000000002f52150 code [0x0000000002f522a0, 0x0000000002f52410]
Event: 5.772 Thread 0x0000000056652000 1510       3       com.android.dx.rop.cst.CstType::<init> (46 bytes)
Event: 5.772 Thread 0x0000000056652000 nmethod 1510 0x0000000002f4e490 code [0x0000000002f4e620, 0x0000000002f4ea78]
Event: 5.799 Thread 0x0000000056652000 1511       3       com.android.dx.ssa.SsaBasicBlock::insertNewPredecessor (134 bytes)
Event: 5.800 Thread 0x0000000056652000 nmethod 1511 0x0000000002f54a90 code [0x0000000002f54ce0, 0x0000000002f557f8]
Event: 5.852 Thread 0x0000000056652000 1513       3       com.android.dx.rop.cst.CstString::stringToUtf8Bytes (175 bytes)
Event: 5.853 Thread 0x0000000056652000 nmethod 1513 0x0000000002f55e90 code [0x0000000002f56060, 0x0000000002f568b8]
Event: 5.853 Thread 0x0000000056652000 1514       3       com.android.dx.ssa.SCCP::replaceBranches (142 bytes)
Event: 5.855 Thread 0x0000000056652000 nmethod 1514 0x0000000002f56cd0 code [0x0000000002f56f20, 0x0000000002f57e88]

GC Heap History (4 events):
Event: 2.067 GC heap before
{Heap before GC invocations=1 (full 0):
 PSYoungGen      total 18944K, used 16384K [0x00000000eab00000, 0x00000000ec000000, 0x0000000100000000)
  eden space 16384K, 100% used [0x00000000eab00000,0x00000000ebb00000,0x00000000ebb00000)
  from space 2560K, 0% used [0x00000000ebd80000,0x00000000ebd80000,0x00000000ec000000)
  to   space 2560K, 0% used [0x00000000ebb00000,0x00000000ebb00000,0x00000000ebd80000)
 ParOldGen       total 44032K, used 0K [0x00000000c0000000, 0x00000000c2b00000, 0x00000000eab00000)
  object space 44032K, 0% used [0x00000000c0000000,0x00000000c0000000,0x00000000c2b00000)
 Metaspace       used 5633K, capacity 6640K, committed 6784K, reserved 1056768K
  class space    used 585K, capacity 616K, committed 640K, reserved 1048576K
Event: 2.823 GC heap after
Heap after GC invocations=1 (full 0):
 PSYoungGen      total 18944K, used 2542K [0x00000000eab00000, 0x00000000ed000000, 0x0000000100000000)
  eden space 16384K, 0% used [0x00000000eab00000,0x00000000eab00000,0x00000000ebb00000)
  from space 2560K, 99% used [0x00000000ebb00000,0x00000000ebd7b9a0,0x00000000ebd80000)
  to   space 2560K, 0% used [0x00000000ecd80000,0x00000000ecd80000,0x00000000ed000000)
 ParOldGen       total 44032K, used 1660K [0x00000000c0000000, 0x00000000c2b00000, 0x00000000eab00000)
  object space 44032K, 3% used [0x00000000c0000000,0x00000000c019f000,0x00000000c2b00000)
 Metaspace       used 5633K, capacity 6640K, committed 6784K, reserved 1056768K
  class space    used 585K, capacity 616K, committed 640K, reserved 1048576K
}
Event: 3.922 GC heap before
{Heap before GC invocations=2 (full 0):
 PSYoungGen      total 18944K, used 18926K [0x00000000eab00000, 0x00000000ed000000, 0x0000000100000000)
  eden space 16384K, 100% used [0x00000000eab00000,0x00000000ebb00000,0x00000000ebb00000)
  from space 2560K, 99% used [0x00000000ebb00000,0x00000000ebd7b9a0,0x00000000ebd80000)
  to   space 2560K, 0% used [0x00000000ecd80000,0x00000000ecd80000,0x00000000ed000000)
 ParOldGen       total 44032K, used 1660K [0x00000000c0000000, 0x00000000c2b00000, 0x00000000eab00000)
  object space 44032K, 3% used [0x00000000c0000000,0x00000000c019f000,0x00000000c2b00000)
 Metaspace       used 5890K, capacity 6896K, committed 7040K, reserved 1056768K
  class space    used 586K, capacity 616K, committed 640K, reserved 1048576K
Event: 5.314 GC heap after
Heap after GC invocations=2 (full 0):
 PSYoungGen      total 35328K, used 2531K [0x00000000eab00000, 0x00000000ed000000, 0x0000000100000000)
  eden space 32768K, 0% used [0x00000000eab00000,0x00000000eab00000,0x00000000ecb00000)
  from space 2560K, 98% used [0x00000000ecd80000,0x00000000ecff8f20,0x00000000ed000000)
  to   space 2560K, 0% used [0x00000000ecb00000,0x00000000ecb00000,0x00000000ecd80000)
 ParOldGen       total 44032K, used 3743K [0x00000000c0000000, 0x00000000c2b00000, 0x00000000eab00000)
  object space 44032K, 8% used [0x00000000c0000000,0x00000000c03a7e78,0x00000000c2b00000)
 Metaspace       used 5890K, capacity 6896K, committed 7040K, reserved 1056768K
  class space    used 586K, capacity 616K, committed 640K, reserved 1048576K
}

Deoptimization events (5 events):
Event: 3.558 Thread 0x000000005678c800 Uncommon trap: reason=unreached action=reinterpret pc=0x0000000002c868cc method=com.android.dx.ssa.SsaMethod.updateOneDefinition(Lcom/android/dx/ssa/SsaInsn;Lcom/android/dx/rop/code/RegisterSpec;)V @ 4
Event: 5.668 Thread 0x000000005676d800 Uncommon trap: reason=bimorphic action=maybe_recompile pc=0x0000000002f3efa0 method=com.android.dx.cf.code.BytecodeArray.parseInstruction(ILcom/android/dx/cf/code/BytecodeArray$Visitor;)I @ 2484
Event: 5.668 Thread 0x000000005676d800 Uncommon trap: reason=bimorphic action=maybe_recompile pc=0x0000000002f3efa0 method=com.android.dx.cf.code.BytecodeArray.parseInstruction(ILcom/android/dx/cf/code/BytecodeArray$Visitor;)I @ 2484
Event: 5.671 Thread 0x000000005676d800 Uncommon trap: reason=bimorphic action=maybe_recompile pc=0x0000000002f3efa0 method=com.android.dx.cf.code.BytecodeArray.parseInstruction(ILcom/android/dx/cf/code/BytecodeArray$Visitor;)I @ 2484
Event: 5.671 Thread 0x000000005676d800 Uncommon trap: reason=bimorphic action=maybe_recompile pc=0x0000000002f3efa0 method=com.android.dx.cf.code.BytecodeArray.parseInstruction(ILcom/android/dx/cf/code/BytecodeArray$Visitor;)I @ 2484

Internal exceptions (10 events):
Event: 1.306 Thread 0x000000005678c800 Exception <a 'java/security/PrivilegedActionException'> (0x00000000eb4b70d0) thrown at [C:\workspace\8-2-build-windows-amd64-cygwin\jdk8u31\2394\hotspot\src\share\vm\prims\jvm.cpp, line 1312]
Event: 1.307 Thread 0x000000005678c800 Exception <a 'java/security/PrivilegedActionException'> (0x00000000eb4bc548) thrown at [C:\workspace\8-2-build-windows-amd64-cygwin\jdk8u31\2394\hotspot\src\share\vm\prims\jvm.cpp, line 1312]
Event: 1.308 Thread 0x000000005678c800 Exception <a 'java/security/PrivilegedActionException'> (0x00000000eb4bf530) thrown at [C:\workspace\8-2-build-windows-amd64-cygwin\jdk8u31\2394\hotspot\src\share\vm\prims\jvm.cpp, line 1312]
Event: 1.331 Thread 0x000000000229e000 Exception <a 'java/security/PrivilegedActionException'> (0x00000000eb2b7038) thrown at [C:\workspace\8-2-build-windows-amd64-cygwin\jdk8u31\2394\hotspot\src\share\vm\prims\jvm.cpp, line 1312]
Event: 1.338 Thread 0x0000000056787000 Exception <a 'java/security/PrivilegedActionException'> (0x00000000eb59e800) thrown at [C:\workspace\8-2-build-windows-amd64-cygwin\jdk8u31\2394\hotspot\src\share\vm\prims\jvm.cpp, line 1312]
Event: 1.361 Thread 0x000000005678c800 Exception <a 'java/security/PrivilegedActionException'> (0x00000000eb4f06c8) thrown at [C:\workspace\8-2-build-windows-amd64-cygwin\jdk8u31\2394\hotspot\src\share\vm\prims\jvm.cpp, line 1312]
Event: 1.797 Thread 0x000000005676d800 Exception <a 'java/security/PrivilegedActionException'> (0x00000000eb7b2f80) thrown at [C:\workspace\8-2-build-windows-amd64-cygwin\jdk8u31\2394\hotspot\src\share\vm\prims\jvm.cpp, line 1312]
Event: 1.949 Thread 0x000000005678c800 Exception <a 'java/security/PrivilegedActionException'> (0x00000000eb848ec0) thrown at [C:\workspace\8-2-build-windows-amd64-cygwin\jdk8u31\2394\hotspot\src\share\vm\prims\jvm.cpp, line 1312]
Event: 1.991 Thread 0x000000005678c800 Exception <a 'java/security/PrivilegedActionException'> (0x00000000ebac7488) thrown at [C:\workspace\8-2-build-windows-amd64-cygwin\jdk8u31\2394\hotspot\src\share\vm\prims\jvm.cpp, line 1312]
Event: 3.557 Thread 0x000000005678c800 Exception <a 'java/security/PrivilegedActionException'> (0x00000000eb5e4ef0) thrown at [C:\workspace\8-2-build-windows-amd64-cygwin\jdk8u31\2394\hotspot\src\share\vm\prims\jvm.cpp, line 1312]

Events (10 events):
Event: 5.668 Thread 0x000000005676d800 DEOPT UNPACKING pc=0x00000000029e556a sp=0x000000005736e5f8 mode 2
Event: 5.668 Thread 0x000000005676d800 Uncommon trap: trap_request=0xffffffc6 fr.pc=0x0000000002f3efa0
Event: 5.668 Thread 0x000000005676d800 DEOPT PACKING pc=0x0000000002f3efa0 sp=0x000000005736e430
Event: 5.668 Thread 0x000000005676d800 DEOPT UNPACKING pc=0x00000000029e556a sp=0x000000005736e3c8 mode 2
Event: 5.671 Thread 0x000000005676d800 Uncommon trap: trap_request=0xffffffc6 fr.pc=0x0000000002f3efa0
Event: 5.671 Thread 0x000000005676d800 DEOPT PACKING pc=0x0000000002f3efa0 sp=0x000000005736e660
Event: 5.671 Thread 0x000000005676d800 DEOPT UNPACKING pc=0x00000000029e556a sp=0x000000005736e5f8 mode 2
Event: 5.671 Thread 0x000000005676d800 Uncommon trap: trap_request=0xffffffc6 fr.pc=0x0000000002f3efa0
Event: 5.671 Thread 0x000000005676d800 DEOPT PACKING pc=0x0000000002f3efa0 sp=0x000000005736e430
Event: 5.671 Thread 0x000000005676d800 DEOPT UNPACKING pc=0x00000000029e556a sp=0x000000005736e3c8 mode 2


Dynamic libraries:
0x000000013f8a0000 - 0x000000013f8d4000 	C:\Program Files\Java\jdk1.8.0_31\bin\java.exe
0x0000000077040000 - 0x00000000771eb000 	C:\Windows\SYSTEM32\ntdll.dll
0x0000000076e20000 - 0x0000000076f3f000 	C:\Windows\system32\kernel32.dll
0x000007fefd300000 - 0x000007fefd36b000 	C:\Windows\system32\KERNELBASE.dll
0x000007fefed30000 - 0x000007fefee0b000 	C:\Windows\system32\ADVAPI32.dll
0x000007feff070000 - 0x000007feff10f000 	C:\Windows\system32\msvcrt.dll
0x000007fefea90000 - 0x000007fefeaaf000 	C:\Windows\SYSTEM32\sechost.dll
0x000007fefe4c0000 - 0x000007fefe5ee000 	C:\Windows\system32\RPCRT4.dll
0x0000000076f40000 - 0x000000007703a000 	C:\Windows\system32\USER32.dll
0x000007feff110000 - 0x000007feff177000 	C:\Windows\system32\GDI32.dll
0x000007fefec30000 - 0x000007fefec3e000 	C:\Windows\system32\LPK.dll
0x000007fefe8e0000 - 0x000007fefe9aa000 	C:\Windows\system32\USP10.dll
0x000007fefbc20000 - 0x000007fefbe14000 	C:\Windows\WinSxS\amd64_microsoft.windows.common-controls_6595b64144ccf1df_6.0.7600.16385_none_fa645303170382f6\COMCTL32.dll
0x000007feff1a0000 - 0x000007feff211000 	C:\Windows\system32\SHLWAPI.dll
0x000007fefe640000 - 0x000007fefe66e000 	C:\Windows\system32\IMM32.DLL
0x000007fefe1a0000 - 0x000007fefe2a9000 	C:\Windows\system32\MSCTF.dll
0x000000006c690000 - 0x000000006c762000 	C:\Program Files\Java\jdk1.8.0_31\jre\bin\msvcr100.dll
0x000000006bdf0000 - 0x000000006c64a000 	C:\Program Files\Java\jdk1.8.0_31\jre\bin\server\jvm.dll
0x000007fef91e0000 - 0x000007fef91e9000 	C:\Windows\system32\WSOCK32.dll
0x000007fefe5f0000 - 0x000007fefe63d000 	C:\Windows\system32\WS2_32.dll
0x000007fefe670000 - 0x000007fefe678000 	C:\Windows\system32\NSI.dll
0x000007fefae00000 - 0x000007fefae3b000 	C:\Windows\system32\WINMM.dll
0x0000000077210000 - 0x0000000077217000 	C:\Windows\system32\PSAPI.DLL
0x0000000074210000 - 0x000000007421f000 	C:\Program Files\Java\jdk1.8.0_31\jre\bin\verify.dll
0x00000000741e0000 - 0x0000000074208000 	C:\Program Files\Java\jdk1.8.0_31\jre\bin\java.dll
0x00000000741c0000 - 0x00000000741d6000 	C:\Program Files\Java\jdk1.8.0_31\jre\bin\zip.dll
0x000007fefd370000 - 0x000007fefe0f6000 	C:\Windows\system32\SHELL32.dll
0x000007fefe2b0000 - 0x000007fefe4b1000 	C:\Windows\system32\ole32.dll
0x000007fefcfa0000 - 0x000007fefcfaf000 	C:\Windows\system32\profapi.dll

VM Arguments:
jvm_args: -Djava.awt.headless=true -Xmx1024M -Dfile.encoding=windows-1252 -Duser.country=US -Duser.language=en -Duser.variant 
java_command: com.android.dx.command.Main --dex --force-jumbo --num-threads=4 --multi-dex --output C:\Users\Eagle\AndroidStudioProjects\ArPoint\app\build\intermediates\transforms\dex\debug\folders\1000\10\com.etsy.android.grid-library-1.0.5_71b08200793c67d841a12ba5bbfa2049acb57244 C:\Users\Eagle\AndroidStudioProjects\ArPoint\app\build\intermediates\exploded-aar\com.etsy.android.grid\library\1.0.5\jars\classes.jar
java_class_path (initial): C:\Users\Eagle\AppData\Local\Android\sdk\build-tools\23.0.2\lib\dx.jar
Launcher Type: SUN_STANDARD

Environment Variables:
PATH=C:\ProgramData\Oracle\Java\javapath;C:\Program Files\Java\jdk1.8.0_31\bin\java.exe;C:\Program Files (x86)\Skype\Phone\
USERNAME=Eagle
OS=Windows_NT
PROCESSOR_IDENTIFIER=Intel64 Family 6 Model 42 Stepping 7, GenuineIntel



---------------  S Y S T E M  ---------------

OS: Windows 7 , 64 bit Build 7600 

CPU:total 4 (2 cores per cpu, 2 threads per core) family 6 model 42 stepping 7, cmov, cx8, fxsr, mmx, sse, sse2, sse3, ssse3, sse4.1, sse4.2, popcnt, clmul, ht, tsc, tscinvbit

Memory: 4k page, physical 4088768k(199372k free), swap 5984040k(4752k free)

vm_info: Java HotSpot(TM) 64-Bit Server VM (25.31-b07) for windows-amd64 JRE (1.8.0_31-b13), built on Dec 17 2014 21:00:28 by "java_re" with MS VC++ 10.0 (VS2010)

time: Tue Jul 26 00:16:52 2016
elapsed time: 7 seconds (0d 0h 0m 7s)

