#
# There is insufficient memory for the Java Runtime Environment to continue.
# Native memory allocation (malloc) failed to allocate 32784 bytes for Chunk::new
# Possible reasons:
#   The system is out of physical RAM or swap space
#   In 32 bit mode, the process size limit was hit
# Possible solutions:
#   Reduce memory load on the system
#   Increase physical memory or swap space
#   Check if swap backing store is full
#   Use 64 bit Java on a 64 bit OS
#   Decrease Java heap size (-Xmx/-Xms)
#   Decrease number of Java threads
#   Decrease Java thread stack sizes (-Xss)
#   Set larger code cache with -XX:ReservedCodeCacheSize=
# This output file may be truncated or incomplete.
#
#  Out of Memory Error (allocation.cpp:390), pid=6724, tid=6760
#
# JRE version: Java(TM) SE Runtime Environment (8.0_31-b13) (build 1.8.0_31-b13)
# Java VM: Java HotSpot(TM) 64-Bit Server VM (25.31-b07 mixed mode windows-amd64 compressed oops)
# Failed to write core dump. Minidumps are not enabled by default on client versions of Windows
#

---------------  T H R E A D  ---------------

Current thread (0x0000000055289000):  JavaThread "C2 CompilerThread1" daemon [_thread_in_native, id=6760, stack(0x00000000567a0000,0x00000000568a0000)]

Stack: [0x00000000567a0000,0x00000000568a0000]
Native frames: (J=compiled Java code, j=interpreted, Vv=VM code, C=native code)
V  [jvm.dll+0x3169ba]


Current CompileTask:
C2:   6319 1554       4       java.util.TreeMap::put (247 bytes)


---------------  P R O C E S S  ---------------

Java Threads: ( => current thread )
  0x0000000057148800 JavaThread "pool-2-thread-4" [_thread_in_vm, id=3000, stack(0x00000000580e0000,0x00000000581e0000)]
  0x0000000057148000 JavaThread "pool-2-thread-3" [_thread_blocked, id=6444, stack(0x0000000057e80000,0x0000000057f80000)]
  0x0000000057147000 JavaThread "pool-2-thread-2" [_thread_blocked, id=5840, stack(0x0000000057d70000,0x0000000057e70000)]
  0x000000005716d800 JavaThread "pool-3-thread-1" [_thread_blocked, id=780, stack(0x0000000057b50000,0x0000000057c50000)]
  0x000000005702e000 JavaThread "pool-2-thread-1" [_thread_blocked, id=6556, stack(0x0000000057a40000,0x0000000057b40000)]
  0x000000005528d800 JavaThread "Service Thread" daemon [_thread_blocked, id=6480, stack(0x0000000056ca0000,0x0000000056da0000)]
  0x000000005528a800 JavaThread "C1 CompilerThread2" daemon [_thread_blocked, id=5492, stack(0x00000000569b0000,0x0000000056ab0000)]
=>0x0000000055289000 JavaThread "C2 CompilerThread1" daemon [_thread_in_native, id=6760, stack(0x00000000567a0000,0x00000000568a0000)]
  0x0000000055284800 JavaThread "C2 CompilerThread0" daemon [_thread_blocked, id=6604, stack(0x00000000568a0000,0x00000000569a0000)]
  0x0000000055281000 JavaThread "Attach Listener" daemon [_thread_blocked, id=2208, stack(0x00000000564e0000,0x00000000565e0000)]
  0x0000000055280000 JavaThread "Signal Dispatcher" daemon [_thread_blocked, id=6740, stack(0x0000000056610000,0x0000000056710000)]
  0x0000000055224800 JavaThread "Finalizer" daemon [_thread_blocked, id=960, stack(0x0000000056390000,0x0000000056490000)]
  0x000000005521b800 JavaThread "Reference Handler" daemon [_thread_blocked, id=4536, stack(0x0000000056280000,0x0000000056380000)]
  0x000000000226e000 JavaThread "main" [_thread_in_vm, id=1844, stack(0x00000000024f0000,0x00000000025f0000)]

Other Threads:
  0x0000000055218000 VMThread [stack: 0x0000000056140000,0x0000000056240000] [id=5584]
  0x000000005528f800 WatcherThread [stack: 0x0000000056b70000,0x0000000056c70000] [id=5864]

VM state:not at safepoint (normal execution)

VM Mutex/Monitor currently owned by a thread: None

Heap:
 PSYoungGen      total 35328K, used 19144K [0x00000000eab00000, 0x00000000ed000000, 0x0000000100000000)
  eden space 32768K, 50% used [0x00000000eab00000,0x00000000ebb3a0e0,0x00000000ecb00000)
  from space 2560K, 98% used [0x00000000ecd80000,0x00000000ecff8038,0x00000000ed000000)
  to   space 2560K, 0% used [0x00000000ecb00000,0x00000000ecb00000,0x00000000ecd80000)
 ParOldGen       total 44032K, used 2688K [0x00000000c0000000, 0x00000000c2b00000, 0x00000000eab00000)
  object space 44032K, 6% used [0x00000000c0000000,0x00000000c02a0210,0x00000000c2b00000)
 Metaspace       used 6082K, capacity 7024K, committed 7296K, reserved 1056768K
  class space    used 589K, capacity 616K, committed 640K, reserved 1048576K

Card table byte_map: [0x0000000011c80000,0x0000000011e90000] byte_map_base: 0x0000000011680000

Marking Bits: (ParMarkBitMap*) 0x000000006c5cd4f0
 Begin Bits: [0x0000000012690000, 0x0000000013690000)
 End Bits:   [0x0000000013690000, 0x0000000014690000)

Polling page: 0x0000000000130000

CodeCache: size=245760Kb used=6243Kb max_used=6243Kb free=239516Kb
 bounds [0x00000000028c0000, 0x0000000002ee0000, 0x00000000118c0000]
 total_blobs=1817 nmethods=1553 adapters=178
 compilation: enabled

Compilation events (10 events):
Event: 6.304 Thread 0x000000005528a800 nmethod 1549 0x0000000002ec6f50 code [0x0000000002ec70e0, 0x0000000002ec74b8]
Event: 6.304 Thread 0x000000005528a800 1550       3       com.android.dx.cf.direct.StdAttributeFactory::constantValue (94 bytes)
Event: 6.304 Thread 0x0000000055284800 1552   !   4       com.android.dx.ssa.LocalVariableInfo::setStarts (40 bytes)
Event: 6.306 Thread 0x0000000055284800 nmethod 1552 0x0000000002ec6c10 code [0x0000000002ec6d60, 0x0000000002ec6e38]
Event: 6.308 Thread 0x000000005528a800 nmethod 1550 0x0000000002ed8e50 code [0x0000000002ed9280, 0x0000000002edb888]
Event: 6.308 Thread 0x000000005528a800 1551       3       com.android.dx.cf.attrib.AttConstantValue::<init> (71 bytes)
Event: 6.308 Thread 0x000000005528a800 nmethod 1551 0x0000000002ed8190 code [0x0000000002ed8360, 0x0000000002ed8cd8]
Event: 6.312 Thread 0x000000005528a800 1553       3       com.android.dx.dex.file.ValueEncoder::addContents (75 bytes)
Event: 6.312 Thread 0x0000000055289000 1554       4       java.util.TreeMap::put (247 bytes)
Event: 6.314 Thread 0x000000005528a800 nmethod 1553 0x0000000002edd710 code [0x0000000002edd9c0, 0x0000000002edef98]

GC Heap History (4 events):
Event: 2.508 GC heap before
{Heap before GC invocations=1 (full 0):
 PSYoungGen      total 18944K, used 16384K [0x00000000eab00000, 0x00000000ec000000, 0x0000000100000000)
  eden space 16384K, 100% used [0x00000000eab00000,0x00000000ebb00000,0x00000000ebb00000)
  from space 2560K, 0% used [0x00000000ebd80000,0x00000000ebd80000,0x00000000ec000000)
  to   space 2560K, 0% used [0x00000000ebb00000,0x00000000ebb00000,0x00000000ebd80000)
 ParOldGen       total 44032K, used 0K [0x00000000c0000000, 0x00000000c2b00000, 0x00000000eab00000)
  object space 44032K, 0% used [0x00000000c0000000,0x00000000c0000000,0x00000000c2b00000)
 Metaspace       used 5377K, capacity 6448K, committed 6528K, reserved 1056768K
  class space    used 584K, capacity 616K, committed 640K, reserved 1048576K
Event: 2.588 GC heap after
Heap after GC invocations=1 (full 0):
 PSYoungGen      total 18944K, used 2540K [0x00000000eab00000, 0x00000000ed000000, 0x0000000100000000)
  eden space 16384K, 0% used [0x00000000eab00000,0x00000000eab00000,0x00000000ebb00000)
  from space 2560K, 99% used [0x00000000ebb00000,0x00000000ebd7b120,0x00000000ebd80000)
  to   space 2560K, 0% used [0x00000000ecd80000,0x00000000ecd80000,0x00000000ed000000)
 ParOldGen       total 44032K, used 778K [0x00000000c0000000, 0x00000000c2b00000, 0x00000000eab00000)
  object space 44032K, 1% used [0x00000000c0000000,0x00000000c00c2be0,0x00000000c2b00000)
 Metaspace       used 5377K, capacity 6448K, committed 6528K, reserved 1056768K
  class space    used 584K, capacity 616K, committed 640K, reserved 1048576K
}
Event: 4.635 GC heap before
{Heap before GC invocations=2 (full 0):
 PSYoungGen      total 18944K, used 18924K [0x00000000eab00000, 0x00000000ed000000, 0x0000000100000000)
  eden space 16384K, 100% used [0x00000000eab00000,0x00000000ebb00000,0x00000000ebb00000)
  from space 2560K, 99% used [0x00000000ebb00000,0x00000000ebd7b120,0x00000000ebd80000)
  to   space 2560K, 0% used [0x00000000ecd80000,0x00000000ecd80000,0x00000000ed000000)
 ParOldGen       total 44032K, used 778K [0x00000000c0000000, 0x00000000c2b00000, 0x00000000eab00000)
  object space 44032K, 1% used [0x00000000c0000000,0x00000000c00c2be0,0x00000000c2b00000)
 Metaspace       used 5973K, capacity 6960K, committed 7040K, reserved 1056768K
  class space    used 588K, capacity 616K, committed 640K, reserved 1048576K
Event: 4.688 GC heap after
Heap after GC invocations=2 (full 0):
 PSYoungGen      total 35328K, used 2528K [0x00000000eab00000, 0x00000000ed000000, 0x0000000100000000)
  eden space 32768K, 0% used [0x00000000eab00000,0x00000000eab00000,0x00000000ecb00000)
  from space 2560K, 98% used [0x00000000ecd80000,0x00000000ecff8038,0x00000000ed000000)
  to   space 2560K, 0% used [0x00000000ecb00000,0x00000000ecb00000,0x00000000ecd80000)
 ParOldGen       total 44032K, used 2688K [0x00000000c0000000, 0x00000000c2b00000, 0x00000000eab00000)
  object space 44032K, 6% used [0x00000000c0000000,0x00000000c02a0210,0x00000000c2b00000)
 Metaspace       used 5973K, capacity 6960K, committed 7040K, reserved 1056768K
  class space    used 588K, capacity 616K, committed 640K, reserved 1048576K
}

Deoptimization events (5 events):
Event: 3.558 Thread 0x0000000057148000 Uncommon trap: reason=unreached action=reinterpret pc=0x0000000002c3c420 method=com.android.dx.rop.code.LocalItem.hashCode()I @ 25
Event: 3.559 Thread 0x0000000057148000 Uncommon trap: reason=unreached action=reinterpret pc=0x0000000002c13c18 method=com.android.dx.rop.code.LocalItem.hashCode()I @ 25
Event: 4.725 Thread 0x0000000057147000 Uncommon trap: reason=unreached action=reinterpret pc=0x0000000002dda540 method=com.android.dx.util.LabeledList.set(ILcom/android/dx/util/LabeledItem;)V @ 16
Event: 5.194 Thread 0x000000005702e000 Uncommon trap: reason=class_check action=maybe_recompile pc=0x0000000002e774dc method=com.android.dx.ssa.SsaMethod.isRegALocal(Lcom/android/dx/rop/code/RegisterSpec;)Z @ 16
Event: 5.194 Thread 0x000000005702e000 Uncommon trap: reason=class_check action=maybe_recompile pc=0x0000000002e774dc method=com.android.dx.ssa.SsaMethod.isRegALocal(Lcom/android/dx/rop/code/RegisterSpec;)Z @ 16

Internal exceptions (10 events):
Event: 2.421 Thread 0x0000000057148000 Exception <a 'java/security/PrivilegedActionException'> (0x00000000eb93ef68) thrown at [C:\workspace\8-2-build-windows-amd64-cygwin\jdk8u31\2394\hotspot\src\share\vm\prims\jvm.cpp, line 1312]
Event: 2.423 Thread 0x0000000057148000 Exception <a 'java/security/PrivilegedActionException'> (0x00000000eb943848) thrown at [C:\workspace\8-2-build-windows-amd64-cygwin\jdk8u31\2394\hotspot\src\share\vm\prims\jvm.cpp, line 1312]
Event: 2.446 Thread 0x000000000226e000 Exception <a 'java/security/PrivilegedActionException'> (0x00000000eba583e8) thrown at [C:\workspace\8-2-build-windows-amd64-cygwin\jdk8u31\2394\hotspot\src\share\vm\prims\jvm.cpp, line 1312]
Event: 2.449 Thread 0x000000000226e000 Exception <a 'java/security/PrivilegedActionException'> (0x00000000eba65370) thrown at [C:\workspace\8-2-build-windows-amd64-cygwin\jdk8u31\2394\hotspot\src\share\vm\prims\jvm.cpp, line 1312]
Event: 2.467 Thread 0x0000000057148000 Exception <a 'java/security/PrivilegedActionException'> (0x00000000ebab8000) thrown at [C:\workspace\8-2-build-windows-amd64-cygwin\jdk8u31\2394\hotspot\src\share\vm\prims\jvm.cpp, line 1312]
Event: 2.483 Thread 0x0000000057148000 Exception <a 'java/security/PrivilegedActionException'> (0x00000000ebad89e8) thrown at [C:\workspace\8-2-build-windows-amd64-cygwin\jdk8u31\2394\hotspot\src\share\vm\prims\jvm.cpp, line 1312]
Event: 2.599 Thread 0x0000000057148000 Exception <a 'java/security/PrivilegedActionException'> (0x00000000eab07818) thrown at [C:\workspace\8-2-build-windows-amd64-cygwin\jdk8u31\2394\hotspot\src\share\vm\prims\jvm.cpp, line 1312]
Event: 3.445 Thread 0x000000000226e000 Exception <a 'java/security/PrivilegedActionException'> (0x00000000eae6e5e8) thrown at [C:\workspace\8-2-build-windows-amd64-cygwin\jdk8u31\2394\hotspot\src\share\vm\prims\jvm.cpp, line 1312]
Event: 3.448 Thread 0x0000000057148000 Exception <a 'java/security/PrivilegedActionException'> (0x00000000eaf088a8) thrown at [C:\workspace\8-2-build-windows-amd64-cygwin\jdk8u31\2394\hotspot\src\share\vm\prims\jvm.cpp, line 1312]
Event: 4.720 Thread 0x0000000057147000 Exception <a 'java/security/PrivilegedActionException'> (0x00000000eac6b110) thrown at [C:\workspace\8-2-build-windows-amd64-cygwin\jdk8u31\2394\hotspot\src\share\vm\prims\jvm.cpp, line 1312]

Events (10 events):
Event: 4.720 loading class com/android/dx/cf/code/BytecodeArray$ConstantParserVisitor done
Event: 4.725 Thread 0x0000000057147000 Uncommon trap: trap_request=0xffffffad fr.pc=0x0000000002dda540
Event: 4.725 Thread 0x0000000057147000 DEOPT PACKING pc=0x0000000002dda540 sp=0x0000000057e6e6b0
Event: 4.725 Thread 0x0000000057147000 DEOPT UNPACKING pc=0x000000000290556a sp=0x0000000057e6e698 mode 2
Event: 5.194 Thread 0x000000005702e000 Uncommon trap: trap_request=0xffffffde fr.pc=0x0000000002e774dc
Event: 5.194 Thread 0x000000005702e000 DEOPT PACKING pc=0x0000000002e774dc sp=0x0000000057b3e590
Event: 5.194 Thread 0x000000005702e000 DEOPT UNPACKING pc=0x000000000290556a sp=0x0000000057b3e4c8 mode 2
Event: 5.194 Thread 0x000000005702e000 Uncommon trap: trap_request=0xffffffde fr.pc=0x0000000002e774dc
Event: 5.194 Thread 0x000000005702e000 DEOPT PACKING pc=0x0000000002e774dc sp=0x0000000057b3e630
Event: 5.194 Thread 0x000000005702e000 DEOPT UNPACKING pc=0x000000000290556a sp=0x0000000057b3e568 mode 2


Dynamic libraries:
0x000000013f8a0000 - 0x000000013f8d4000 	C:\Program Files\Java\jdk1.8.0_31\bin\java.exe
0x0000000077040000 - 0x00000000771eb000 	C:\Windows\SYSTEM32\ntdll.dll
0x0000000076e20000 - 0x0000000076f3f000 	C:\Windows\system32\kernel32.dll
0x000007fefd300000 - 0x000007fefd36b000 	C:\Windows\system32\KERNELBASE.dll
0x000007fefed30000 - 0x000007fefee0b000 	C:\Windows\system32\ADVAPI32.dll
0x000007feff070000 - 0x000007feff10f000 	C:\Windows\system32\msvcrt.dll
0x000007fefea90000 - 0x000007fefeaaf000 	C:\Windows\SYSTEM32\sechost.dll
0x000007fefe4c0000 - 0x000007fefe5ee000 	C:\Windows\system32\RPCRT4.dll
0x0000000076f40000 - 0x000000007703a000 	C:\Windows\system32\USER32.dll
0x000007feff110000 - 0x000007feff177000 	C:\Windows\system32\GDI32.dll
0x000007fefec30000 - 0x000007fefec3e000 	C:\Windows\system32\LPK.dll
0x000007fefe8e0000 - 0x000007fefe9aa000 	C:\Windows\system32\USP10.dll
0x000007fefbc20000 - 0x000007fefbe14000 	C:\Windows\WinSxS\amd64_microsoft.windows.common-controls_6595b64144ccf1df_6.0.7600.16385_none_fa645303170382f6\COMCTL32.dll
0x000007feff1a0000 - 0x000007feff211000 	C:\Windows\system32\SHLWAPI.dll
0x000007fefe640000 - 0x000007fefe66e000 	C:\Windows\system32\IMM32.DLL
0x000007fefe1a0000 - 0x000007fefe2a9000 	C:\Windows\system32\MSCTF.dll
0x000000006c690000 - 0x000000006c762000 	C:\Program Files\Java\jdk1.8.0_31\jre\bin\msvcr100.dll
0x000000006bdf0000 - 0x000000006c64a000 	C:\Program Files\Java\jdk1.8.0_31\jre\bin\server\jvm.dll
0x000007fef91e0000 - 0x000007fef91e9000 	C:\Windows\system32\WSOCK32.dll
0x000007fefe5f0000 - 0x000007fefe63d000 	C:\Windows\system32\WS2_32.dll
0x000007fefe670000 - 0x000007fefe678000 	C:\Windows\system32\NSI.dll
0x000007fefae00000 - 0x000007fefae3b000 	C:\Windows\system32\WINMM.dll
0x0000000077210000 - 0x0000000077217000 	C:\Windows\system32\PSAPI.DLL
0x0000000074210000 - 0x000000007421f000 	C:\Program Files\Java\jdk1.8.0_31\jre\bin\verify.dll
0x00000000741e0000 - 0x0000000074208000 	C:\Program Files\Java\jdk1.8.0_31\jre\bin\java.dll
0x00000000741c0000 - 0x00000000741d6000 	C:\Program Files\Java\jdk1.8.0_31\jre\bin\zip.dll
0x000007fefd370000 - 0x000007fefe0f6000 	C:\Windows\system32\SHELL32.dll
0x000007fefe2b0000 - 0x000007fefe4b1000 	C:\Windows\system32\ole32.dll
0x000007fefcfa0000 - 0x000007fefcfaf000 	C:\Windows\system32\profapi.dll

VM Arguments:
jvm_args: -Djava.awt.headless=true -Xmx1024M -Dfile.encoding=windows-1252 -Duser.country=US -Duser.language=en -Duser.variant 
java_command: com.android.dx.command.Main --dex --force-jumbo --num-threads=4 --multi-dex --output C:\Users\Eagle\AndroidStudioProjects\ArPoint\app\build\intermediates\transforms\dex\debug\folders\1000\10\httpclient-4.4.1.1_5318878de9d64afa8bd86fea4cfe4f56b2606210 C:\Users\Eagle\.gradle\caches\modules-2\files-2.1\cz.msebera.android\httpclient\4.4.1.1\c8d96f6fd2bcc179c312da33ee670a71188cc60d\httpclient-4.4.1.1.jar
java_class_path (initial): C:\Users\Eagle\AppData\Local\Android\sdk\build-tools\23.0.2\lib\dx.jar
Launcher Type: SUN_STANDARD

Environment Variables:



---------------  S Y S T E M  ---------------

OS: Windows 7 , 64 bit Build 7600 

CPU:total 4 (2 cores per cpu, 2 threads per core) family 6 model 42 stepping 7, cmov, cx8, fxsr, mmx, sse, sse2, sse3, ssse3, sse4.1, sse4.2, popcnt, clmul, ht, tsc, tscinvbit

Memory: 4k page, physical 4088768k(346904k free), swap 5984040k(5048k free)

vm_info: Java HotSpot(TM) 64-Bit Server VM (25.31-b07) for windows-amd64 JRE (1.8.0_31-b13), built on Dec 17 2014 21:00:28 by "java_re" with MS VC++ 10.0 (VS2010)

time: Tue Jul 26 00:17:44 2016
elapsed time: 6 seconds (0d 0h 0m 6s)

