#
# There is insufficient memory for the Java Runtime Environment to continue.
# Native memory allocation (malloc) failed to allocate 694096 bytes for Chunk::new
# Possible reasons:
#   The system is out of physical RAM or swap space
#   In 32 bit mode, the process size limit was hit
# Possible solutions:
#   Reduce memory load on the system
#   Increase physical memory or swap space
#   Check if swap backing store is full
#   Use 64 bit Java on a 64 bit OS
#   Decrease Java heap size (-Xmx/-Xms)
#   Decrease number of Java threads
#   Decrease Java thread stack sizes (-Xss)
#   Set larger code cache with -XX:ReservedCodeCacheSize=
# This output file may be truncated or incomplete.
#
#  Out of Memory Error (allocation.cpp:390), pid=6720, tid=6312
#
# JRE version: Java(TM) SE Runtime Environment (8.0_31-b13) (build 1.8.0_31-b13)
# Java VM: Java HotSpot(TM) 64-Bit Server VM (25.31-b07 mixed mode windows-amd64 compressed oops)
# Failed to write core dump. Minidumps are not enabled by default on client versions of Windows
#

---------------  T H R E A D  ---------------

Current thread (0x0000000054edb800):  JavaThread "C2 CompilerThread1" daemon [_thread_in_native, id=6312, stack(0x00000000567a0000,0x00000000568a0000)]

Stack: [0x00000000567a0000,0x00000000568a0000]
Native frames: (J=compiled Java code, j=interpreted, Vv=VM code, C=native code)
V  [jvm.dll+0x3169ba]


Current CompileTask:
C2:   4990 1224       4       com.android.dx.ssa.SCCP::simulateBlock (54 bytes)


---------------  P R O C E S S  ---------------

Java Threads: ( => current thread )
  0x0000000056cfe000 JavaThread "pool-2-thread-4" [_thread_in_Java, id=5400, stack(0x00000000575e0000,0x00000000576e0000)]
  0x0000000056c8b800 JavaThread "pool-2-thread-3" [_thread_blocked, id=5864, stack(0x0000000057720000,0x0000000057820000)]
  0x0000000056c89800 JavaThread "pool-2-thread-2" [_thread_blocked, id=6480, stack(0x0000000056ec0000,0x0000000056fc0000)]
  0x0000000056c87000 JavaThread "pool-3-thread-1" [_thread_blocked, id=5492, stack(0x00000000574b0000,0x00000000575b0000)]
  0x0000000056c86800 JavaThread "pool-2-thread-1" [_thread_in_Java, id=6760, stack(0x00000000573b0000,0x00000000574b0000)]
  0x0000000056a4c000 JavaThread "Service Thread" daemon [_thread_blocked, id=2208, stack(0x0000000056fd0000,0x00000000570d0000)]
  0x0000000054edd000 JavaThread "C1 CompilerThread2" daemon [_thread_in_native, id=6740, stack(0x0000000056920000,0x0000000056a20000)]
=>0x0000000054edb800 JavaThread "C2 CompilerThread1" daemon [_thread_in_native, id=6312, stack(0x00000000567a0000,0x00000000568a0000)]
  0x0000000054ed6000 JavaThread "C2 CompilerThread0" daemon [_thread_in_native, id=1092, stack(0x0000000055f30000,0x0000000056030000)]
  0x0000000054ed4800 JavaThread "Attach Listener" daemon [_thread_blocked, id=2220, stack(0x0000000056580000,0x0000000056680000)]
  0x0000000054ed1800 JavaThread "Signal Dispatcher" daemon [_thread_blocked, id=6064, stack(0x00000000563e0000,0x00000000564e0000)]
  0x0000000054e70000 JavaThread "Finalizer" daemon [_thread_blocked, id=940, stack(0x0000000056240000,0x0000000056340000)]
  0x0000000054e6c800 JavaThread "Reference Handler" daemon [_thread_blocked, id=6316, stack(0x0000000056100000,0x0000000056200000)]
  0x000000000208e000 JavaThread "main" [_thread_blocked, id=5960, stack(0x0000000002370000,0x0000000002470000)]

Other Threads:
  0x0000000054e69000 VMThread [stack: 0x0000000055e10000,0x0000000055f10000] [id=960]
  0x0000000056a4f800 WatcherThread [stack: 0x00000000571c0000,0x00000000572c0000] [id=6604]

VM state:not at safepoint (normal execution)

VM Mutex/Monitor currently owned by a thread: None

Heap:
 PSYoungGen      total 35328K, used 26376K [0x00000000eab00000, 0x00000000ed000000, 0x0000000100000000)
  eden space 32768K, 72% used [0x00000000eab00000,0x00000000ec246050,0x00000000ecb00000)
  from space 2560K, 99% used [0x00000000ecb00000,0x00000000ecd7c260,0x00000000ecd80000)
  to   space 2560K, 0% used [0x00000000ecd80000,0x00000000ecd80000,0x00000000ed000000)
 ParOldGen       total 44032K, used 10905K [0x00000000c0000000, 0x00000000c2b00000, 0x00000000eab00000)
  object space 44032K, 24% used [0x00000000c0000000,0x00000000c0aa6518,0x00000000c2b00000)
 Metaspace       used 6116K, capacity 7064K, committed 7424K, reserved 1056768K
  class space    used 606K, capacity 656K, committed 768K, reserved 1048576K

Card table byte_map: [0x0000000011b00000,0x0000000011d10000] byte_map_base: 0x0000000011500000

Marking Bits: (ParMarkBitMap*) 0x000000006c5cd4f0
 Begin Bits: [0x00000000122e0000, 0x00000000132e0000)
 End Bits:   [0x00000000132e0000, 0x00000000142e0000)

Polling page: 0x0000000000430000

CodeCache: size=245760Kb used=3765Kb max_used=3765Kb free=241994Kb
 bounds [0x0000000002740000, 0x0000000002b00000, 0x0000000011740000]
 total_blobs=1360 nmethods=1095 adapters=178
 compilation: enabled

Compilation events (10 events):
Event: 4.850 Thread 0x0000000054edb800 nmethod 1193 0x0000000002ac9d50 code [0x0000000002ac9f60, 0x0000000002acad80]
Event: 4.850 Thread 0x0000000054edb800 1279 %     4       com.android.dx.ssa.SsaMethod::computeReachability @ 52 (131 bytes)
Event: 4.877 Thread 0x0000000054edb800 nmethod 1279% 0x0000000002acc850 code [0x0000000002acca00, 0x0000000002acd378]
Event: 4.877 Thread 0x0000000054edb800 1224       4       com.android.dx.ssa.SCCP::simulateBlock (54 bytes)
Event: 4.891 Thread 0x0000000054ed6000 nmethod 1230 0x0000000002acde10 code [0x0000000002ace0a0, 0x0000000002acf840]
Event: 4.891 Thread 0x0000000054ed6000 1170       4       com.android.dx.rop.code.PlainInsn::<init> (73 bytes)
Event: 4.893 Thread 0x0000000054ed6000 nmethod 1170 0x0000000002879710 code [0x0000000002879860, 0x0000000002879998]
Event: 4.893 Thread 0x0000000054ed6000 1242       4       com.android.dx.ssa.SsaMethod::updateOneDefinition (70 bytes)
Event: 4.895 Thread 0x0000000054ed6000 nmethod 1242 0x0000000002aae3d0 code [0x0000000002aae520, 0x0000000002aae638]
Event: 4.895 Thread 0x0000000054ed6000 1243       4       com.android.dx.ssa.SsaInsn::mapRegisters (35 bytes)

GC Heap History (6 events):
Event: 2.253 GC heap before
{Heap before GC invocations=1 (full 0):
 PSYoungGen      total 18944K, used 16384K [0x00000000eab00000, 0x00000000ec000000, 0x0000000100000000)
  eden space 16384K, 100% used [0x00000000eab00000,0x00000000ebb00000,0x00000000ebb00000)
  from space 2560K, 0% used [0x00000000ebd80000,0x00000000ebd80000,0x00000000ec000000)
  to   space 2560K, 0% used [0x00000000ebb00000,0x00000000ebb00000,0x00000000ebd80000)
 ParOldGen       total 44032K, used 0K [0x00000000c0000000, 0x00000000c2b00000, 0x00000000eab00000)
  object space 44032K, 0% used [0x00000000c0000000,0x00000000c0000000,0x00000000c2b00000)
 Metaspace       used 5556K, capacity 6576K, committed 6784K, reserved 1056768K
  class space    used 585K, capacity 616K, committed 640K, reserved 1048576K
Event: 2.832 GC heap after
Heap after GC invocations=1 (full 0):
 PSYoungGen      total 18944K, used 2554K [0x00000000eab00000, 0x00000000ed000000, 0x0000000100000000)
  eden space 16384K, 0% used [0x00000000eab00000,0x00000000eab00000,0x00000000ebb00000)
  from space 2560K, 99% used [0x00000000ebb00000,0x00000000ebd7ea98,0x00000000ebd80000)
  to   space 2560K, 0% used [0x00000000ecd80000,0x00000000ecd80000,0x00000000ed000000)
 ParOldGen       total 44032K, used 1557K [0x00000000c0000000, 0x00000000c2b00000, 0x00000000eab00000)
  object space 44032K, 3% used [0x00000000c0000000,0x00000000c0185728,0x00000000c2b00000)
 Metaspace       used 5556K, capacity 6576K, committed 6784K, reserved 1056768K
  class space    used 585K, capacity 616K, committed 640K, reserved 1048576K
}
Event: 3.368 GC heap before
{Heap before GC invocations=2 (full 0):
 PSYoungGen      total 18944K, used 18938K [0x00000000eab00000, 0x00000000ed000000, 0x0000000100000000)
  eden space 16384K, 100% used [0x00000000eab00000,0x00000000ebb00000,0x00000000ebb00000)
  from space 2560K, 99% used [0x00000000ebb00000,0x00000000ebd7ea98,0x00000000ebd80000)
  to   space 2560K, 0% used [0x00000000ecd80000,0x00000000ecd80000,0x00000000ed000000)
 ParOldGen       total 44032K, used 1557K [0x00000000c0000000, 0x00000000c2b00000, 0x00000000eab00000)
  object space 44032K, 3% used [0x00000000c0000000,0x00000000c0185728,0x00000000c2b00000)
 Metaspace       used 5787K, capacity 6768K, committed 7040K, reserved 1056768K
  class space    used 585K, capacity 616K, committed 640K, reserved 1048576K
Event: 3.937 GC heap after
Heap after GC invocations=2 (full 0):
 PSYoungGen      total 35328K, used 2528K [0x00000000eab00000, 0x00000000ed000000, 0x0000000100000000)
  eden space 32768K, 0% used [0x00000000eab00000,0x00000000eab00000,0x00000000ecb00000)
  from space 2560K, 98% used [0x00000000ecd80000,0x00000000ecff8028,0x00000000ed000000)
  to   space 2560K, 0% used [0x00000000ecb00000,0x00000000ecb00000,0x00000000ecd80000)
 ParOldGen       total 44032K, used 4416K [0x00000000c0000000, 0x00000000c2b00000, 0x00000000eab00000)
  object space 44032K, 10% used [0x00000000c0000000,0x00000000c04502b8,0x00000000c2b00000)
 Metaspace       used 5787K, capacity 6768K, committed 7040K, reserved 1056768K
  class space    used 585K, capacity 616K, committed 640K, reserved 1048576K
}
Event: 4.481 GC heap before
{Heap before GC invocations=3 (full 0):
 PSYoungGen      total 35328K, used 35296K [0x00000000eab00000, 0x00000000ed000000, 0x0000000100000000)
  eden space 32768K, 100% used [0x00000000eab00000,0x00000000ecb00000,0x00000000ecb00000)
  from space 2560K, 98% used [0x00000000ecd80000,0x00000000ecff8028,0x00000000ed000000)
  to   space 2560K, 0% used [0x00000000ecb00000,0x00000000ecb00000,0x00000000ecd80000)
 ParOldGen       total 44032K, used 4416K [0x00000000c0000000, 0x00000000c2b00000, 0x00000000eab00000)
  object space 44032K, 10% used [0x00000000c0000000,0x00000000c04502b8,0x00000000c2b00000)
 Metaspace       used 6022K, capacity 6936K, committed 7168K, reserved 1056768K
  class space    used 606K, capacity 656K, committed 768K, reserved 1048576K
Event: 4.551 GC heap after
Heap after GC invocations=3 (full 0):
 PSYoungGen      total 35328K, used 2544K [0x00000000eab00000, 0x00000000ed000000, 0x0000000100000000)
  eden space 32768K, 0% used [0x00000000eab00000,0x00000000eab00000,0x00000000ecb00000)
  from space 2560K, 99% used [0x00000000ecb00000,0x00000000ecd7c260,0x00000000ecd80000)
  to   space 2560K, 0% used [0x00000000ecd80000,0x00000000ecd80000,0x00000000ed000000)
 ParOldGen       total 44032K, used 10905K [0x00000000c0000000, 0x00000000c2b00000, 0x00000000eab00000)
  object space 44032K, 24% used [0x00000000c0000000,0x00000000c0aa6518,0x00000000c2b00000)
 Metaspace       used 6022K, capacity 6936K, committed 7168K, reserved 1056768K
  class space    used 606K, capacity 656K, committed 768K, reserved 1048576K
}

Deoptimization events (8 events):
Event: 2.883 Thread 0x0000000056c89800 Uncommon trap: reason=bimorphic action=maybe_recompile pc=0x000000000294e5fc method=java.util.HashMap.getNode(ILjava/lang/Object;)Ljava/util/HashMap$Node; @ 126
Event: 2.884 Thread 0x0000000056c89800 Uncommon trap: reason=bimorphic action=maybe_recompile pc=0x000000000294e5fc method=java.util.HashMap.getNode(ILjava/lang/Object;)Ljava/util/HashMap$Node; @ 126
Event: 3.160 Thread 0x0000000056c89800 Uncommon trap: reason=null_check action=make_not_entrant pc=0x00000000029cf508 method=com.android.dx.ssa.SsaRenamer.getLocalForNewReg(I)Lcom/android/dx/rop/code/LocalItem; @ 19
Event: 3.160 Thread 0x0000000056c89800 Uncommon trap: reason=null_check action=make_not_entrant pc=0x00000000029a683c method=com.android.dx.ssa.SsaRenamer.getLocalForNewReg(I)Lcom/android/dx/rop/code/LocalItem; @ 19
Event: 3.265 Thread 0x0000000056c8b800 Uncommon trap: reason=bimorphic action=maybe_recompile pc=0x000000000294e5fc method=java.util.HashMap.getNode(ILjava/lang/Object;)Ljava/util/HashMap$Node; @ 126
Event: 3.361 Thread 0x0000000056c89800 Uncommon trap: reason=predicate action=maybe_recompile pc=0x0000000002a9fbb4 method=java.util.ArrayList.remove(Ljava/lang/Object;)Z @ 49
Event: 4.180 Thread 0x0000000056c86800 Uncommon trap: reason=bimorphic action=maybe_recompile pc=0x000000000294e5fc method=java.util.HashMap.getNode(ILjava/lang/Object;)Ljava/util/HashMap$Node; @ 126
Event: 4.823 Thread 0x0000000056c89800 Uncommon trap: reason=unreached action=reinterpret pc=0x00000000029f9f20 method=java.util.HashMap.putVal(ILjava/lang/Object;Ljava/lang/Object;ZZ)Ljava/lang/Object; @ 109

Internal exceptions (10 events):
Event: 2.095 Thread 0x0000000056c89800 Exception <a 'java/security/PrivilegedActionException'> (0x00000000eb716c08) thrown at [C:\workspace\8-2-build-windows-amd64-cygwin\jdk8u31\2394\hotspot\src\share\vm\prims\jvm.cpp, line 1312]
Event: 2.096 Thread 0x000000000208e000 Exception <a 'java/security/PrivilegedActionException'> (0x00000000eb759cf8) thrown at [C:\workspace\8-2-build-windows-amd64-cygwin\jdk8u31\2394\hotspot\src\share\vm\prims\jvm.cpp, line 1312]
Event: 2.132 Thread 0x000000000208e000 Exception <a 'java/security/PrivilegedActionException'> (0x00000000eb821250) thrown at [C:\workspace\8-2-build-windows-amd64-cygwin\jdk8u31\2394\hotspot\src\share\vm\prims\jvm.cpp, line 1312]
Event: 3.160 Thread 0x0000000056c89800 Implicit null exception at 0x00000000029cd403 to 0x00000000029cf4e1
Event: 3.160 Thread 0x0000000056c89800 Implicit null exception at 0x00000000029a476d to 0x00000000029a6819
Event: 4.194 Thread 0x0000000056c8b800 Exception <a 'java/lang/ArrayIndexOutOfBoundsException': 18> (0x00000000ebacd390) thrown at [C:\workspace\8-2-build-windows-amd64-cygwin\jdk8u31\2394\hotspot\src\share\vm\interpreter\interpreterRuntime.cpp, line 366]
Event: 4.194 Thread 0x0000000056c8b800 Exception <a 'java/lang/ArrayIndexOutOfBoundsException': 145> (0x00000000ebacee28) thrown at [C:\workspace\8-2-build-windows-amd64-cygwin\jdk8u31\2394\hotspot\src\share\vm\interpreter\interpreterRuntime.cpp, line 366]
Event: 4.195 Thread 0x0000000056c8b800 Exception <a 'java/lang/ArrayIndexOutOfBoundsException': 40> (0x00000000ebad0040) thrown at [C:\workspace\8-2-build-windows-amd64-cygwin\jdk8u31\2394\hotspot\src\share\vm\interpreter\interpreterRuntime.cpp, line 366]
Event: 4.315 Thread 0x0000000056cfe000 Exception <a 'java/security/PrivilegedActionException'> (0x00000000ec190f10) thrown at [C:\workspace\8-2-build-windows-amd64-cygwin\jdk8u31\2394\hotspot\src\share\vm\prims\jvm.cpp, line 1312]
Event: 4.593 Thread 0x0000000056c8b800 Exception <a 'java/security/PrivilegedActionException'> (0x00000000ead359f8) thrown at [C:\workspace\8-2-build-windows-amd64-cygwin\jdk8u31\2394\hotspot\src\share\vm\prims\jvm.cpp, line 1312]

Events (10 events):
Event: 4.755 Thread 0x0000000054edd000 flushing nmethod 0x00000000028a3790
Event: 4.776 Thread 0x0000000056c8b800 DEOPT PACKING pc=0x0000000002a47ba0 sp=0x000000005781e6e0
Event: 4.776 Thread 0x0000000056c8b800 DEOPT UNPACKING pc=0x00000000027871bf sp=0x000000005781e4d0 mode 0
Event: 4.782 Thread 0x0000000056c89800 DEOPT PACKING pc=0x0000000002966c14 sp=0x0000000056fbe8c0
Event: 4.782 Thread 0x0000000056c89800 DEOPT UNPACKING pc=0x00000000027871bf sp=0x0000000056fbe5f0 mode 0
Event: 4.823 Thread 0x0000000056c89800 Uncommon trap: trap_request=0xffffffad fr.pc=0x00000000029f9f20
Event: 4.823 Thread 0x0000000056c89800 DEOPT PACKING pc=0x00000000029f9f20 sp=0x0000000056fbe6b0
Event: 4.823 Thread 0x0000000056c89800 DEOPT UNPACKING pc=0x000000000278556a sp=0x0000000056fbe548 mode 2
Event: 4.833 Thread 0x0000000056c89800 DEOPT PACKING pc=0x00000000029891b2 sp=0x0000000056fbe6a0
Event: 4.833 Thread 0x0000000056c89800 DEOPT UNPACKING pc=0x00000000027871bf sp=0x0000000056fbe3e8 mode 0


Dynamic libraries:
0x000000013f8a0000 - 0x000000013f8d4000 	C:\Program Files\Java\jdk1.8.0_31\bin\java.exe
0x0000000077040000 - 0x00000000771eb000 	C:\Windows\SYSTEM32\ntdll.dll
0x0000000076e20000 - 0x0000000076f3f000 	C:\Windows\system32\kernel32.dll
0x000007fefd300000 - 0x000007fefd36b000 	C:\Windows\system32\KERNELBASE.dll
0x000007fefed30000 - 0x000007fefee0b000 	C:\Windows\system32\ADVAPI32.dll
0x000007feff070000 - 0x000007feff10f000 	C:\Windows\system32\msvcrt.dll
0x000007fefea90000 - 0x000007fefeaaf000 	C:\Windows\SYSTEM32\sechost.dll
0x000007fefe4c0000 - 0x000007fefe5ee000 	C:\Windows\system32\RPCRT4.dll
0x0000000076f40000 - 0x000000007703a000 	C:\Windows\system32\USER32.dll
0x000007feff110000 - 0x000007feff177000 	C:\Windows\system32\GDI32.dll
0x000007fefec30000 - 0x000007fefec3e000 	C:\Windows\system32\LPK.dll
0x000007fefe8e0000 - 0x000007fefe9aa000 	C:\Windows\system32\USP10.dll
0x000007fefbc20000 - 0x000007fefbe14000 	C:\Windows\WinSxS\amd64_microsoft.windows.common-controls_6595b64144ccf1df_6.0.7600.16385_none_fa645303170382f6\COMCTL32.dll
0x000007feff1a0000 - 0x000007feff211000 	C:\Windows\system32\SHLWAPI.dll
0x000007fefe640000 - 0x000007fefe66e000 	C:\Windows\system32\IMM32.DLL
0x000007fefe1a0000 - 0x000007fefe2a9000 	C:\Windows\system32\MSCTF.dll
0x000000006c690000 - 0x000000006c762000 	C:\Program Files\Java\jdk1.8.0_31\jre\bin\msvcr100.dll
0x000000006bdf0000 - 0x000000006c64a000 	C:\Program Files\Java\jdk1.8.0_31\jre\bin\server\jvm.dll
0x000007fef91e0000 - 0x000007fef91e9000 	C:\Windows\system32\WSOCK32.dll
0x000007fefe5f0000 - 0x000007fefe63d000 	C:\Windows\system32\WS2_32.dll
0x000007fefe670000 - 0x000007fefe678000 	C:\Windows\system32\NSI.dll
0x000007fefae00000 - 0x000007fefae3b000 	C:\Windows\system32\WINMM.dll
0x0000000077210000 - 0x0000000077217000 	C:\Windows\system32\PSAPI.DLL
0x0000000074210000 - 0x000000007421f000 	C:\Program Files\Java\jdk1.8.0_31\jre\bin\verify.dll
0x00000000741e0000 - 0x0000000074208000 	C:\Program Files\Java\jdk1.8.0_31\jre\bin\java.dll
0x00000000741c0000 - 0x00000000741d6000 	C:\Program Files\Java\jdk1.8.0_31\jre\bin\zip.dll
0x000007fefd370000 - 0x000007fefe0f6000 	C:\Windows\system32\SHELL32.dll
0x000007fefe2b0000 - 0x000007fefe4b1000 	C:\Windows\system32\ole32.dll
0x000007fefcfa0000 - 0x000007fefcfaf000 	C:\Windows\system32\profapi.dll

VM Arguments:
jvm_args: -Djava.awt.headless=true -Xmx1024M -Dfile.encoding=windows-1252 -Duser.country=US -Duser.language=en -Duser.variant 
java_command: com.android.dx.command.Main --dex --force-jumbo --num-threads=4 --multi-dex --output C:\Users\Eagle\AndroidStudioProjects\ArPoint\app\build\intermediates\transforms\dex\debug\folders\1000\10\okhttp-3.3.1_d3bbbd9c1e4aaa5c95ebeeeb8c644f35dc68d89f C:\Users\Eagle\.gradle\caches\modules-2\files-2.1\com.squareup.okhttp3\okhttp\3.3.1\19047bdb6a4fc00a44124f64ca98e88fc204e7e3\okhttp-3.3.1.jar
java_class_path (initial): C:\Users\Eagle\AppData\Local\Android\sdk\build-tools\23.0.2\lib\dx.jar
Launcher Type: SUN_STANDARD

Environment Variables:
PATH=C:\ProgramData\Oracle\Java\javapath;C:\Program Files\Java\jdk1.8.0_31\bin\java.exe;C:\Program Files (x86)\Skype\Phone\
USERNAME=Eagle
OS=Windows_NT
PROCESSOR_IDENTIFIER=Intel64 Family 6 Model 42 Stepping 7, GenuineIntel



---------------  S Y S T E M  ---------------

OS: Windows 7 , 64 bit Build 7600 

CPU:total 4 (2 cores per cpu, 2 threads per core) family 6 model 42 stepping 7, cmov, cx8, fxsr, mmx, sse, sse2, sse3, ssse3, sse4.1, sse4.2, popcnt, clmul, ht, tsc, tscinvbit

Memory: 4k page, physical 4088768k(199388k free), swap 5984040k(4748k free)

vm_info: Java HotSpot(TM) 64-Bit Server VM (25.31-b07) for windows-amd64 JRE (1.8.0_31-b13), built on Dec 17 2014 21:00:28 by "java_re" with MS VC++ 10.0 (VS2010)

time: Tue Jul 26 00:16:52 2016
elapsed time: 5 seconds (0d 0h 0m 5s)

