#
# There is insufficient memory for the Java Runtime Environment to continue.
# Native memory allocation (malloc) failed to allocate 1475056 bytes for Chunk::new
# Possible reasons:
#   The system is out of physical RAM or swap space
#   In 32 bit mode, the process size limit was hit
# Possible solutions:
#   Reduce memory load on the system
#   Increase physical memory or swap space
#   Check if swap backing store is full
#   Use 64 bit Java on a 64 bit OS
#   Decrease Java heap size (-Xmx/-Xms)
#   Decrease number of Java threads
#   Decrease Java thread stack sizes (-Xss)
#   Set larger code cache with -XX:ReservedCodeCacheSize=
# This output file may be truncated or incomplete.
#
#  Out of Memory Error (allocation.cpp:390), pid=6172, tid=7020
#
# JRE version: Java(TM) SE Runtime Environment (8.0_31-b13) (build 1.8.0_31-b13)
# Java VM: Java HotSpot(TM) 64-Bit Server VM (25.31-b07 mixed mode windows-amd64 compressed oops)
# Failed to write core dump. Minidumps are not enabled by default on client versions of Windows
#

---------------  T H R E A D  ---------------

Current thread (0x000000005500d000):  JavaThread "C2 CompilerThread1" daemon [_thread_in_native, id=7020, stack(0x0000000056290000,0x0000000056390000)]

Stack: [0x0000000056290000,0x0000000056390000]
Native frames: (J=compiled Java code, j=interpreted, Vv=VM code, C=native code)
V  [jvm.dll+0x3169ba]
V  [jvm.dll+0x2674c3]
V  [jvm.dll+0x268103]
V  [jvm.dll+0x25f8f5]
V  [jvm.dll+0xbf025]
V  [jvm.dll+0xbf4cc]
V  [jvm.dll+0x4798bc]
V  [jvm.dll+0x446e60]
V  [jvm.dll+0x451bce]
V  [jvm.dll+0x4541b8]
V  [jvm.dll+0x437c62]
V  [jvm.dll+0x988e2]
V  [jvm.dll+0x990d3]
V  [jvm.dll+0x22c194]
V  [jvm.dll+0x28576a]
C  [msvcr100.dll+0x21d9f]
C  [msvcr100.dll+0x21e3b]
C  [kernel32.dll+0x1f56d]
C  [ntdll.dll+0x33281]


Current CompileTask:
C2:  12711 1847       4       com.android.dx.cf.code.Simulator$SimVisitor::visitConstant (332 bytes)


---------------  P R O C E S S  ---------------

Java Threads: ( => current thread )
  0x0000000057f75000 JavaThread "pool-2-thread-4" [_thread_blocked, id=6660, stack(0x0000000058f70000,0x0000000059070000)]
  0x00000000573f4000 JavaThread "pool-2-thread-3" [_thread_blocked, id=6680, stack(0x0000000057db0000,0x0000000057eb0000)]
  0x0000000056c73800 JavaThread "pool-2-thread-2" [_thread_blocked, id=6520, stack(0x0000000057a20000,0x0000000057b20000)]
  0x0000000056c02000 JavaThread "pool-3-thread-1" [_thread_blocked, id=5500, stack(0x0000000057bc0000,0x0000000057cc0000)]
  0x0000000056ba2000 JavaThread "pool-2-thread-1" [_thread_blocked, id=4800, stack(0x0000000057900000,0x0000000057a00000)]
  0x0000000056979000 JavaThread "Service Thread" daemon [_thread_blocked, id=540, stack(0x0000000056dd0000,0x0000000056ed0000)]
  0x000000005500e800 JavaThread "C1 CompilerThread2" daemon [_thread_blocked, id=6940, stack(0x0000000056820000,0x0000000056920000)]
=>0x000000005500d000 JavaThread "C2 CompilerThread1" daemon [_thread_in_native, id=7020, stack(0x0000000056290000,0x0000000056390000)]
  0x0000000055005000 JavaThread "C2 CompilerThread0" daemon [_thread_in_native, id=7040, stack(0x0000000055f50000,0x0000000056050000)]
  0x0000000055001800 JavaThread "Attach Listener" daemon [_thread_blocked, id=6824, stack(0x0000000056630000,0x0000000056730000)]
  0x0000000055000000 JavaThread "Signal Dispatcher" daemon [_thread_blocked, id=6900, stack(0x00000000564e0000,0x00000000565e0000)]
  0x0000000054f9e800 JavaThread "Finalizer" daemon [_thread_blocked, id=3672, stack(0x00000000563d0000,0x00000000564d0000)]
  0x0000000054f9b800 JavaThread "Reference Handler" daemon [_thread_blocked, id=488, stack(0x0000000056170000,0x0000000056270000)]
  0x00000000020ee000 JavaThread "main" [_thread_in_native, id=6884, stack(0x0000000002470000,0x0000000002570000)]

Other Threads:
  0x0000000054f98000 VMThread [stack: 0x0000000056060000,0x0000000056160000] [id=2496]
  0x0000000056982000 WatcherThread [stack: 0x0000000056fd0000,0x00000000570d0000] [id=3504]

VM state:not at safepoint (normal execution)

VM Mutex/Monitor currently owned by a thread: None

Heap:
 PSYoungGen      total 77824K, used 56759K [0x00000000eab00000, 0x00000000f4a00000, 0x0000000100000000)
  eden space 65536K, 67% used [0x00000000eab00000,0x00000000ed66ffb8,0x00000000eeb00000)
  from space 12288K, 99% used [0x00000000eeb00000,0x00000000ef6fde78,0x00000000ef700000)
  to   space 15872K, 0% used [0x00000000f3a80000,0x00000000f3a80000,0x00000000f4a00000)
 ParOldGen       total 44032K, used 34410K [0x00000000c0000000, 0x00000000c2b00000, 0x00000000eab00000)
  object space 44032K, 78% used [0x00000000c0000000,0x00000000c219a8f8,0x00000000c2b00000)
 Metaspace       used 5994K, capacity 6928K, committed 7040K, reserved 1056768K
  class space    used 568K, capacity 584K, committed 640K, reserved 1048576K

Card table byte_map: [0x0000000011c00000,0x0000000011e10000] byte_map_base: 0x0000000011600000

Marking Bits: (ParMarkBitMap*) 0x000000006c5cd4f0
 Begin Bits: [0x0000000012410000, 0x0000000013410000)
 End Bits:   [0x0000000013410000, 0x0000000014410000)

Polling page: 0x0000000000340000

CodeCache: size=245760Kb used=8703Kb max_used=8716Kb free=237056Kb
 bounds [0x0000000002840000, 0x00000000030d0000, 0x0000000011840000]
 total_blobs=2069 nmethods=1808 adapters=176
 compilation: enabled

Compilation events (10 events):
Event: 12.287 Thread 0x000000005500e800 1890       3       java.util.concurrent.locks.LockSupport::park (23 bytes)
Event: 12.288 Thread 0x000000005500e800 nmethod 1890 0x000000000308ebd0 code [0x000000000308ed40, 0x000000000308f088]
Event: 12.398 Thread 0x0000000055005000 nmethod 1843 0x0000000003097b10 code [0x0000000003099120, 0x000000000309f3e8]
Event: 12.469 Thread 0x0000000055005000 1893       4       com.android.dx.ssa.DeadCodeRemover::run (194 bytes)
Event: 12.489 Thread 0x000000005500e800 1896   !   3       com.android.dx.cf.code.RopperMachine::run (1550 bytes)
Event: 12.516 Thread 0x000000005500e800 nmethod 1896 0x00000000030a7550 code [0x00000000030a8740, 0x00000000030b6f88]
Event: 12.516 Thread 0x000000005500e800 1899  s    3       com.android.dx.dex.file.FieldIdsSection::intern (55 bytes)
Event: 12.517 Thread 0x000000005500e800 nmethod 1899 0x00000000030965d0 code [0x00000000030967e0, 0x0000000003097488]
Event: 12.517 Thread 0x000000005500e800 1898       3       com.android.dx.rop.code.Insn$BaseVisitor::visitThrowingInsn (1 bytes)
Event: 12.517 Thread 0x000000005500e800 nmethod 1898 0x0000000003096290 code [0x00000000030963e0, 0x0000000003096530]

GC Heap History (10 events):
Event: 2.877 GC heap before
{Heap before GC invocations=3 (full 0):
 PSYoungGen      total 18944K, used 18915K [0x00000000eab00000, 0x00000000ed000000, 0x0000000100000000)
  eden space 16384K, 100% used [0x00000000eab00000,0x00000000ebb00000,0x00000000ebb00000)
  from space 2560K, 98% used [0x00000000ebd80000,0x00000000ebff8c38,0x00000000ec000000)
  to   space 2560K, 0% used [0x00000000ebb00000,0x00000000ebb00000,0x00000000ebd80000)
 ParOldGen       total 44032K, used 9657K [0x00000000c0000000, 0x00000000c2b00000, 0x00000000eab00000)
  object space 44032K, 21% used [0x00000000c0000000,0x00000000c096e408,0x00000000c2b00000)
 Metaspace       used 5636K, capacity 6608K, committed 6784K, reserved 1056768K
  class space    used 564K, capacity 584K, committed 640K, reserved 1048576K
Event: 2.910 GC heap after
Heap after GC invocations=3 (full 0):
 PSYoungGen      total 18944K, used 2544K [0x00000000eab00000, 0x00000000ed000000, 0x0000000100000000)
  eden space 16384K, 0% used [0x00000000eab00000,0x00000000eab00000,0x00000000ebb00000)
  from space 2560K, 99% used [0x00000000ebb00000,0x00000000ebd7c158,0x00000000ebd80000)
  to   space 2560K, 0% used [0x00000000ecd80000,0x00000000ecd80000,0x00000000ed000000)
 ParOldGen       total 44032K, used 15476K [0x00000000c0000000, 0x00000000c2b00000, 0x00000000eab00000)
  object space 44032K, 35% used [0x00000000c0000000,0x00000000c0f1d2d8,0x00000000c2b00000)
 Metaspace       used 5636K, capacity 6608K, committed 6784K, reserved 1056768K
  class space    used 564K, capacity 584K, committed 640K, reserved 1048576K
}
Event: 3.303 GC heap before
{Heap before GC invocations=4 (full 0):
 PSYoungGen      total 18944K, used 18928K [0x00000000eab00000, 0x00000000ed000000, 0x0000000100000000)
  eden space 16384K, 100% used [0x00000000eab00000,0x00000000ebb00000,0x00000000ebb00000)
  from space 2560K, 99% used [0x00000000ebb00000,0x00000000ebd7c158,0x00000000ebd80000)
  to   space 2560K, 0% used [0x00000000ecd80000,0x00000000ecd80000,0x00000000ed000000)
 ParOldGen       total 44032K, used 15476K [0x00000000c0000000, 0x00000000c2b00000, 0x00000000eab00000)
  object space 44032K, 35% used [0x00000000c0000000,0x00000000c0f1d2d8,0x00000000c2b00000)
 Metaspace       used 5644K, capacity 6608K, committed 6784K, reserved 1056768K
  class space    used 564K, capacity 584K, committed 640K, reserved 1048576K
Event: 3.316 GC heap after
Heap after GC invocations=4 (full 0):
 PSYoungGen      total 35328K, used 2558K [0x00000000eab00000, 0x00000000ed000000, 0x0000000100000000)
  eden space 32768K, 0% used [0x00000000eab00000,0x00000000eab00000,0x00000000ecb00000)
  from space 2560K, 99% used [0x00000000ecd80000,0x00000000ecfffb10,0x00000000ed000000)
  to   space 2560K, 0% used [0x00000000ecb00000,0x00000000ecb00000,0x00000000ecd80000)
 ParOldGen       total 44032K, used 21817K [0x00000000c0000000, 0x00000000c2b00000, 0x00000000eab00000)
  object space 44032K, 49% used [0x00000000c0000000,0x00000000c154e6c0,0x00000000c2b00000)
 Metaspace       used 5644K, capacity 6608K, committed 6784K, reserved 1056768K
  class space    used 564K, capacity 584K, committed 640K, reserved 1048576K
}
Event: 4.145 GC heap before
{Heap before GC invocations=5 (full 0):
 PSYoungGen      total 35328K, used 35326K [0x00000000eab00000, 0x00000000ed000000, 0x0000000100000000)
  eden space 32768K, 100% used [0x00000000eab00000,0x00000000ecb00000,0x00000000ecb00000)
  from space 2560K, 99% used [0x00000000ecd80000,0x00000000ecfffb10,0x00000000ed000000)
  to   space 2560K, 0% used [0x00000000ecb00000,0x00000000ecb00000,0x00000000ecd80000)
 ParOldGen       total 44032K, used 21817K [0x00000000c0000000, 0x00000000c2b00000, 0x00000000eab00000)
  object space 44032K, 49% used [0x00000000c0000000,0x00000000c154e6c0,0x00000000c2b00000)
 Metaspace       used 5655K, capacity 6608K, committed 6784K, reserved 1056768K
  class space    used 564K, capacity 584K, committed 640K, reserved 1048576K
Event: 4.423 GC heap after
Heap after GC invocations=5 (full 0):
 PSYoungGen      total 35328K, used 2551K [0x00000000eab00000, 0x00000000f0400000, 0x0000000100000000)
  eden space 32768K, 0% used [0x00000000eab00000,0x00000000eab00000,0x00000000ecb00000)
  from space 2560K, 99% used [0x00000000ecb00000,0x00000000ecd7dd08,0x00000000ecd80000)
  to   space 12800K, 0% used [0x00000000ef780000,0x00000000ef780000,0x00000000f0400000)
 ParOldGen       total 44032K, used 30314K [0x00000000c0000000, 0x00000000c2b00000, 0x00000000eab00000)
  object space 44032K, 68% used [0x00000000c0000000,0x00000000c1d9aa18,0x00000000c2b00000)
 Metaspace       used 5655K, capacity 6608K, committed 6784K, reserved 1056768K
  class space    used 564K, capacity 584K, committed 640K, reserved 1048576K
}
Event: 5.149 GC heap before
{Heap before GC invocations=6 (full 0):
 PSYoungGen      total 35328K, used 35319K [0x00000000eab00000, 0x00000000f0400000, 0x0000000100000000)
  eden space 32768K, 100% used [0x00000000eab00000,0x00000000ecb00000,0x00000000ecb00000)
  from space 2560K, 99% used [0x00000000ecb00000,0x00000000ecd7dd08,0x00000000ecd80000)
  to   space 12800K, 0% used [0x00000000ef780000,0x00000000ef780000,0x00000000f0400000)
 ParOldGen       total 44032K, used 30314K [0x00000000c0000000, 0x00000000c2b00000, 0x00000000eab00000)
  object space 44032K, 68% used [0x00000000c0000000,0x00000000c1d9aa18,0x00000000c2b00000)
 Metaspace       used 5665K, capacity 6672K, committed 6784K, reserved 1056768K
  class space    used 565K, capacity 584K, committed 640K, reserved 1048576K
Event: 5.375 GC heap after
Heap after GC invocations=6 (full 0):
 PSYoungGen      total 77312K, used 7145K [0x00000000eab00000, 0x00000000f0300000, 0x0000000100000000)
  eden space 65536K, 0% used [0x00000000eab00000,0x00000000eab00000,0x00000000eeb00000)
  from space 11776K, 60% used [0x00000000ef780000,0x00000000efe7a4d0,0x00000000f0300000)
  to   space 12288K, 0% used [0x00000000eeb00000,0x00000000eeb00000,0x00000000ef700000)
 ParOldGen       total 44032K, used 30314K [0x00000000c0000000, 0x00000000c2b00000, 0x00000000eab00000)
  object space 44032K, 68% used [0x00000000c0000000,0x00000000c1d9aa18,0x00000000c2b00000)
 Metaspace       used 5665K, capacity 6672K, committed 6784K, reserved 1056768K
  class space    used 565K, capacity 584K, committed 640K, reserved 1048576K
}
Event: 8.345 GC heap before
{Heap before GC invocations=7 (full 0):
 PSYoungGen      total 77312K, used 72681K [0x00000000eab00000, 0x00000000f0300000, 0x0000000100000000)
  eden space 65536K, 100% used [0x00000000eab00000,0x00000000eeb00000,0x00000000eeb00000)
  from space 11776K, 60% used [0x00000000ef780000,0x00000000efe7a4d0,0x00000000f0300000)
  to   space 12288K, 0% used [0x00000000eeb00000,0x00000000eeb00000,0x00000000ef700000)
 ParOldGen       total 44032K, used 30314K [0x00000000c0000000, 0x00000000c2b00000, 0x00000000eab00000)
  object space 44032K, 68% used [0x00000000c0000000,0x00000000c1d9aa18,0x00000000c2b00000)
 Metaspace       used 5847K, capacity 6800K, committed 7040K, reserved 1056768K
  class space    used 568K, capacity 584K, committed 640K, reserved 1048576K
Event: 8.524 GC heap after
Heap after GC invocations=7 (full 0):
 PSYoungGen      total 77824K, used 12279K [0x00000000eab00000, 0x00000000f4a00000, 0x0000000100000000)
  eden space 65536K, 0% used [0x00000000eab00000,0x00000000eab00000,0x00000000eeb00000)
  from space 12288K, 99% used [0x00000000eeb00000,0x00000000ef6fde78,0x00000000ef700000)
  to   space 15872K, 0% used [0x00000000f3a80000,0x00000000f3a80000,0x00000000f4a00000)
 ParOldGen       total 44032K, used 34410K [0x00000000c0000000, 0x00000000c2b00000, 0x00000000eab00000)
  object space 44032K, 78% used [0x00000000c0000000,0x00000000c219a8f8,0x00000000c2b00000)
 Metaspace       used 5847K, capacity 6800K, committed 7040K, reserved 1056768K
  class space    used 568K, capacity 584K, committed 640K, reserved 1048576K
}

Deoptimization events (10 events):
Event: 10.272 Thread 0x0000000057f75000 Uncommon trap: reason=class_check action=maybe_recompile pc=0x0000000002fdb39c method=com.android.dx.cf.code.RopperMachine.run(Lcom/android/dx/cf/code/Frame;II)V @ 988
Event: 10.553 Thread 0x0000000057f75000 Uncommon trap: reason=null_check action=make_not_entrant pc=0x0000000002e3c500 method=com.android.dx.rop.cst.CstString.equals(Ljava/lang/Object;)Z @ 1
Event: 12.191 Thread 0x0000000056c73800 Uncommon trap: reason=class_check action=maybe_recompile pc=0x0000000002fdb39c method=com.android.dx.cf.code.RopperMachine.run(Lcom/android/dx/cf/code/Frame;II)V @ 988
Event: 12.192 Thread 0x00000000573f4000 Uncommon trap: reason=bimorphic action=maybe_recompile pc=0x0000000002f11df0 method=com.android.dx.cf.code.BytecodeArray.parseInstruction(ILcom/android/dx/cf/code/BytecodeArray$Visitor;)I @ 2281
Event: 12.192 Thread 0x00000000573f4000 Uncommon trap: reason=bimorphic action=maybe_recompile pc=0x0000000002f11df0 method=com.android.dx.cf.code.BytecodeArray.parseInstruction(ILcom/android/dx/cf/code/BytecodeArray$Visitor;)I @ 2281
Event: 12.484 Thread 0x0000000056ba2000 Uncommon trap: reason=bimorphic action=maybe_recompile pc=0x000000000309a9a8 method=com.android.dx.cf.code.BytecodeArray.parseInstruction(ILcom/android/dx/cf/code/BytecodeArray$Visitor;)I @ 939
Event: 12.484 Thread 0x0000000056ba2000 Uncommon trap: reason=bimorphic action=maybe_recompile pc=0x000000000309ae84 method=com.android.dx.cf.code.BytecodeArray.parseInstruction(ILcom/android/dx/cf/code/BytecodeArray$Visitor;)I @ 1224
Event: 12.484 Thread 0x0000000056ba2000 Uncommon trap: reason=bimorphic action=maybe_recompile pc=0x000000000309a928 method=com.android.dx.cf.code.BytecodeArray.parseInstruction(ILcom/android/dx/cf/code/BytecodeArray$Visitor;)I @ 923
Event: 12.484 Thread 0x0000000056ba2000 Uncommon trap: reason=bimorphic action=maybe_recompile pc=0x000000000309ae84 method=com.android.dx.cf.code.BytecodeArray.parseInstruction(ILcom/android/dx/cf/code/BytecodeArray$Visitor;)I @ 1224
Event: 12.484 Thread 0x0000000056ba2000 Uncommon trap: reason=unreached action=reinterpret pc=0x0000000002fda7bc method=com.android.dx.cf.code.RopperMachine.run(Lcom/android/dx/cf/code/Frame;II)V @ 1500

Internal exceptions (10 events):
Event: 2.223 Thread 0x0000000056ba2000 Exception <a 'java/security/PrivilegedActionException'> (0x00000000eb6b5288) thrown at [C:\workspace\8-2-build-windows-amd64-cygwin\jdk8u31\2394\hotspot\src\share\vm\prims\jvm.cpp, line 1312]
Event: 2.259 Thread 0x0000000056ba2000 Exception <a 'java/security/PrivilegedActionException'> (0x00000000eb767458) thrown at [C:\workspace\8-2-build-windows-amd64-cygwin\jdk8u31\2394\hotspot\src\share\vm\prims\jvm.cpp, line 1312]
Event: 2.351 Thread 0x00000000020ee000 Exception <a 'java/security/PrivilegedActionException'> (0x00000000eb7ad4a8) thrown at [C:\workspace\8-2-build-windows-amd64-cygwin\jdk8u31\2394\hotspot\src\share\vm\prims\jvm.cpp, line 1312]
Event: 2.527 Thread 0x0000000056c73800 Exception <a 'java/security/PrivilegedActionException'> (0x00000000eb0fd528) thrown at [C:\workspace\8-2-build-windows-amd64-cygwin\jdk8u31\2394\hotspot\src\share\vm\prims\jvm.cpp, line 1312]
Event: 5.144 Thread 0x0000000056ba2000 Exception <a 'java/security/PrivilegedActionException'> (0x00000000eca39a78) thrown at [C:\workspace\8-2-build-windows-amd64-cygwin\jdk8u31\2394\hotspot\src\share\vm\prims\jvm.cpp, line 1312]
Event: 6.923 Thread 0x0000000056c73800 Exception <a 'java/security/PrivilegedActionException'> (0x00000000ebaaa198) thrown at [C:\workspace\8-2-build-windows-amd64-cygwin\jdk8u31\2394\hotspot\src\share\vm\prims\jvm.cpp, line 1312]
Event: 6.930 Thread 0x0000000056c73800 Exception <a 'java/security/PrivilegedActionException'> (0x00000000ecfd5280) thrown at [C:\workspace\8-2-build-windows-amd64-cygwin\jdk8u31\2394\hotspot\src\share\vm\prims\jvm.cpp, line 1312]
Event: 7.852 Thread 0x0000000056c73800 Implicit null exception at 0x0000000002b91d4a to 0x0000000002b91e3f
Event: 7.852 Thread 0x0000000056c73800 Implicit null exception at 0x0000000002efb73f to 0x0000000002efb921
Event: 10.553 Thread 0x0000000057f75000 Implicit null exception at 0x0000000002e3c3fc to 0x0000000002e3c4f2

Events (10 events):
Event: 12.484 Thread 0x0000000056ba2000 DEOPT UNPACKING pc=0x000000000288556a sp=0x00000000579feb08 mode 2
Event: 12.484 Thread 0x0000000056ba2000 Uncommon trap: trap_request=0xffffffc6 fr.pc=0x000000000309a928
Event: 12.484 Thread 0x0000000056ba2000 DEOPT PACKING pc=0x000000000309a928 sp=0x00000000579feb60
Event: 12.484 Thread 0x0000000056ba2000 DEOPT UNPACKING pc=0x000000000288556a sp=0x00000000579feb08 mode 2
Event: 12.484 Thread 0x0000000056ba2000 Uncommon trap: trap_request=0xffffffc6 fr.pc=0x000000000309ae84
Event: 12.484 Thread 0x0000000056ba2000 DEOPT PACKING pc=0x000000000309ae84 sp=0x00000000579feb60
Event: 12.484 Thread 0x0000000056ba2000 DEOPT UNPACKING pc=0x000000000288556a sp=0x00000000579feb08 mode 2
Event: 12.484 Thread 0x0000000056ba2000 Uncommon trap: trap_request=0xffffffad fr.pc=0x0000000002fda7bc
Event: 12.484 Thread 0x0000000056ba2000 DEOPT PACKING pc=0x0000000002fda7bc sp=0x00000000579fe890
Event: 12.484 Thread 0x0000000056ba2000 DEOPT UNPACKING pc=0x000000000288556a sp=0x00000000579fe848 mode 2


Dynamic libraries:
0x000000013f8a0000 - 0x000000013f8d4000 	C:\Program Files\Java\jdk1.8.0_31\bin\java.exe
0x0000000077040000 - 0x00000000771eb000 	C:\Windows\SYSTEM32\ntdll.dll
0x0000000076e20000 - 0x0000000076f3f000 	C:\Windows\system32\kernel32.dll
0x000007fefd300000 - 0x000007fefd36b000 	C:\Windows\system32\KERNELBASE.dll
0x000007fefed30000 - 0x000007fefee0b000 	C:\Windows\system32\ADVAPI32.dll
0x000007feff070000 - 0x000007feff10f000 	C:\Windows\system32\msvcrt.dll
0x000007fefea90000 - 0x000007fefeaaf000 	C:\Windows\SYSTEM32\sechost.dll
0x000007fefe4c0000 - 0x000007fefe5ee000 	C:\Windows\system32\RPCRT4.dll
0x0000000076f40000 - 0x000000007703a000 	C:\Windows\system32\USER32.dll
0x000007feff110000 - 0x000007feff177000 	C:\Windows\system32\GDI32.dll
0x000007fefec30000 - 0x000007fefec3e000 	C:\Windows\system32\LPK.dll
0x000007fefe8e0000 - 0x000007fefe9aa000 	C:\Windows\system32\USP10.dll
0x000007fefbc20000 - 0x000007fefbe14000 	C:\Windows\WinSxS\amd64_microsoft.windows.common-controls_6595b64144ccf1df_6.0.7600.16385_none_fa645303170382f6\COMCTL32.dll
0x000007feff1a0000 - 0x000007feff211000 	C:\Windows\system32\SHLWAPI.dll
0x000007fefe640000 - 0x000007fefe66e000 	C:\Windows\system32\IMM32.DLL
0x000007fefe1a0000 - 0x000007fefe2a9000 	C:\Windows\system32\MSCTF.dll
0x000000006c690000 - 0x000000006c762000 	C:\Program Files\Java\jdk1.8.0_31\jre\bin\msvcr100.dll
0x000000006bdf0000 - 0x000000006c64a000 	C:\Program Files\Java\jdk1.8.0_31\jre\bin\server\jvm.dll
0x000007fef91e0000 - 0x000007fef91e9000 	C:\Windows\system32\WSOCK32.dll
0x000007fefe5f0000 - 0x000007fefe63d000 	C:\Windows\system32\WS2_32.dll
0x000007fefe670000 - 0x000007fefe678000 	C:\Windows\system32\NSI.dll
0x000007fefae00000 - 0x000007fefae3b000 	C:\Windows\system32\WINMM.dll
0x0000000077210000 - 0x0000000077217000 	C:\Windows\system32\PSAPI.DLL
0x0000000074210000 - 0x000000007421f000 	C:\Program Files\Java\jdk1.8.0_31\jre\bin\verify.dll
0x00000000741e0000 - 0x0000000074208000 	C:\Program Files\Java\jdk1.8.0_31\jre\bin\java.dll
0x00000000741c0000 - 0x00000000741d6000 	C:\Program Files\Java\jdk1.8.0_31\jre\bin\zip.dll
0x000007fefd370000 - 0x000007fefe0f6000 	C:\Windows\system32\SHELL32.dll
0x000007fefe2b0000 - 0x000007fefe4b1000 	C:\Windows\system32\ole32.dll
0x000007fefcfa0000 - 0x000007fefcfaf000 	C:\Windows\system32\profapi.dll
0x000007fef62b0000 - 0x000007fef63d5000 	C:\Windows\system32\dbghelp.dll

VM Arguments:
jvm_args: -Djava.awt.headless=true -Xmx1024M -Dfile.encoding=windows-1252 -Duser.country=US -Duser.language=en -Duser.variant 
java_command: com.android.dx.command.Main --dex --force-jumbo --num-threads=4 --multi-dex --output C:\Users\Eagle\AndroidStudioProjects\ArPoint\app\build\intermediates\transforms\dex\debug\folders\1000\10\com.paypal.sdk-paypal-android-sdk-2.14.4_a44b2068ec2a7e189e9a92bead92dab89e47a9cc C:\Users\Eagle\AndroidStudioProjects\ArPoint\app\build\intermediates\exploded-aar\com.paypal.sdk\paypal-android-sdk\2.14.4\jars\classes.jar
java_class_path (initial): C:\Users\Eagle\AppData\Local\Android\sdk\build-tools\23.0.2\lib\dx.jar
Launcher Type: SUN_STANDARD

Environment Variables:
PATH=C:\ProgramData\Oracle\Java\javapath;C:\Program Files\Java\jdk1.8.0_31\bin\java.exe;C:\Program Files (x86)\Skype\Phone\
USERNAME=Eagle
OS=Windows_NT
PROCESSOR_IDENTIFIER=Intel64 Family 6 Model 42 Stepping 7, GenuineIntel



---------------  S Y S T E M  ---------------

OS: Windows 7 , 64 bit Build 7600 

CPU:total 4 (2 cores per cpu, 2 threads per core) family 6 model 42 stepping 7, cmov, cx8, fxsr, mmx, sse, sse2, sse3, ssse3, sse4.1, sse4.2, popcnt, clmul, ht, tsc, tscinvbit

Memory: 4k page, physical 4088768k(309696k free), swap 5984040k(5296k free)

vm_info: Java HotSpot(TM) 64-Bit Server VM (25.31-b07) for windows-amd64 JRE (1.8.0_31-b13), built on Dec 17 2014 21:00:28 by "java_re" with MS VC++ 10.0 (VS2010)

time: Tue Jul 26 00:18:03 2016
elapsed time: 12 seconds (0d 0h 0m 12s)

