#
# There is insufficient memory for the Java Runtime Environment to continue.
# Native memory allocation (malloc) failed to allocate 48256 bytes for Chunk::new
# Possible reasons:
#   The system is out of physical RAM or swap space
#   In 32 bit mode, the process size limit was hit
# Possible solutions:
#   Reduce memory load on the system
#   Increase physical memory or swap space
#   Check if swap backing store is full
#   Use 64 bit Java on a 64 bit OS
#   Decrease Java heap size (-Xmx/-Xms)
#   Decrease number of Java threads
#   Decrease Java thread stack sizes (-Xss)
#   Set larger code cache with -XX:ReservedCodeCacheSize=
# This output file may be truncated or incomplete.
#
#  Out of Memory Error (allocation.cpp:390), pid=3480, tid=5100
#
# JRE version: Java(TM) SE Runtime Environment (8.0_31-b13) (build 1.8.0_31-b13)
# Java VM: Java HotSpot(TM) 64-Bit Server VM (25.31-b07 mixed mode windows-amd64 compressed oops)
# Failed to write core dump. Minidumps are not enabled by default on client versions of Windows
#

---------------  T H R E A D  ---------------

Current thread (0x0000000055075000):  JavaThread "C2 CompilerThread0" daemon [_thread_in_native, id=5100, stack(0x0000000056410000,0x0000000056510000)]

Stack: [0x0000000056410000,0x0000000056510000]
Native frames: (J=compiled Java code, j=interpreted, Vv=VM code, C=native code)
V  [jvm.dll+0x3169ba]
V  [jvm.dll+0x2674c3]
V  [jvm.dll+0x268103]
V  [jvm.dll+0x25f8f5]
V  [jvm.dll+0xbf025]
V  [jvm.dll+0xbf4cc]
V  [jvm.dll+0x45df82]
V  [jvm.dll+0x49f21f]
V  [jvm.dll+0x452daf]
V  [jvm.dll+0x454124]
V  [jvm.dll+0x437c62]
V  [jvm.dll+0x988e2]
V  [jvm.dll+0x990d3]
V  [jvm.dll+0x22c194]
V  [jvm.dll+0x28576a]
C  [msvcr100.dll+0x21d9f]
C  [msvcr100.dll+0x21e3b]
C  [kernel32.dll+0x1f56d]
C  [ntdll.dll+0x33281]


Current CompileTask:
C2:  55408 2225       4       com.android.dx.cf.iface.StdAttributeList::findNext (85 bytes)


---------------  P R O C E S S  ---------------

Java Threads: ( => current thread )
  0x0000000056d34800 JavaThread "pool-2-thread-4" [_thread_blocked, id=7144, stack(0x0000000058220000,0x0000000058320000)]
  0x0000000056d4c000 JavaThread "pool-2-thread-3" [_thread_blocked, id=7100, stack(0x00000000580c0000,0x00000000581c0000)]
  0x0000000056d50800 JavaThread "pool-2-thread-2" [_thread_blocked, id=7004, stack(0x0000000057e80000,0x0000000057f80000)]
  0x0000000056c2e000 JavaThread "pool-3-thread-1" [_thread_in_vm, id=4876, stack(0x0000000057c20000,0x0000000057d20000)]
  0x0000000056c30000 JavaThread "pool-2-thread-1" [_thread_blocked, id=7092, stack(0x0000000057170000,0x0000000057270000)]
  0x0000000056a29000 JavaThread "Service Thread" daemon [_thread_blocked, id=6984, stack(0x0000000056ec0000,0x0000000056fc0000)]
  0x000000005507d800 JavaThread "C1 CompilerThread2" daemon [_thread_in_vm, id=6156, stack(0x0000000057020000,0x0000000057120000)]
  0x000000005507c800 JavaThread "C2 CompilerThread1" daemon [_thread_in_native, id=3288, stack(0x0000000056da0000,0x0000000056ea0000)]
=>0x0000000055075000 JavaThread "C2 CompilerThread0" daemon [_thread_in_native, id=5100, stack(0x0000000056410000,0x0000000056510000)]
  0x0000000055071800 JavaThread "Attach Listener" daemon [_thread_blocked, id=7148, stack(0x00000000568a0000,0x00000000569a0000)]
  0x0000000055070000 JavaThread "Signal Dispatcher" daemon [_thread_blocked, id=6888, stack(0x0000000056720000,0x0000000056820000)]
  0x0000000055014800 JavaThread "Finalizer" daemon [_thread_blocked, id=5748, stack(0x0000000056590000,0x0000000056690000)]
  0x000000005500b800 JavaThread "Reference Handler" daemon [_thread_blocked, id=7068, stack(0x00000000562d0000,0x00000000563d0000)]
  0x00000000021fe000 JavaThread "main" [_thread_blocked, id=6548, stack(0x0000000002510000,0x0000000002610000)]

Other Threads:
  0x0000000055008000 VMThread [stack: 0x0000000056160000,0x0000000056260000] [id=6916]
  0x0000000056a2a000 WatcherThread [stack: 0x00000000572c0000,0x00000000573c0000] [id=4964]

VM state:synchronizing (normal execution)

VM Mutex/Monitor currently owned by a thread:  ([mutex/lock_event])
[0x00000000021fb4e0] CodeCache_lock - owner thread: 0x000000005507d800
[0x00000000021fc190] Threads_lock - owner thread: 0x0000000055008000
[0x00000000021fc690] Heap_lock - owner thread: 0x0000000056d4c000
[0x00000000021fcb90] Compile_lock - owner thread: 0x000000005507d800
[0x00000000021fcc90] MethodCompileQueue_lock - owner thread: 0x000000005507d800

Heap:
 PSYoungGen      total 138752K, used 138737K [0x00000000eab00000, 0x00000000f5100000, 0x0000000100000000)
  eden space 122880K, 100% used [0x00000000eab00000,0x00000000f2300000,0x00000000f2300000)
  from space 15872K, 99% used [0x00000000f3780000,0x00000000f46fc6c0,0x00000000f4700000)
  to   space 20992K, 0% used [0x00000000f2300000,0x00000000f2300000,0x00000000f3780000)
 ParOldGen       total 44032K, used 24286K [0x00000000c0000000, 0x00000000c2b00000, 0x00000000eab00000)
  object space 44032K, 55% used [0x00000000c0000000,0x00000000c17b78b0,0x00000000c2b00000)
 Metaspace       used 6455K, capacity 7256K, committed 7424K, reserved 1056768K
  class space    used 613K, capacity 656K, committed 768K, reserved 1048576K

Card table byte_map: [0x0000000011ca0000,0x0000000011eb0000] byte_map_base: 0x00000000116a0000

Marking Bits: (ParMarkBitMap*) 0x000000006c5cd4f0
 Begin Bits: [0x0000000012480000, 0x0000000013480000)
 End Bits:   [0x0000000013480000, 0x0000000014480000)

Polling page: 0x0000000000130000

CodeCache: size=245760Kb used=9031Kb max_used=10687Kb free=236728Kb
 bounds [0x00000000028e0000, 0x0000000003360000, 0x00000000118e0000]
 total_blobs=2163 nmethods=1898 adapters=178
 compilation: enabled

Compilation events (10 events):
Event: 45.006 Thread 0x0000000055075000 2220       4       com.android.dx.cf.attrib.BaseLocalVariables::byteLength (14 bytes)
Event: 45.007 Thread 0x0000000055075000 nmethod 2220 0x0000000003172b10 code [0x0000000003172c40, 0x0000000003172cb8]
Event: 45.039 Thread 0x000000005507c800 2221       4       com.android.dx.cf.direct.StdAttributeFactory::parse0 (532 bytes)
Event: 45.155 Thread 0x000000005507c800 nmethod 2221 0x0000000002c7fad0 code [0x0000000002c7ffe0, 0x0000000002c82e48]
Event: 45.172 Thread 0x000000005507d800 2222       3       com.android.dx.cf.attrib.AttInnerClasses::byteLength (14 bytes)
Event: 45.173 Thread 0x000000005507d800 nmethod 2222 0x0000000002b2f090 code [0x0000000002b2f200, 0x0000000002b2f450]
Event: 45.438 Thread 0x0000000055075000 2223       4       com.android.dx.rop.code.Rops::opMoveParam (69 bytes)
Event: 45.440 Thread 0x0000000055075000 nmethod 2223 0x0000000002a0c350 code [0x0000000002a0c4a0, 0x0000000002a0c5c8]
Event: 46.150 Thread 0x000000005507c800 2224       4       com.android.dx.dex.code.RopTranslator$LocalVariableAwareTranslationVisitor::visitPlainCstInsn (11 bytes)
Event: 46.153 Thread 0x0000000055075000 2225       4       com.android.dx.cf.iface.StdAttributeList::findNext (85 bytes)

GC Heap History (10 events):
Event: 26.835 GC heap before
{Heap before GC invocations=4 (full 0):
 PSYoungGen      total 18944K, used 18939K [0x00000000eab00000, 0x00000000ed000000, 0x0000000100000000)
  eden space 16384K, 100% used [0x00000000eab00000,0x00000000ebb00000,0x00000000ebb00000)
  from space 2560K, 99% used [0x00000000ebb00000,0x00000000ebd7ec40,0x00000000ebd80000)
  to   space 2560K, 0% used [0x00000000ecd80000,0x00000000ecd80000,0x00000000ed000000)
 ParOldGen       total 44032K, used 4118K [0x00000000c0000000, 0x00000000c2b00000, 0x00000000eab00000)
  object space 44032K, 9% used [0x00000000c0000000,0x00000000c0405a90,0x00000000c2b00000)
 Metaspace       used 6113K, capacity 7024K, committed 7296K, reserved 1056768K
  class space    used 591K, capacity 616K, committed 640K, reserved 1048576K
Event: 27.006 GC heap after
Heap after GC invocations=4 (full 0):
 PSYoungGen      total 35328K, used 2528K [0x00000000eab00000, 0x00000000ed000000, 0x0000000100000000)
  eden space 32768K, 0% used [0x00000000eab00000,0x00000000eab00000,0x00000000ecb00000)
  from space 2560K, 98% used [0x00000000ecd80000,0x00000000ecff81c0,0x00000000ed000000)
  to   space 2560K, 0% used [0x00000000ecb00000,0x00000000ecb00000,0x00000000ecd80000)
 ParOldGen       total 44032K, used 6730K [0x00000000c0000000, 0x00000000c2b00000, 0x00000000eab00000)
  object space 44032K, 15% used [0x00000000c0000000,0x00000000c06928c8,0x00000000c2b00000)
 Metaspace       used 6113K, capacity 7024K, committed 7296K, reserved 1056768K
  class space    used 591K, capacity 616K, committed 640K, reserved 1048576K
}
Event: 29.254 GC heap before
{Heap before GC invocations=5 (full 0):
 PSYoungGen      total 35328K, used 35296K [0x00000000eab00000, 0x00000000ed000000, 0x0000000100000000)
  eden space 32768K, 100% used [0x00000000eab00000,0x00000000ecb00000,0x00000000ecb00000)
  from space 2560K, 98% used [0x00000000ecd80000,0x00000000ecff81c0,0x00000000ed000000)
  to   space 2560K, 0% used [0x00000000ecb00000,0x00000000ecb00000,0x00000000ecd80000)
 ParOldGen       total 44032K, used 6730K [0x00000000c0000000, 0x00000000c2b00000, 0x00000000eab00000)
  object space 44032K, 15% used [0x00000000c0000000,0x00000000c06928c8,0x00000000c2b00000)
 Metaspace       used 6166K, capacity 7088K, committed 7296K, reserved 1056768K
  class space    used 591K, capacity 616K, committed 640K, reserved 1048576K
Event: 29.277 GC heap after
Heap after GC invocations=5 (full 0):
 PSYoungGen      total 35328K, used 2546K [0x00000000eab00000, 0x00000000efc00000, 0x0000000100000000)
  eden space 32768K, 0% used [0x00000000eab00000,0x00000000eab00000,0x00000000ecb00000)
  from space 2560K, 99% used [0x00000000ecb00000,0x00000000ecd7c860,0x00000000ecd80000)
  to   space 8704K, 0% used [0x00000000ef380000,0x00000000ef380000,0x00000000efc00000)
 ParOldGen       total 44032K, used 11143K [0x00000000c0000000, 0x00000000c2b00000, 0x00000000eab00000)
  object space 44032K, 25% used [0x00000000c0000000,0x00000000c0ae1f40,0x00000000c2b00000)
 Metaspace       used 6166K, capacity 7088K, committed 7296K, reserved 1056768K
  class space    used 591K, capacity 616K, committed 640K, reserved 1048576K
}
Event: 30.711 GC heap before
{Heap before GC invocations=6 (full 0):
 PSYoungGen      total 35328K, used 35314K [0x00000000eab00000, 0x00000000efc00000, 0x0000000100000000)
  eden space 32768K, 100% used [0x00000000eab00000,0x00000000ecb00000,0x00000000ecb00000)
  from space 2560K, 99% used [0x00000000ecb00000,0x00000000ecd7c860,0x00000000ecd80000)
  to   space 8704K, 0% used [0x00000000ef380000,0x00000000ef380000,0x00000000efc00000)
 ParOldGen       total 44032K, used 11143K [0x00000000c0000000, 0x00000000c2b00000, 0x00000000eab00000)
  object space 44032K, 25% used [0x00000000c0000000,0x00000000c0ae1f40,0x00000000c2b00000)
 Metaspace       used 6224K, capacity 7152K, committed 7296K, reserved 1056768K
  class space    used 592K, capacity 616K, committed 640K, reserved 1048576K
Event: 30.728 GC heap after
Heap after GC invocations=6 (full 0):
 PSYoungGen      total 72704K, used 8125K [0x00000000eab00000, 0x00000000eff00000, 0x0000000100000000)
  eden space 64000K, 0% used [0x00000000eab00000,0x00000000eab00000,0x00000000ee980000)
  from space 8704K, 93% used [0x00000000ef380000,0x00000000efb6f4a0,0x00000000efc00000)
  to   space 10240K, 0% used [0x00000000ee980000,0x00000000ee980000,0x00000000ef380000)
 ParOldGen       total 44032K, used 11151K [0x00000000c0000000, 0x00000000c2b00000, 0x00000000eab00000)
  object space 44032K, 25% used [0x00000000c0000000,0x00000000c0ae3f40,0x00000000c2b00000)
 Metaspace       used 6224K, capacity 7152K, committed 7296K, reserved 1056768K
  class space    used 592K, capacity 616K, committed 640K, reserved 1048576K
}
Event: 39.056 GC heap before
{Heap before GC invocations=7 (full 0):
 PSYoungGen      total 72704K, used 72125K [0x00000000eab00000, 0x00000000eff00000, 0x0000000100000000)
  eden space 64000K, 100% used [0x00000000eab00000,0x00000000ee980000,0x00000000ee980000)
  from space 8704K, 93% used [0x00000000ef380000,0x00000000efb6f4a0,0x00000000efc00000)
  to   space 10240K, 0% used [0x00000000ee980000,0x00000000ee980000,0x00000000ef380000)
 ParOldGen       total 44032K, used 11151K [0x00000000c0000000, 0x00000000c2b00000, 0x00000000eab00000)
  object space 44032K, 25% used [0x00000000c0000000,0x00000000c0ae3f40,0x00000000c2b00000)
 Metaspace       used 6325K, capacity 7216K, committed 7296K, reserved 1056768K
  class space    used 593K, capacity 616K, committed 640K, reserved 1048576K
Event: 39.099 GC heap after
Heap after GC invocations=7 (full 0):
 PSYoungGen      total 74240K, used 10218K [0x00000000eab00000, 0x00000000f4700000, 0x0000000100000000)
  eden space 64000K, 0% used [0x00000000eab00000,0x00000000eab00000,0x00000000ee980000)
  from space 10240K, 99% used [0x00000000ee980000,0x00000000ef37aa70,0x00000000ef380000)
  to   space 15872K, 0% used [0x00000000f3780000,0x00000000f3780000,0x00000000f4700000)
 ParOldGen       total 44032K, used 19153K [0x00000000c0000000, 0x00000000c2b00000, 0x00000000eab00000)
  object space 44032K, 43% used [0x00000000c0000000,0x00000000c12b44a8,0x00000000c2b00000)
 Metaspace       used 6325K, capacity 7216K, committed 7296K, reserved 1056768K
  class space    used 593K, capacity 616K, committed 640K, reserved 1048576K
}
Event: 44.197 GC heap before
{Heap before GC invocations=8 (full 0):
 PSYoungGen      total 74240K, used 74218K [0x00000000eab00000, 0x00000000f4700000, 0x0000000100000000)
  eden space 64000K, 100% used [0x00000000eab00000,0x00000000ee980000,0x00000000ee980000)
  from space 10240K, 99% used [0x00000000ee980000,0x00000000ef37aa70,0x00000000ef380000)
  to   space 15872K, 0% used [0x00000000f3780000,0x00000000f3780000,0x00000000f4700000)
 ParOldGen       total 44032K, used 19153K [0x00000000c0000000, 0x00000000c2b00000, 0x00000000eab00000)
  object space 44032K, 43% used [0x00000000c0000000,0x00000000c12b44a8,0x00000000c2b00000)
 Metaspace       used 6349K, capacity 7216K, committed 7296K, reserved 1056768K
  class space    used 593K, capacity 616K, committed 640K, reserved 1048576K
Event: 44.270 GC heap after
Heap after GC invocations=8 (full 0):
 PSYoungGen      total 138752K, used 15857K [0x00000000eab00000, 0x00000000f5100000, 0x0000000100000000)
  eden space 122880K, 0% used [0x00000000eab00000,0x00000000eab00000,0x00000000f2300000)
  from space 15872K, 99% used [0x00000000f3780000,0x00000000f46fc6c0,0x00000000f4700000)
  to   space 20992K, 0% used [0x00000000f2300000,0x00000000f2300000,0x00000000f3780000)
 ParOldGen       total 44032K, used 24286K [0x00000000c0000000, 0x00000000c2b00000, 0x00000000eab00000)
  object space 44032K, 55% used [0x00000000c0000000,0x00000000c17b78b0,0x00000000c2b00000)
 Metaspace       used 6349K, capacity 7216K, committed 7296K, reserved 1056768K
  class space    used 593K, capacity 616K, committed 640K, reserved 1048576K
}

Deoptimization events (10 events):
Event: 36.012 Thread 0x0000000056d34800 Uncommon trap: reason=class_check action=maybe_recompile pc=0x000000000314ff04 method=com.android.dx.cf.code.BytecodeArray.parseInstruction(ILcom/android/dx/cf/code/BytecodeArray$Visitor;)I @ 1807
Event: 36.013 Thread 0x0000000056d34800 Uncommon trap: reason=bimorphic action=maybe_recompile pc=0x0000000002f09734 method=com.android.dx.ssa.SCCP.setLatticeValueTo(IILcom/android/dx/rop/cst/Constant;)Z @ 43
Event: 36.013 Thread 0x0000000056d34800 Uncommon trap: reason=bimorphic action=maybe_recompile pc=0x0000000002f09714 method=com.android.dx.ssa.SCCP.simulatePhi(Lcom/android/dx/ssa/PhiInsn;)V @ 124
Event: 36.014 Thread 0x0000000056d34800 Uncommon trap: reason=bimorphic action=maybe_recompile pc=0x0000000002f09714 method=com.android.dx.ssa.SCCP.simulatePhi(Lcom/android/dx/ssa/PhiInsn;)V @ 124
Event: 36.014 Thread 0x0000000056d34800 Uncommon trap: reason=bimorphic action=maybe_recompile pc=0x0000000002f09734 method=com.android.dx.ssa.SCCP.setLatticeValueTo(IILcom/android/dx/rop/cst/Constant;)Z @ 43
Event: 36.014 Thread 0x0000000056d34800 Uncommon trap: reason=bimorphic action=maybe_recompile pc=0x0000000002d6da40 method=com.android.dx.ssa.SCCP.setLatticeValueTo(IILcom/android/dx/rop/cst/Constant;)Z @ 43
Event: 36.014 Thread 0x0000000056d34800 Uncommon trap: reason=bimorphic action=maybe_recompile pc=0x0000000002f09734 method=com.android.dx.ssa.SCCP.setLatticeValueTo(IILcom/android/dx/rop/cst/Constant;)Z @ 43
Event: 36.014 Thread 0x0000000056d34800 Uncommon trap: reason=class_check action=maybe_recompile pc=0x0000000002d4922c method=java.util.HashMap.putVal(ILjava/lang/Object;Ljava/lang/Object;ZZ)Ljava/lang/Object; @ 203
Event: 39.611 Thread 0x0000000056d34800 Uncommon trap: reason=class_check action=maybe_recompile pc=0x000000000327a8c8 method=com.android.dx.ssa.SCCP.replaceConstants()V @ 127
Event: 40.020 Thread 0x0000000056d4c000 Uncommon trap: reason=unreached action=reinterpret pc=0x0000000002e1cbac method=com.android.dx.rop.code.LocalItem.compareHandlesNulls(Lcom/android/dx/rop/cst/CstString;Lcom/android/dx/rop/cst/CstString;)I @ 14

Internal exceptions (10 events):
Event: 20.094 Thread 0x00000000021fe000 Exception <a 'java/security/PrivilegedActionException'> (0x00000000eb51c098) thrown at [C:\workspace\8-2-build-windows-amd64-cygwin\jdk8u31\2394\hotspot\src\share\vm\prims\jvm.cpp, line 1312]
Event: 23.900 Thread 0x0000000056d50800 Exception <a 'java/security/PrivilegedActionException'> (0x00000000eb7b0078) thrown at [C:\workspace\8-2-build-windows-amd64-cygwin\jdk8u31\2394\hotspot\src\share\vm\prims\jvm.cpp, line 1312]
Event: 24.289 Thread 0x0000000056d50800 Implicit null exception at 0x0000000002b57e0d to 0x0000000002b5a13d
Event: 24.595 Thread 0x0000000056d34800 Implicit null exception at 0x0000000002c3af92 to 0x0000000002c3b091
Event: 25.440 Thread 0x0000000056d50800 Exception <a 'java/security/PrivilegedActionException'> (0x00000000eac40ae8) thrown at [C:\workspace\8-2-build-windows-amd64-cygwin\jdk8u31\2394\hotspot\src\share\vm\prims\jvm.cpp, line 1312]
Event: 29.944 Thread 0x00000000021fe000 Exception <a 'java/security/PrivilegedActionException'> (0x00000000eb14f400) thrown at [C:\workspace\8-2-build-windows-amd64-cygwin\jdk8u31\2394\hotspot\src\share\vm\prims\jvm.cpp, line 1312]
Event: 29.951 Thread 0x0000000056d4c000 Exception <a 'java/security/PrivilegedActionException'> (0x00000000eb40d638) thrown at [C:\workspace\8-2-build-windows-amd64-cygwin\jdk8u31\2394\hotspot\src\share\vm\prims\jvm.cpp, line 1312]
Event: 30.199 Thread 0x0000000056c30000 Exception <a 'java/security/PrivilegedActionException'> (0x00000000eb685300) thrown at [C:\workspace\8-2-build-windows-amd64-cygwin\jdk8u31\2394\hotspot\src\share\vm\prims\jvm.cpp, line 1312]
Event: 32.374 Thread 0x00000000021fe000 Exception <a 'java/security/PrivilegedActionException'> (0x00000000ec405918) thrown at [C:\workspace\8-2-build-windows-amd64-cygwin\jdk8u31\2394\hotspot\src\share\vm\prims\jvm.cpp, line 1312]
Event: 40.020 Thread 0x0000000056d4c000 Implicit null exception at 0x0000000002e1b458 to 0x0000000002e1cb89

Events (10 events):
Event: 45.156 Thread 0x000000005507c800 flushing nmethod 0x0000000002deeb50
Event: 45.156 Thread 0x000000005507c800 flushing nmethod 0x0000000002df02d0
Event: 45.156 Thread 0x000000005507c800 flushing nmethod 0x0000000002e23cd0
Event: 45.156 Thread 0x000000005507c800 flushing nmethod 0x0000000002e27150
Event: 45.156 Thread 0x000000005507c800 flushing nmethod 0x0000000002e47210
Event: 45.156 Thread 0x000000005507c800 flushing nmethod 0x0000000002e4c8d0
Event: 45.156 Thread 0x000000005507c800 flushing nmethod 0x0000000002e5d010
Event: 45.156 Thread 0x000000005507c800 flushing nmethod 0x0000000002e64910
Event: 45.173 Thread 0x000000005507d800 flushing nmethod 0x0000000002eaa550
Event: 45.441 Thread 0x0000000055075000 flushing nmethod 0x0000000002f9b050


Dynamic libraries:
0x000000013f8a0000 - 0x000000013f8d4000 	C:\Program Files\Java\jdk1.8.0_31\bin\java.exe
0x0000000077040000 - 0x00000000771eb000 	C:\Windows\SYSTEM32\ntdll.dll
0x0000000076e20000 - 0x0000000076f3f000 	C:\Windows\system32\kernel32.dll
0x000007fefd300000 - 0x000007fefd36b000 	C:\Windows\system32\KERNELBASE.dll
0x000007fefed30000 - 0x000007fefee0b000 	C:\Windows\system32\ADVAPI32.dll
0x000007feff070000 - 0x000007feff10f000 	C:\Windows\system32\msvcrt.dll
0x000007fefea90000 - 0x000007fefeaaf000 	C:\Windows\SYSTEM32\sechost.dll
0x000007fefe4c0000 - 0x000007fefe5ee000 	C:\Windows\system32\RPCRT4.dll
0x0000000076f40000 - 0x000000007703a000 	C:\Windows\system32\USER32.dll
0x000007feff110000 - 0x000007feff177000 	C:\Windows\system32\GDI32.dll
0x000007fefec30000 - 0x000007fefec3e000 	C:\Windows\system32\LPK.dll
0x000007fefe8e0000 - 0x000007fefe9aa000 	C:\Windows\system32\USP10.dll
0x000007fefbc20000 - 0x000007fefbe14000 	C:\Windows\WinSxS\amd64_microsoft.windows.common-controls_6595b64144ccf1df_6.0.7600.16385_none_fa645303170382f6\COMCTL32.dll
0x000007feff1a0000 - 0x000007feff211000 	C:\Windows\system32\SHLWAPI.dll
0x000007fefe640000 - 0x000007fefe66e000 	C:\Windows\system32\IMM32.DLL
0x000007fefe1a0000 - 0x000007fefe2a9000 	C:\Windows\system32\MSCTF.dll
0x000000006c690000 - 0x000000006c762000 	C:\Program Files\Java\jdk1.8.0_31\jre\bin\msvcr100.dll
0x000000006bdf0000 - 0x000000006c64a000 	C:\Program Files\Java\jdk1.8.0_31\jre\bin\server\jvm.dll
0x000007fef91e0000 - 0x000007fef91e9000 	C:\Windows\system32\WSOCK32.dll
0x000007fefe5f0000 - 0x000007fefe63d000 	C:\Windows\system32\WS2_32.dll
0x000007fefe670000 - 0x000007fefe678000 	C:\Windows\system32\NSI.dll
0x000007fefae00000 - 0x000007fefae3b000 	C:\Windows\system32\WINMM.dll
0x0000000077210000 - 0x0000000077217000 	C:\Windows\system32\PSAPI.DLL
0x0000000074210000 - 0x000000007421f000 	C:\Program Files\Java\jdk1.8.0_31\jre\bin\verify.dll
0x00000000741e0000 - 0x0000000074208000 	C:\Program Files\Java\jdk1.8.0_31\jre\bin\java.dll
0x00000000741c0000 - 0x00000000741d6000 	C:\Program Files\Java\jdk1.8.0_31\jre\bin\zip.dll
0x000007fefd370000 - 0x000007fefe0f6000 	C:\Windows\system32\SHELL32.dll
0x000007fefe2b0000 - 0x000007fefe4b1000 	C:\Windows\system32\ole32.dll
0x000007fefcfa0000 - 0x000007fefcfaf000 	C:\Windows\system32\profapi.dll
0x000007fef62b0000 - 0x000007fef63d5000 	C:\Windows\system32\dbghelp.dll

VM Arguments:
jvm_args: -Djava.awt.headless=true -Xmx1024M -Dfile.encoding=windows-1252 -Duser.country=US -Duser.language=en -Duser.variant 
java_command: com.android.dx.command.Main --dex --force-jumbo --num-threads=4 --multi-dex --output C:\Users\Eagle\AndroidStudioProjects\ArPoint\app\build\intermediates\transforms\dex\debug\folders\1000\10\com.android.support-support-v4-23.2.1_a84c83b17941a5e8cd9111c38da0622b6f8ca1c3 C:\Users\Eagle\AndroidStudioProjects\ArPoint\app\build\intermediates\exploded-aar\com.android.support\support-v4\23.2.1\jars\classes.jar
java_class_path (initial): C:\Users\Eagle\AppData\Local\Android\sdk\build-tools\23.0.2\lib\dx.jar
Launcher Type: SUN_STANDARD

Environment Variables:
PATH=C:\ProgramData\Oracle\Java\javapath;C:\Program Files\Java\jdk1.8.0_31\bin\java.exe;C:\Program Files (x86)\Skype\Phone\
USERNAME=Eagle
OS=Windows_NT
PROCESSOR_IDENTIFIER=Intel64 Family 6 Model 42 Stepping 7, GenuineIntel



---------------  S Y S T E M  ---------------

OS: Windows 7 , 64 bit Build 7600 

CPU:total 4 (2 cores per cpu, 2 threads per core) family 6 model 42 stepping 7, cmov, cx8, fxsr, mmx, sse, sse2, sse3, ssse3, sse4.1, sse4.2, popcnt, clmul, ht, tsc, tscinvbit

Memory: 4k page, physical 4088768k(407624k free), swap 5984040k(248872k free)

vm_info: Java HotSpot(TM) 64-Bit Server VM (25.31-b07) for windows-amd64 JRE (1.8.0_31-b13), built on Dec 17 2014 21:00:28 by "java_re" with MS VC++ 10.0 (VS2010)

time: Tue Jul 26 00:17:53 2016
elapsed time: 55 seconds (0d 0h 0m 55s)

